<?xml version="1.0" encoding="utf-8"?>
<TestRun id="fcb401b0-2e25-4841-89db-a46066dd4c7b" name="fdjy1@TEDMIBOOK 2026-02-12 21:40:37" runUser="TEDMIBOOK\fdjy1" xmlns="http://microsoft.com/schemas/VisualStudio/TeamTest/2010">
  <Times creation="2026-02-12T21:40:37.6840187+08:00" queuing="2026-02-12T21:40:37.6840189+08:00" start="2026-02-12T21:40:36.3981086+08:00" finish="2026-02-12T21:40:37.7703151+08:00" />
  <TestSettings name="default" id="b5ba27c9-dc28-4342-b062-c49694b9b31f">
    <Deployment runDeploymentRoot="fdjy1_TEDMIBOOK_2026-02-12_21_40_37" />
  </TestSettings>
  <Results>
    <UnitTestResult executionId="e9e433b2-c58c-46bc-a6f3-5267fd6f0afe" testId="30ce38e5-ce06-d698-7c0a-4e7ab05b40ef" testName="MilkApiManager.Tests.Controllers.RouteControllerTests.CreateRoute_ReturnsBadRequest_WhenIdIsEmpty" computerName="TEDMIBOOK" duration="00:00:00.0028793" startTime="2026-02-12T21:40:37.6319497+08:00" endTime="2026-02-12T21:40:37.6445853+08:00" testType="13cdc9d9-ddb5-4fa4-a97d-d965ccfc6d4b" outcome="Passed" testListId="8c84fa94-04c1-424b-9868-57a2d4851a1d" relativeResultsDirectory="e9e433b2-c58c-46bc-a6f3-5267fd6f0afe" />
    <UnitTestResult executionId="50aa1b47-1739-4fbb-a68e-632a5a8eb426" testId="62bf4e7c-dc89-86ff-36a8-3bbd0d2dba09" testName="MilkApiManager.Tests.Services.VaultServiceTests.RotateApiKeyAsync_CreatesPluginsDict_WhenNull" computerName="TEDMIBOOK" duration="00:00:00.0015592" startTime="2026-02-12T21:40:37.6592425+08:00" endTime="2026-02-12T21:40:37.6602495+08:00" testType="13cdc9d9-ddb5-4fa4-a97d-d965ccfc6d4b" outcome="Passed" testListId="8c84fa94-04c1-424b-9868-57a2d4851a1d" relativeResultsDirectory="50aa1b47-1739-4fbb-a68e-632a5a8eb426" />
    <UnitTestResult executionId="1cb43d8b-77fa-4f0f-bd8a-82d89ccaf1db" testId="b52887da-c212-133f-6b25-e2337fd93988" testName="MilkApiManager.Tests.Controllers.AnalyticsControllerTests.GetLatency_ValidatesLabels(consumer: &quot;consumer\&quot;}&quot;, shouldSucceed: False)" computerName="TEDMIBOOK" duration="00:00:00.0030207" startTime="2026-02-12T21:40:37.6556652+08:00" endTime="2026-02-12T21:40:37.6569203+08:00" testType="13cdc9d9-ddb5-4fa4-a97d-d965ccfc6d4b" outcome="Passed" testListId="8c84fa94-04c1-424b-9868-57a2d4851a1d" relativeResultsDirectory="1cb43d8b-77fa-4f0f-bd8a-82d89ccaf1db" />
    <UnitTestResult executionId="a03c4db1-b83f-470a-8ba3-9a1c1f660409" testId="a1e6b656-1b61-0f12-4413-cdce1888bee8" testName="MilkApiManager.Tests.Controllers.AnalyticsControllerTests.GetRequests_ValidatesLabels(consumer: &quot;valid-consumer&quot;, route: &quot;valid-route&quot;, shouldSucceed: True)" computerName="TEDMIBOOK" duration="00:00:00.1304996" startTime="2026-02-12T21:40:37.4639266+08:00" endTime="2026-02-12T21:40:37.6403445+08:00" testType="13cdc9d9-ddb5-4fa4-a97d-d965ccfc6d4b" outcome="Passed" testListId="8c84fa94-04c1-424b-9868-57a2d4851a1d" relativeResultsDirectory="a03c4db1-b83f-470a-8ba3-9a1c1f660409" />
    <UnitTestResult executionId="da0c094d-0edc-4f29-8824-b1d31679b102" testId="3ddde079-7c45-8250-823a-ebe9f40c444a" testName="MilkApiManager.Tests.Controllers.RouteControllerTests.GetRoutes_Returns500_WhenExceptionThrown" computerName="TEDMIBOOK" duration="00:00:00.0169139" startTime="2026-02-12T21:40:37.6296821+08:00" endTime="2026-02-12T21:40:37.6318007+08:00" testType="13cdc9d9-ddb5-4fa4-a97d-d965ccfc6d4b" outcome="Passed" testListId="8c84fa94-04c1-424b-9868-57a2d4851a1d" relativeResultsDirectory="da0c094d-0edc-4f29-8824-b1d31679b102" />
    <UnitTestResult executionId="9e05deef-47f1-4f6f-a128-8fd6152c1b07" testId="69ab431b-9f8c-c4c0-7d2d-b379bce1c602" testName="MilkApiManager.Tests.Services.ApisixClientTests.GetBlacklistAsync_ReturnsEmptyList_WhenNotFound" computerName="TEDMIBOOK" duration="00:00:00.0795375" startTime="2026-02-12T21:40:37.4639720+08:00" endTime="2026-02-12T21:40:37.5537129+08:00" testType="13cdc9d9-ddb5-4fa4-a97d-d965ccfc6d4b" outcome="Passed" testListId="8c84fa94-04c1-424b-9868-57a2d4851a1d" relativeResultsDirectory="9e05deef-47f1-4f6f-a128-8fd6152c1b07" />
    <UnitTestResult executionId="066f859a-da4e-422d-8905-290e00680c24" testId="a48642ed-63f7-6218-c33a-c923ab65eb87" testName="MilkApiManager.Tests.Services.SecurityAutomationServiceTests.BlockMaliciousIP_UpdatesGlobalPlugin" computerName="TEDMIBOOK" duration="00:00:00.0017745" startTime="2026-02-12T21:40:37.6554725+08:00" endTime="2026-02-12T21:40:37.6559166+08:00" testType="13cdc9d9-ddb5-4fa4-a97d-d965ccfc6d4b" outcome="Passed" testListId="8c84fa94-04c1-424b-9868-57a2d4851a1d" relativeResultsDirectory="066f859a-da4e-422d-8905-290e00680c24" />
    <UnitTestResult executionId="889f8aca-3765-47f1-a3dd-57c62dc46231" testId="02ce7c2c-7385-743d-2030-e8cad5f9543f" testName="MilkApiManager.Tests.Controllers.BlacklistControllerTests.UpdateBlacklist_ValidatesIpFormat(ip: &quot;192.168.1.1&quot;, shouldSucceed: True)" computerName="TEDMIBOOK" duration="00:00:00.0003328" startTime="2026-02-12T21:40:37.6442583+08:00" endTime="2026-02-12T21:40:37.6443490+08:00" testType="13cdc9d9-ddb5-4fa4-a97d-d965ccfc6d4b" outcome="Passed" testListId="8c84fa94-04c1-424b-9868-57a2d4851a1d" relativeResultsDirectory="889f8aca-3765-47f1-a3dd-57c62dc46231" />
    <UnitTestResult executionId="35cdc2e5-4a26-4cd0-996f-11e0ecb5a806" testId="52b64445-1c46-b925-d7c3-5c3a820df7cd" testName="MilkApiManager.Tests.Services.ApisixClientTests.UpdateConsumerAsync_ThrowsHttpRequestException_OnFailure" computerName="TEDMIBOOK" duration="00:00:00.0413742" startTime="2026-02-12T21:40:37.6291696+08:00" endTime="2026-02-12T21:40:37.6557403+08:00" testType="13cdc9d9-ddb5-4fa4-a97d-d965ccfc6d4b" outcome="Passed" testListId="8c84fa94-04c1-424b-9868-57a2d4851a1d" relativeResultsDirectory="35cdc2e5-4a26-4cd0-996f-11e0ecb5a806" />
    <UnitTestResult executionId="2167d266-37c1-4d7d-816d-c13eac66b1b5" testId="8ed28d72-df47-69bc-14d9-550c07e5b6a4" testName="MilkApiManager.Tests.Controllers.ConsumerControllerTests.UpdateConsumer_ValidatesUsername(username: &quot;user with spaces&quot;, shouldSucceed: False)" computerName="TEDMIBOOK" duration="00:00:00.0001245" startTime="2026-02-12T21:40:37.6589467+08:00" endTime="2026-02-12T21:40:37.6590019+08:00" testType="13cdc9d9-ddb5-4fa4-a97d-d965ccfc6d4b" outcome="Passed" testListId="8c84fa94-04c1-424b-9868-57a2d4851a1d" relativeResultsDirectory="2167d266-37c1-4d7d-816d-c13eac66b1b5" />
    <UnitTestResult executionId="46dafecb-f6cf-4417-8caf-571faa4085ba" testId="f3425f18-1e82-1f10-a930-ef4b71fad77f" testName="MilkApiManager.Tests.Controllers.BlacklistControllerTests.UpdateBlacklist_ValidatesIpFormat(ip: &quot;10.0.0.0/24&quot;, shouldSucceed: True)" computerName="TEDMIBOOK" duration="00:00:00.0005629" startTime="2026-02-12T21:40:37.6402515+08:00" endTime="2026-02-12T21:40:37.6406160+08:00" testType="13cdc9d9-ddb5-4fa4-a97d-d965ccfc6d4b" outcome="Passed" testListId="8c84fa94-04c1-424b-9868-57a2d4851a1d" relativeResultsDirectory="46dafecb-f6cf-4417-8caf-571faa4085ba" />
    <UnitTestResult executionId="156f00e4-49af-4c45-820d-e220a1f2a97d" testId="314310a4-7db0-2a35-2567-d2cf9cef1619" testName="MilkApiManager.Tests.Controllers.KeysControllerTests.CreateKey_ReturnsBadRequest_WhenOwnerIsEmpty" computerName="TEDMIBOOK" duration="00:00:00.0019094" startTime="2026-02-12T21:40:37.6604842+08:00" endTime="2026-02-12T21:40:37.6607016+08:00" testType="13cdc9d9-ddb5-4fa4-a97d-d965ccfc6d4b" outcome="Passed" testListId="8c84fa94-04c1-424b-9868-57a2d4851a1d" relativeResultsDirectory="156f00e4-49af-4c45-820d-e220a1f2a97d" />
    <UnitTestResult executionId="d5c986b9-84ce-4cd5-995f-3bec532797db" testId="254e8cd8-9ef5-d046-018e-6aab77c2e098" testName="MilkApiManager.Tests.Services.ApisixClientTests.GetBlacklistAsync_ParsesBlacklist_WhenPresent" computerName="TEDMIBOOK" duration="00:00:00.0024232" startTime="2026-02-12T21:40:37.6623449+08:00" endTime="2026-02-12T21:40:37.6624007+08:00" testType="13cdc9d9-ddb5-4fa4-a97d-d965ccfc6d4b" outcome="Passed" testListId="8c84fa94-04c1-424b-9868-57a2d4851a1d" relativeResultsDirectory="d5c986b9-84ce-4cd5-995f-3bec532797db" />
    <UnitTestResult executionId="0d00e62a-b7ea-4392-a3c0-3d07cc4c9c62" testId="c6e37165-53bd-87b1-9aca-76f23bc2ffb4" testName="MilkApiManager.Tests.Controllers.ConsumerControllerTests.UpdateConsumer_ValidatesUsername(username: &quot;&lt;script&gt;alert(1)&lt;/script&gt;&quot;, shouldSucceed: False)" computerName="TEDMIBOOK" duration="00:00:00.0013056" startTime="2026-02-12T21:40:37.6585002+08:00" endTime="2026-02-12T21:40:37.6587325+08:00" testType="13cdc9d9-ddb5-4fa4-a97d-d965ccfc6d4b" outcome="Passed" testListId="8c84fa94-04c1-424b-9868-57a2d4851a1d" relativeResultsDirectory="0d00e62a-b7ea-4392-a3c0-3d07cc4c9c62" />
    <UnitTestResult executionId="804390d6-0ef8-4378-b274-d4bbd0416ffb" testId="30445c71-721b-f2f2-f48a-b8f9e1a87f01" testName="MilkApiManager.Tests.Controllers.ConsumerControllerTests.GetConsumers_ReturnsOk_WhenSuccessful" computerName="TEDMIBOOK" duration="00:00:00.0032362" startTime="2026-02-12T21:40:37.6601933+08:00" endTime="2026-02-12T21:40:37.6605347+08:00" testType="13cdc9d9-ddb5-4fa4-a97d-d965ccfc6d4b" outcome="Passed" testListId="8c84fa94-04c1-424b-9868-57a2d4851a1d" relativeResultsDirectory="804390d6-0ef8-4378-b274-d4bbd0416ffb" />
    <UnitTestResult executionId="9d383972-bf3e-4332-bc93-7f79057392c9" testId="5559293c-6bc3-8d95-54ab-7e32b94fea00" testName="MilkApiManager.Tests.Controllers.ConsumerControllerTests.UpdateConsumer_ValidatesUsername(username: &quot;valid-user&quot;, shouldSucceed: True)" computerName="TEDMIBOOK" duration="00:00:00.0218759" startTime="2026-02-12T21:40:37.6317344+08:00" endTime="2026-02-12T21:40:37.6571967+08:00" testType="13cdc9d9-ddb5-4fa4-a97d-d965ccfc6d4b" outcome="Passed" testListId="8c84fa94-04c1-424b-9868-57a2d4851a1d" relativeResultsDirectory="9d383972-bf3e-4332-bc93-7f79057392c9" />
    <UnitTestResult executionId="84519f8a-cfb1-4800-9d3d-d7d052cd7dcc" testId="0b0cced3-faf7-abdb-84f0-54c633607639" testName="MilkApiManager.Tests.Controllers.BlacklistControllerTests.GetBlacklist_ReturnsOk" computerName="TEDMIBOOK" duration="00:00:00.0023525" startTime="2026-02-12T21:40:37.6500637+08:00" endTime="2026-02-12T21:40:37.6527118+08:00" testType="13cdc9d9-ddb5-4fa4-a97d-d965ccfc6d4b" outcome="Passed" testListId="8c84fa94-04c1-424b-9868-57a2d4851a1d" relativeResultsDirectory="84519f8a-cfb1-4800-9d3d-d7d052cd7dcc" />
    <UnitTestResult executionId="f824e2cf-8d49-4b29-9299-eaacc839c7c6" testId="40f6fab8-f635-f4d4-9393-0b3bd19cf44d" testName="MilkApiManager.Tests.Controllers.RouteControllerTests.UpdateRoute_ReturnsBadRequest_WhenConfigIsNull" computerName="TEDMIBOOK" duration="00:00:00.1123117" startTime="2026-02-12T21:40:37.4637899+08:00" endTime="2026-02-12T21:40:37.6295151+08:00" testType="13cdc9d9-ddb5-4fa4-a97d-d965ccfc6d4b" outcome="Passed" testListId="8c84fa94-04c1-424b-9868-57a2d4851a1d" relativeResultsDirectory="f824e2cf-8d49-4b29-9299-eaacc839c7c6" />
    <UnitTestResult executionId="6f3fe60f-36f7-4009-a6e7-34f96d974cdf" testId="f104caa1-db0a-4b32-2e93-8625ea3c6dfa" testName="MilkApiManager.Tests.Controllers.AnalyticsControllerTests.GetRequests_ValidatesLabels(consumer: &quot;a])}[5m&quot;, route: null, shouldSucceed: False)" computerName="TEDMIBOOK" duration="00:00:00.0008270" startTime="2026-02-12T21:40:37.6405204+08:00" endTime="2026-02-12T21:40:37.6432062+08:00" testType="13cdc9d9-ddb5-4fa4-a97d-d965ccfc6d4b" outcome="Passed" testListId="8c84fa94-04c1-424b-9868-57a2d4851a1d" relativeResultsDirectory="6f3fe60f-36f7-4009-a6e7-34f96d974cdf" />
    <UnitTestResult executionId="38f77b4c-c331-4e56-aff7-e20e509ed606" testId="a6c06205-b386-bc83-bfc1-98aed73130a2" testName="MilkApiManager.Tests.Controllers.AnalyticsControllerTests.GetRequests_ValidatesLabels(consumer: null, route: null, shouldSucceed: True)" computerName="TEDMIBOOK" duration="00:00:00.0006852" startTime="2026-02-12T21:40:37.6482712+08:00" endTime="2026-02-12T21:40:37.6521180+08:00" testType="13cdc9d9-ddb5-4fa4-a97d-d965ccfc6d4b" outcome="Passed" testListId="8c84fa94-04c1-424b-9868-57a2d4851a1d" relativeResultsDirectory="38f77b4c-c331-4e56-aff7-e20e509ed606" />
    <UnitTestResult executionId="3efd0f98-d5f9-4e68-a49d-1c3ca4c88211" testId="73ccee34-0bfe-b306-54fa-a14b539d1c4e" testName="MilkApiManager.Tests.Controllers.AnalyticsControllerTests.GetRequests_ValidatesLabels(consumer: null, route: &quot;route{}&quot;, shouldSucceed: False)" computerName="TEDMIBOOK" duration="00:00:00.0000922" startTime="2026-02-12T21:40:37.6478482+08:00" endTime="2026-02-12T21:40:37.6480056+08:00" testType="13cdc9d9-ddb5-4fa4-a97d-d965ccfc6d4b" outcome="Passed" testListId="8c84fa94-04c1-424b-9868-57a2d4851a1d" relativeResultsDirectory="3efd0f98-d5f9-4e68-a49d-1c3ca4c88211" />
    <UnitTestResult executionId="13331424-880e-48c7-bc11-9aef3885e787" testId="595750d2-cff9-d33d-f8f5-0d05a8a4bb06" testName="MilkApiManager.Tests.Controllers.BlacklistControllerTests.UpdateBlacklist_ValidatesIpFormat(ip: &quot;&lt;script&gt;alert(1)&lt;/script&gt;&quot;, shouldSucceed: False)" computerName="TEDMIBOOK" duration="00:00:00.0000874" startTime="2026-02-12T21:40:37.6467296+08:00" endTime="2026-02-12T21:40:37.6468296+08:00" testType="13cdc9d9-ddb5-4fa4-a97d-d965ccfc6d4b" outcome="Passed" testListId="8c84fa94-04c1-424b-9868-57a2d4851a1d" relativeResultsDirectory="13331424-880e-48c7-bc11-9aef3885e787" />
    <UnitTestResult executionId="45828bfa-2403-47ff-932e-9e70cf5b6bea" testId="2821bc0f-888e-67b9-1e7e-ec7a2f8ce25d" testName="MilkApiManager.Tests.Controllers.BlacklistControllerTests.UpdateBlacklist_ValidatesIpFormat(ip: &quot;192.168.1.1; DROP TABLE users&quot;, shouldSucceed: False)" computerName="TEDMIBOOK" duration="00:00:00.0000926" startTime="2026-02-12T21:40:37.6438500+08:00" endTime="2026-02-12T21:40:37.6440505+08:00" testType="13cdc9d9-ddb5-4fa4-a97d-d965ccfc6d4b" outcome="Passed" testListId="8c84fa94-04c1-424b-9868-57a2d4851a1d" relativeResultsDirectory="45828bfa-2403-47ff-932e-9e70cf5b6bea" />
    <UnitTestResult executionId="d4070f68-f7e7-4e58-aa1e-469bf44465ab" testId="d0410117-60ac-974a-6421-cd30e4f17408" testName="MilkApiManager.Tests.Services.ApisixClientTests.CreateRouteAsync_ThrowsHttpRequestException_OnFailure" computerName="TEDMIBOOK" duration="00:00:00.0011845" startTime="2026-02-12T21:40:37.6630274+08:00" endTime="2026-02-12T21:40:37.6630743+08:00" testType="13cdc9d9-ddb5-4fa4-a97d-d965ccfc6d4b" outcome="Passed" testListId="8c84fa94-04c1-424b-9868-57a2d4851a1d" relativeResultsDirectory="d4070f68-f7e7-4e58-aa1e-469bf44465ab" />
    <UnitTestResult executionId="51655ccf-4fa6-4de1-8090-c681e094863a" testId="512c2e97-1710-ff78-b548-232b7f52b845" testName="MilkApiManager.Tests.Controllers.AnalyticsControllerTests.GetRequests_ValidatesLabels(consumer: &quot;consumer\&quot;}&quot;, route: null, shouldSucceed: False)" computerName="TEDMIBOOK" duration="00:00:00.0000908" startTime="2026-02-12T21:40:37.6433942+08:00" endTime="2026-02-12T21:40:37.6436265+08:00" testType="13cdc9d9-ddb5-4fa4-a97d-d965ccfc6d4b" outcome="Passed" testListId="8c84fa94-04c1-424b-9868-57a2d4851a1d" relativeResultsDirectory="51655ccf-4fa6-4de1-8090-c681e094863a" />
    <UnitTestResult executionId="e7f12c8e-52fa-486d-b49d-8b41a45a564f" testId="db1fc3d9-e8dc-dccc-a2ce-29448a75237a" testName="MilkApiManager.Tests.Controllers.BlacklistControllerTests.UpdateBlacklist_ValidatesIpFormat(ip: &quot;&quot;, shouldSucceed: False)" computerName="TEDMIBOOK" duration="00:00:00.0006429" startTime="2026-02-12T21:40:37.6445198+08:00" endTime="2026-02-12T21:40:37.6465287+08:00" testType="13cdc9d9-ddb5-4fa4-a97d-d965ccfc6d4b" outcome="Passed" testListId="8c84fa94-04c1-424b-9868-57a2d4851a1d" relativeResultsDirectory="e7f12c8e-52fa-486d-b49d-8b41a45a564f" />
    <UnitTestResult executionId="c57f88af-403b-4700-85b3-407934f59e84" testId="ebde9001-54e6-dbc9-a405-3e8f0f2c629e" testName="MilkApiManager.Tests.Services.ApisixClientTests.DeleteConsumerGroupAsync_DoesNotThrow_OnFailure" computerName="TEDMIBOOK" duration="00:00:00.0015724" startTime="2026-02-12T21:40:37.6625510+08:00" endTime="2026-02-12T21:40:37.6625987+08:00" testType="13cdc9d9-ddb5-4fa4-a97d-d965ccfc6d4b" outcome="Passed" testListId="8c84fa94-04c1-424b-9868-57a2d4851a1d" relativeResultsDirectory="c57f88af-403b-4700-85b3-407934f59e84" />
    <UnitTestResult executionId="4cd8c031-6175-48e3-a389-b51097598a9b" testId="efca482b-4571-bcdc-049e-cad19b5cfbfb" testName="MilkApiManager.Tests.Controllers.RouteControllerTests.GetRoutes_ReturnsOk_WhenSuccessful" computerName="TEDMIBOOK" duration="00:00:00.0010265" startTime="2026-02-12T21:40:37.6473784+08:00" endTime="2026-02-12T21:40:37.6519691+08:00" testType="13cdc9d9-ddb5-4fa4-a97d-d965ccfc6d4b" outcome="Passed" testListId="8c84fa94-04c1-424b-9868-57a2d4851a1d" relativeResultsDirectory="4cd8c031-6175-48e3-a389-b51097598a9b" />
    <UnitTestResult executionId="ca9aee4e-6d24-454a-a275-a5491c70ba8c" testId="adc2f59b-f6d0-1f8b-16e9-5af1e9270169" testName="MilkApiManager.Tests.Services.VaultServiceTests.RotateApiKeyAsync_ReturnsNewKey_AndUpdatesConsumer" computerName="TEDMIBOOK" duration="00:00:00.1338115" startTime="2026-02-12T21:40:37.4638362+08:00" endTime="2026-02-12T21:40:37.6501480+08:00" testType="13cdc9d9-ddb5-4fa4-a97d-d965ccfc6d4b" outcome="Passed" testListId="8c84fa94-04c1-424b-9868-57a2d4851a1d" relativeResultsDirectory="ca9aee4e-6d24-454a-a275-a5491c70ba8c" />
    <UnitTestResult executionId="d4c9ae98-558a-48af-ad42-363910866f74" testId="5850594e-d808-99e4-c449-62cee33d8c49" testName="MilkApiManager.Tests.Controllers.ConsumerControllerTests.DeleteConsumer_ValidatesUsername(username: &quot;valid-user&quot;, shouldSucceed: True)" computerName="TEDMIBOOK" duration="00:00:00.1279726" startTime="2026-02-12T21:40:37.4615324+08:00" endTime="2026-02-12T21:40:37.6300231+08:00" testType="13cdc9d9-ddb5-4fa4-a97d-d965ccfc6d4b" outcome="Passed" testListId="8c84fa94-04c1-424b-9868-57a2d4851a1d" relativeResultsDirectory="d4c9ae98-558a-48af-ad42-363910866f74" />
    <UnitTestResult executionId="36a40d32-4d35-4689-b235-d9d5f8b53942" testId="ecc08572-6a98-75c6-8824-47c5237c1961" testName="MilkApiManager.Tests.Controllers.BlacklistControllerTests.UpdateBlacklist_ValidatesIpFormat(ip: &quot;::1&quot;, shouldSucceed: True)" computerName="TEDMIBOOK" duration="00:00:00.0003660" startTime="2026-02-12T21:40:37.6470182+08:00" endTime="2026-02-12T21:40:37.6476694+08:00" testType="13cdc9d9-ddb5-4fa4-a97d-d965ccfc6d4b" outcome="Passed" testListId="8c84fa94-04c1-424b-9868-57a2d4851a1d" relativeResultsDirectory="36a40d32-4d35-4689-b235-d9d5f8b53942" />
    <UnitTestResult executionId="66c58058-5f52-43e7-b1f3-5e22fa4698c1" testId="56fcb7d7-260e-7b69-c880-12017a5a6aed" testName="MilkApiManager.Tests.Controllers.RouteControllerTests.CreateRoute_ReturnsBadRequest_WhenConfigIsNull" computerName="TEDMIBOOK" duration="00:00:00.0007124" startTime="2026-02-12T21:40:37.6448284+08:00" endTime="2026-02-12T21:40:37.6470850+08:00" testType="13cdc9d9-ddb5-4fa4-a97d-d965ccfc6d4b" outcome="Passed" testListId="8c84fa94-04c1-424b-9868-57a2d4851a1d" relativeResultsDirectory="66c58058-5f52-43e7-b1f3-5e22fa4698c1" />
    <UnitTestResult executionId="0f47b8a3-149e-4d07-8df4-e2a9a032d0d8" testId="ea9be910-cda8-b279-a19a-a5d1c8813a6f" testName="MilkApiManager.Tests.Controllers.ConsumerControllerTests.UpdateConsumer_ValidatesUsername(username: &quot;user;DROP TABLE&quot;, shouldSucceed: False)" computerName="TEDMIBOOK" duration="00:00:00.0001330" startTime="2026-02-12T21:40:37.6588196+08:00" endTime="2026-02-12T21:40:37.6588662+08:00" testType="13cdc9d9-ddb5-4fa4-a97d-d965ccfc6d4b" outcome="Passed" testListId="8c84fa94-04c1-424b-9868-57a2d4851a1d" relativeResultsDirectory="0f47b8a3-149e-4d07-8df4-e2a9a032d0d8" />
    <UnitTestResult executionId="c9e3997e-3a8b-48e1-93c4-72fd696d360b" testId="d923a002-f0a6-9602-8c28-1d215f48a243" testName="MilkApiManager.Tests.Services.ApisixClientTests.CreateRouteAsync_OmitsNullProperties_InSerialization" computerName="TEDMIBOOK" duration="00:00:00.0092995" startTime="2026-02-12T21:40:37.6614178+08:00" endTime="2026-02-12T21:40:37.6614660+08:00" testType="13cdc9d9-ddb5-4fa4-a97d-d965ccfc6d4b" outcome="Passed" testListId="8c84fa94-04c1-424b-9868-57a2d4851a1d" relativeResultsDirectory="c9e3997e-3a8b-48e1-93c4-72fd696d360b" />
    <UnitTestResult executionId="6ceef9a1-638f-47b3-99c4-9ca47d904f27" testId="aa7e340d-ed05-e9a0-3ae7-561a16323a2e" testName="MilkApiManager.Tests.Controllers.AnalyticsControllerTests.GetErrors_ValidatesLabels(consumer: &quot;consumer\&quot;}&quot;, shouldSucceed: False)" computerName="TEDMIBOOK" duration="00:00:00.0003844" startTime="2026-02-12T21:40:37.6552656+08:00" endTime="2026-02-12T21:40:37.6555323+08:00" testType="13cdc9d9-ddb5-4fa4-a97d-d965ccfc6d4b" outcome="Passed" testListId="8c84fa94-04c1-424b-9868-57a2d4851a1d" relativeResultsDirectory="6ceef9a1-638f-47b3-99c4-9ca47d904f27" />
    <UnitTestResult executionId="14e4d343-a376-4d18-b5e7-b555dab2db32" testId="1d227a54-f238-9e07-3ce0-d9b33f434ba9" testName="MilkApiManager.Tests.Services.SecurityAutomationServiceTests.CheckAndRotateKeys_DoesNotThrow_WhenVaultFails" computerName="TEDMIBOOK" duration="00:00:00.0021038" startTime="2026-02-12T21:40:37.6526766+08:00" endTime="2026-02-12T21:40:37.6553031+08:00" testType="13cdc9d9-ddb5-4fa4-a97d-d965ccfc6d4b" outcome="Passed" testListId="8c84fa94-04c1-424b-9868-57a2d4851a1d" relativeResultsDirectory="14e4d343-a376-4d18-b5e7-b555dab2db32" />
    <UnitTestResult executionId="16f41867-9c12-40ea-a58a-eb4acb9e9262" testId="75aa6953-7066-c01c-6408-d80be15176a5" testName="MilkApiManager.Tests.Services.ApisixClientTests.GetRouteAsync_ParsesNodeWrapper" computerName="TEDMIBOOK" duration="00:00:00.0058489" startTime="2026-02-12T21:40:37.6634969+08:00" endTime="2026-02-12T21:40:37.6635444+08:00" testType="13cdc9d9-ddb5-4fa4-a97d-d965ccfc6d4b" outcome="Passed" testListId="8c84fa94-04c1-424b-9868-57a2d4851a1d" relativeResultsDirectory="16f41867-9c12-40ea-a58a-eb4acb9e9262" />
    <UnitTestResult executionId="b1602d4a-7ccc-489a-bb8d-4d9459efb591" testId="33796f33-53eb-4e61-ffd1-50467db45be1" testName="MilkApiManager.Tests.Services.ApisixClientTests.DeleteServiceAsync_DoesNotThrow_WhenForbidden" computerName="TEDMIBOOK" duration="00:00:00.0081464" startTime="2026-02-12T21:40:37.5695035+08:00" endTime="2026-02-12T21:40:37.5696811+08:00" testType="13cdc9d9-ddb5-4fa4-a97d-d965ccfc6d4b" outcome="Passed" testListId="8c84fa94-04c1-424b-9868-57a2d4851a1d" relativeResultsDirectory="b1602d4a-7ccc-489a-bb8d-4d9459efb591" />
    <UnitTestResult executionId="7d54f373-bb1c-4b5b-89eb-53630523e078" testId="79217d46-4aa0-e8d3-7233-8997cb130ecc" testName="MilkApiManager.Tests.Controllers.AnalyticsControllerTests.GetErrors_ValidatesLabels(consumer: &quot;valid-consumer&quot;, shouldSucceed: True)" computerName="TEDMIBOOK" duration="00:00:00.0031555" startTime="2026-02-12T21:40:37.6524519+08:00" endTime="2026-02-12T21:40:37.6551306+08:00" testType="13cdc9d9-ddb5-4fa4-a97d-d965ccfc6d4b" outcome="Passed" testListId="8c84fa94-04c1-424b-9868-57a2d4851a1d" relativeResultsDirectory="7d54f373-bb1c-4b5b-89eb-53630523e078" />
    <UnitTestResult executionId="0a5fc941-cfd0-48fc-acee-7356b646623e" testId="c49c65a0-cb31-3981-ffd2-19b39de8b114" testName="MilkApiManager.Tests.Controllers.BlacklistControllerTests.UpdateBlacklist_ValidatesIpFormat(ip: &quot;192.168.1.999&quot;, shouldSucceed: False)" computerName="TEDMIBOOK" duration="00:00:00.0000977" startTime="2026-02-12T21:40:37.6408201+08:00" endTime="2026-02-12T21:40:37.6409493+08:00" testType="13cdc9d9-ddb5-4fa4-a97d-d965ccfc6d4b" outcome="Passed" testListId="8c84fa94-04c1-424b-9868-57a2d4851a1d" relativeResultsDirectory="0a5fc941-cfd0-48fc-acee-7356b646623e" />
    <UnitTestResult executionId="9a91a836-648e-4305-bf35-5b0cc9577a98" testId="e1ee062d-cf03-28fd-b173-c66ab51a993f" testName="MilkApiManager.Tests.Controllers.ConsumerControllerTests.UpdateConsumer_ValidatesUsername(username: &quot;&quot;, shouldSucceed: False)" computerName="TEDMIBOOK" duration="00:00:00.0005375" startTime="2026-02-12T21:40:37.6581863+08:00" endTime="2026-02-12T21:40:37.6582458+08:00" testType="13cdc9d9-ddb5-4fa4-a97d-d965ccfc6d4b" outcome="Passed" testListId="8c84fa94-04c1-424b-9868-57a2d4851a1d" relativeResultsDirectory="9a91a836-648e-4305-bf35-5b0cc9577a98" />
    <UnitTestResult executionId="0c99cb5a-f748-4f7b-91ee-0d1b293d6029" testId="b6210f88-4c4b-d200-9fce-3ae1ce0d1e37" testName="MilkApiManager.Tests.Controllers.BlacklistControllerTests.UpdateBlacklist_ReturnsBadRequest_WhenActionInvalid" computerName="TEDMIBOOK" duration="00:00:00.0095491" startTime="2026-02-12T21:40:37.6294609+08:00" endTime="2026-02-12T21:40:37.6297818+08:00" testType="13cdc9d9-ddb5-4fa4-a97d-d965ccfc6d4b" outcome="Passed" testListId="8c84fa94-04c1-424b-9868-57a2d4851a1d" relativeResultsDirectory="0c99cb5a-f748-4f7b-91ee-0d1b293d6029" />
    <UnitTestResult executionId="edc184e7-b84e-478f-aac4-1881af603b3a" testId="7e034c0b-9995-e6c1-af39-9c73b1ddb19d" testName="MilkApiManager.Tests.Controllers.KeysControllerTests.RotateKey_DoesNotReturnFullKey" computerName="TEDMIBOOK" duration="00:00:00.1562330" startTime="2026-02-12T21:40:37.4637345+08:00" endTime="2026-02-12T21:40:37.6603645+08:00" testType="13cdc9d9-ddb5-4fa4-a97d-d965ccfc6d4b" outcome="Passed" testListId="8c84fa94-04c1-424b-9868-57a2d4851a1d" relativeResultsDirectory="edc184e7-b84e-478f-aac4-1881af603b3a" />
    <UnitTestResult executionId="68d9dc4e-acff-40ed-9cc4-d93fce122d2b" testId="e6fd53e9-df3d-fcdc-af44-8c37f329f74e" testName="MilkApiManager.Tests.Services.SecurityAutomationServiceTests.BlockMaliciousIP_ThrowsIfUpdateFails" computerName="TEDMIBOOK" duration="00:00:00.0044725" startTime="2026-02-12T21:40:37.6401691+08:00" endTime="2026-02-12T21:40:37.6525355+08:00" testType="13cdc9d9-ddb5-4fa4-a97d-d965ccfc6d4b" outcome="Passed" testListId="8c84fa94-04c1-424b-9868-57a2d4851a1d" relativeResultsDirectory="68d9dc4e-acff-40ed-9cc4-d93fce122d2b" />
    <UnitTestResult executionId="28cb2f1b-0d7a-4382-af4b-290986bf029c" testId="6530e71b-6ef4-c8b4-1698-b87f25d9da93" testName="MilkApiManager.Tests.Services.ApisixClientTests.UpdateBlacklistAsync_SendsCorrectPayload" computerName="TEDMIBOOK" duration="00:00:00.0025002" startTime="2026-02-12T21:40:37.6627143+08:00" endTime="2026-02-12T21:40:37.6627604+08:00" testType="13cdc9d9-ddb5-4fa4-a97d-d965ccfc6d4b" outcome="Passed" testListId="8c84fa94-04c1-424b-9868-57a2d4851a1d" relativeResultsDirectory="28cb2f1b-0d7a-4382-af4b-290986bf029c" />
    <UnitTestResult executionId="b8900127-28d4-4d03-bb73-66a8d46fba41" testId="c110877a-78fd-4160-39ec-b12a97bdee58" testName="MilkApiManager.Tests.Services.ApisixClientTests.DeleteRouteAsync_DoesNotThrow_WhenNotFound" computerName="TEDMIBOOK" duration="00:00:00.0016328" startTime="2026-02-12T21:40:37.6633418+08:00" endTime="2026-02-12T21:40:37.6633877+08:00" testType="13cdc9d9-ddb5-4fa4-a97d-d965ccfc6d4b" outcome="Passed" testListId="8c84fa94-04c1-424b-9868-57a2d4851a1d" relativeResultsDirectory="b8900127-28d4-4d03-bb73-66a8d46fba41" />
    <UnitTestResult executionId="381fd65e-66ce-4881-9c05-d55a64670b48" testId="ffcba62c-6209-a5fc-f9ac-f8f1b183fd42" testName="MilkApiManager.Tests.Services.VaultServiceTests.GetSecretAsync_ReturnsMockValue" computerName="TEDMIBOOK" duration="00:00:00.0009625" startTime="2026-02-12T21:40:37.6586710+08:00" endTime="2026-02-12T21:40:37.6591287+08:00" testType="13cdc9d9-ddb5-4fa4-a97d-d965ccfc6d4b" outcome="Passed" testListId="8c84fa94-04c1-424b-9868-57a2d4851a1d" relativeResultsDirectory="381fd65e-66ce-4881-9c05-d55a64670b48" />
    <UnitTestResult executionId="cea0e2cf-bc08-439f-bed2-e3cc579125f1" testId="f3efc5b2-17e6-9686-e580-c9c274d5e37a" testName="MilkApiManager.Tests.Services.ApisixClientTests.GetRoutesAsync_SendsGetRequest_WithoutBody" computerName="TEDMIBOOK" duration="00:00:00.0020863" startTime="2026-02-12T21:40:37.6628728+08:00" endTime="2026-02-12T21:40:37.6629194+08:00" testType="13cdc9d9-ddb5-4fa4-a97d-d965ccfc6d4b" outcome="Passed" testListId="8c84fa94-04c1-424b-9868-57a2d4851a1d" relativeResultsDirectory="cea0e2cf-bc08-439f-bed2-e3cc579125f1" />
    <UnitTestResult executionId="919d3e70-54cd-46c7-b7b4-f6a0a08c1ff8" testId="a001eca7-48b7-5f82-7471-bea44e5ccdde" testName="MilkApiManager.Tests.Controllers.BlacklistControllerTests.UpdateBlacklist_ValidatesIpFormat(ip: &quot;not-an-ip&quot;, shouldSucceed: False)" computerName="TEDMIBOOK" duration="00:00:00.0000985" startTime="2026-02-12T21:40:37.6479171+08:00" endTime="2026-02-12T21:40:37.6482169+08:00" testType="13cdc9d9-ddb5-4fa4-a97d-d965ccfc6d4b" outcome="Passed" testListId="8c84fa94-04c1-424b-9868-57a2d4851a1d" relativeResultsDirectory="919d3e70-54cd-46c7-b7b4-f6a0a08c1ff8" />
    <UnitTestResult executionId="5b34b05b-d737-4567-a4ff-7a23fb851ee0" testId="624fbe5f-fbc8-cf04-2bbf-afee4e8b2ae4" testName="MilkApiManager.Tests.Controllers.BlacklistControllerTests.UpdateBlacklist_ValidatesIpFormat(ip: &quot;fe80::1&quot;, shouldSucceed: True)" computerName="TEDMIBOOK" duration="00:00:00.0003552" startTime="2026-02-12T21:40:37.6431048+08:00" endTime="2026-02-12T21:40:37.6434909+08:00" testType="13cdc9d9-ddb5-4fa4-a97d-d965ccfc6d4b" outcome="Passed" testListId="8c84fa94-04c1-424b-9868-57a2d4851a1d" relativeResultsDirectory="5b34b05b-d737-4567-a4ff-7a23fb851ee0" />
    <UnitTestResult executionId="5416fc73-7596-4cee-b02f-dd3b0e7de991" testId="87929b26-138a-e9de-0e4d-30bd4fbcb60c" testName="MilkApiManager.Tests.Controllers.KeysControllerTests.CreateKey_ReturnsBadRequest_WhenRequestIsNull" computerName="TEDMIBOOK" duration="00:00:00.0005303" startTime="2026-02-12T21:40:37.6608154+08:00" endTime="2026-02-12T21:40:37.6608777+08:00" testType="13cdc9d9-ddb5-4fa4-a97d-d965ccfc6d4b" outcome="Passed" testListId="8c84fa94-04c1-424b-9868-57a2d4851a1d" relativeResultsDirectory="5416fc73-7596-4cee-b02f-dd3b0e7de991" />
    <UnitTestResult executionId="bb8d454d-267b-4313-a37c-231be6136c65" testId="9483f9cd-0e71-a84a-dabe-7e34a16cb912" testName="MilkApiManager.Tests.Services.ApisixClientTests.GetBlacklistAsync_ReturnsEmptyList_WhenNoBlacklistProperty" computerName="TEDMIBOOK" duration="00:00:00.0012507" startTime="2026-02-12T21:40:37.6631857+08:00" endTime="2026-02-12T21:40:37.6632317+08:00" testType="13cdc9d9-ddb5-4fa4-a97d-d965ccfc6d4b" outcome="Passed" testListId="8c84fa94-04c1-424b-9868-57a2d4851a1d" relativeResultsDirectory="bb8d454d-267b-4313-a37c-231be6136c65" />
    <UnitTestResult executionId="28b51be7-05f5-4862-8be8-c62b6989e174" testId="f0314d34-07e6-7225-4a7a-925aa57a6cc7" testName="MilkApiManager.Tests.Controllers.AnalyticsControllerTests.GetRequests_ValidatesLabels(consumer: &quot;consumer_01&quot;, route: &quot;route.v2&quot;, shouldSucceed: True)" computerName="TEDMIBOOK" duration="00:00:00.0007856" startTime="2026-02-12T21:40:37.6439237+08:00" endTime="2026-02-12T21:40:37.6449167+08:00" testType="13cdc9d9-ddb5-4fa4-a97d-d965ccfc6d4b" outcome="Passed" testListId="8c84fa94-04c1-424b-9868-57a2d4851a1d" relativeResultsDirectory="28b51be7-05f5-4862-8be8-c62b6989e174" />
    <UnitTestResult executionId="4201bbb4-c2d1-4a41-9744-3c262bb7f08a" testId="d6c603e5-79ef-c6d7-0b7c-4c7eda7eb962" testName="MilkApiManager.Tests.Controllers.ConsumerControllerTests.UpdateConsumer_ValidatesUsername(username: &quot;user_01&quot;, shouldSucceed: True)" computerName="TEDMIBOOK" duration="00:00:00.0005326" startTime="2026-02-12T21:40:37.6590828+08:00" endTime="2026-02-12T21:40:37.6592894+08:00" testType="13cdc9d9-ddb5-4fa4-a97d-d965ccfc6d4b" outcome="Passed" testListId="8c84fa94-04c1-424b-9868-57a2d4851a1d" relativeResultsDirectory="4201bbb4-c2d1-4a41-9744-3c262bb7f08a" />
    <UnitTestResult executionId="9d977712-8652-4296-af28-f54a9b226726" testId="0f63731f-5e50-806a-d392-20a80ce477a9" testName="MilkApiManager.Tests.Controllers.ConsumerControllerTests.DeleteConsumer_ValidatesUsername(username: &quot;user;DROP TABLE&quot;, shouldSucceed: False)" computerName="TEDMIBOOK" duration="00:00:00.0007505" startTime="2026-02-12T21:40:37.6301159+08:00" endTime="2026-02-12T21:40:37.6301659+08:00" testType="13cdc9d9-ddb5-4fa4-a97d-d965ccfc6d4b" outcome="Passed" testListId="8c84fa94-04c1-424b-9868-57a2d4851a1d" relativeResultsDirectory="9d977712-8652-4296-af28-f54a9b226726" />
    <UnitTestResult executionId="01c38194-ce9e-4d68-8772-f8a107db3455" testId="8666008e-2774-9cd7-4c86-4ff4982cdac9" testName="MilkApiManager.Tests.Controllers.BlacklistControllerTests.UpdateBlacklist_ValidatesIpFormat(ip: &quot;2001:db8::/32&quot;, shouldSucceed: True)" computerName="TEDMIBOOK" duration="00:00:00.0086913" startTime="2026-02-12T21:40:37.6299719+08:00" endTime="2026-02-12T21:40:37.6399490+08:00" testType="13cdc9d9-ddb5-4fa4-a97d-d965ccfc6d4b" outcome="Passed" testListId="8c84fa94-04c1-424b-9868-57a2d4851a1d" relativeResultsDirectory="01c38194-ce9e-4d68-8772-f8a107db3455" />
    <UnitTestResult executionId="7239865c-ef9e-4ec9-8160-06374a59db0a" testId="66ef3bf9-70f6-8ef0-5177-f1c15f86d32f" testName="MilkApiManager.Tests.Controllers.KeysControllerTests.RotateKey_ReturnsBadRequest_WhenConsumerNotFound" computerName="TEDMIBOOK" duration="00:00:00.0008760" startTime="2026-02-12T21:40:37.6609944+08:00" endTime="2026-02-12T21:40:37.6610663+08:00" testType="13cdc9d9-ddb5-4fa4-a97d-d965ccfc6d4b" outcome="Passed" testListId="8c84fa94-04c1-424b-9868-57a2d4851a1d" relativeResultsDirectory="7239865c-ef9e-4ec9-8160-06374a59db0a" />
    <UnitTestResult executionId="10bad937-c7ea-493f-aa60-b5c5375fd362" testId="f8b3dd9d-db7f-b6f3-3ed5-706375005419" testName="MilkApiManager.Tests.Controllers.AnalyticsControllerTests.GetRequests_ValidatesLabels(consumer: &quot;consumer with spaces&quot;, route: null, shouldSucceed: False)" computerName="TEDMIBOOK" duration="00:00:00.0000678" startTime="2026-02-12T21:40:37.6522189+08:00" endTime="2026-02-12T21:40:37.6522717+08:00" testType="13cdc9d9-ddb5-4fa4-a97d-d965ccfc6d4b" outcome="Passed" testListId="8c84fa94-04c1-424b-9868-57a2d4851a1d" relativeResultsDirectory="10bad937-c7ea-493f-aa60-b5c5375fd362" />
    <UnitTestResult executionId="c1d81a6f-948f-4337-8f53-cc2f47c51a8f" testId="22a67c82-2e9b-d2b7-26aa-2fbb0b5f0a0c" testName="MilkApiManager.Tests.Services.VaultServiceTests.RotateApiKeyAsync_ThrowsException_WhenConsumerNotFound" computerName="TEDMIBOOK" duration="00:00:00.0167071" startTime="2026-02-12T21:40:37.6549579+08:00" endTime="2026-02-12T21:40:37.6585486+08:00" testType="13cdc9d9-ddb5-4fa4-a97d-d965ccfc6d4b" outcome="Passed" testListId="8c84fa94-04c1-424b-9868-57a2d4851a1d" relativeResultsDirectory="c1d81a6f-948f-4337-8f53-cc2f47c51a8f" />
    <UnitTestResult executionId="7304362e-1ca5-4796-94e4-6cd1a17cebb2" testId="75548441-23d8-106d-c884-e204f44095d3" testName="MilkApiManager.Tests.Services.SecurityAutomationServiceTests.CheckAndRotateKeys_RotatesExpiredKeys" computerName="TEDMIBOOK" duration="00:00:00.1303213" startTime="2026-02-12T21:40:37.4636146+08:00" endTime="2026-02-12T21:40:37.6396341+08:00" testType="13cdc9d9-ddb5-4fa4-a97d-d965ccfc6d4b" outcome="Passed" testListId="8c84fa94-04c1-424b-9868-57a2d4851a1d" relativeResultsDirectory="7304362e-1ca5-4796-94e4-6cd1a17cebb2" />
    <UnitTestResult executionId="a30e6f8b-e1ac-44f4-a27b-a8cd5c71acbc" testId="bdebfb1c-9fdd-3005-ab35-ffef2ee2184f" testName="MilkApiManager.Tests.Services.ApisixClientTests.CreateRouteAsync_SendsPutRequest_WithAdminApiKey" computerName="TEDMIBOOK" duration="00:00:00.0255439" startTime="2026-02-12T21:40:37.6558678+08:00" endTime="2026-02-12T21:40:37.6612967+08:00" testType="13cdc9d9-ddb5-4fa4-a97d-d965ccfc6d4b" outcome="Passed" testListId="8c84fa94-04c1-424b-9868-57a2d4851a1d" relativeResultsDirectory="a30e6f8b-e1ac-44f4-a27b-a8cd5c71acbc" />
    <UnitTestResult executionId="d56ee83b-853a-4de0-a78f-f00cd6328901" testId="257c91ba-c332-03bd-1342-37f3f069ea08" testName="MilkApiManager.Tests.Services.ApisixClientTests.DeleteConsumerAsync_DoesNotThrow_WhenServerError" computerName="TEDMIBOOK" duration="00:00:00.0019707" startTime="2026-02-12T21:40:37.6286535+08:00" endTime="2026-02-12T21:40:37.6287617+08:00" testType="13cdc9d9-ddb5-4fa4-a97d-d965ccfc6d4b" outcome="Passed" testListId="8c84fa94-04c1-424b-9868-57a2d4851a1d" relativeResultsDirectory="d56ee83b-853a-4de0-a78f-f00cd6328901" />
    <UnitTestResult executionId="aefa4525-1193-4df7-b166-4f28c2eccdf6" testId="ea2f5aac-52a3-f83b-39eb-7a8df5843333" testName="MilkApiManager.Tests.Controllers.AnalyticsControllerTests.GetLatency_ValidatesLabels(consumer: &quot;valid-consumer&quot;, shouldSucceed: True)" computerName="TEDMIBOOK" duration="00:00:00.0011222" startTime="2026-02-12T21:40:37.6570379+08:00" endTime="2026-02-12T21:40:37.6570901+08:00" testType="13cdc9d9-ddb5-4fa4-a97d-d965ccfc6d4b" outcome="Passed" testListId="8c84fa94-04c1-424b-9868-57a2d4851a1d" relativeResultsDirectory="aefa4525-1193-4df7-b166-4f28c2eccdf6" />
    <UnitTestResult executionId="90a2b17f-a812-4168-970b-15a3ff6d1890" testId="730bd65e-45a0-735e-4cf6-e745038aaabe" testName="MilkApiManager.Tests.Controllers.AnalyticsControllerTests.GetRequests_ValidatesLabels(consumer: &quot;&quot;, route: &quot;&quot;, shouldSucceed: True)" computerName="TEDMIBOOK" duration="00:00:00.0008374" startTime="2026-02-12T21:40:37.6463856+08:00" endTime="2026-02-12T21:40:37.6474733+08:00" testType="13cdc9d9-ddb5-4fa4-a97d-d965ccfc6d4b" outcome="Passed" testListId="8c84fa94-04c1-424b-9868-57a2d4851a1d" relativeResultsDirectory="90a2b17f-a812-4168-970b-15a3ff6d1890" />
    <UnitTestResult executionId="08fe295e-891a-4422-bb5e-1be454853304" testId="2c577eba-b945-395a-da4d-221b90729903" testName="MilkApiManager.Tests.Services.VaultServiceTests.StoreSecretAsync_ReturnsVersionString" computerName="TEDMIBOOK" duration="00:00:00.0025593" startTime="2026-02-12T21:40:37.6503228+08:00" endTime="2026-02-12T21:40:37.6528266+08:00" testType="13cdc9d9-ddb5-4fa4-a97d-d965ccfc6d4b" outcome="Passed" testListId="8c84fa94-04c1-424b-9868-57a2d4851a1d" relativeResultsDirectory="08fe295e-891a-4422-bb5e-1be454853304" />
    <UnitTestResult executionId="ee02d760-296f-46d6-ac59-2c5578044887" testId="72a36a07-d060-54d6-c17c-5ba18c4992e2" testName="MilkApiManager.Tests.Controllers.BlacklistControllerTests.UpdateBlacklist_ReturnsBadRequest_WhenIpIsNull" computerName="TEDMIBOOK" duration="00:00:00.1118692" startTime="2026-02-12T21:40:37.4638830+08:00" endTime="2026-02-12T21:40:37.6292978+08:00" testType="13cdc9d9-ddb5-4fa4-a97d-d965ccfc6d4b" outcome="Passed" testListId="8c84fa94-04c1-424b-9868-57a2d4851a1d" relativeResultsDirectory="ee02d760-296f-46d6-ac59-2c5578044887" />
    <UnitTestResult executionId="268211b0-838a-4341-b95b-107d86ff3a45" testId="9d0ca9df-51b0-5fdb-9741-1c36d5c14816" testName="MilkApiManager.Tests.Controllers.ConsumerControllerTests.UpdateConsumer_ValidatesUsername(username: &quot;abc&quot;, shouldSucceed: True)" computerName="TEDMIBOOK" duration="00:00:00.0005243" startTime="2026-02-12T21:40:37.6583483+08:00" endTime="2026-02-12T21:40:37.6583957+08:00" testType="13cdc9d9-ddb5-4fa4-a97d-d965ccfc6d4b" outcome="Passed" testListId="8c84fa94-04c1-424b-9868-57a2d4851a1d" relativeResultsDirectory="268211b0-838a-4341-b95b-107d86ff3a45" />
    <UnitTestResult executionId="bfd1bd2b-eb67-4713-a0c6-b4b0e40bb9b3" testId="a49be325-a4c7-6a4c-dc97-f1fd0b1739be" testName="MilkApiManager.Tests.Controllers.ConsumerControllerTests.UpdateConsumer_ValidatesMaxLength" computerName="TEDMIBOOK" duration="00:00:00.0019290" startTime="2026-02-12T21:40:37.6606538+08:00" endTime="2026-02-12T21:40:37.6611712+08:00" testType="13cdc9d9-ddb5-4fa4-a97d-d965ccfc6d4b" outcome="Passed" testListId="8c84fa94-04c1-424b-9868-57a2d4851a1d" relativeResultsDirectory="bfd1bd2b-eb67-4713-a0c6-b4b0e40bb9b3" />
    <UnitTestResult executionId="d64a1d75-8952-421e-af6c-5b17abd4eebb" testId="c70efcdf-1286-9a96-21ba-6109ae2e065f" testName="MilkApiManager.Tests.Services.ApisixClientTests.CreateConsumerGroupAsync_SendsCorrectPath" computerName="TEDMIBOOK" duration="00:00:00.0033667" startTime="2026-02-12T21:40:37.6636779+08:00" endTime="2026-02-12T21:40:37.6637256+08:00" testType="13cdc9d9-ddb5-4fa4-a97d-d965ccfc6d4b" outcome="Passed" testListId="8c84fa94-04c1-424b-9868-57a2d4851a1d" relativeResultsDirectory="d64a1d75-8952-421e-af6c-5b17abd4eebb" />
  </Results>
  <TestDefinitions>
    <UnitTest name="MilkApiManager.Tests.Controllers.ConsumerControllerTests.UpdateConsumer_ValidatesMaxLength" storage="d:\fdjy1234_github\milk-api-manager-system\milk-api-manager-system\backend\milkapimanager.tests\bin\debug\net8.0\milkapimanager.tests.dll" id="a49be325-a4c7-6a4c-dc97-f1fd0b1739be">
      <Execution id="bfd1bd2b-eb67-4713-a0c6-b4b0e40bb9b3" />
      <TestMethod codeBase="D:\fdjy1234_github\milk-api-manager-system\milk-api-manager-system\backend\MilkApiManager.Tests\bin\Debug\net8.0\MilkApiManager.Tests.dll" adapterTypeName="executor://xunit/VsTestRunner3/netcore/" className="MilkApiManager.Tests.Controllers.ConsumerControllerTests" name="UpdateConsumer_ValidatesMaxLength" />
    </UnitTest>
    <UnitTest name="MilkApiManager.Tests.Controllers.AnalyticsControllerTests.GetRequests_ValidatesLabels(consumer: &quot;consumer_01&quot;, route: &quot;route.v2&quot;, shouldSucceed: True)" storage="d:\fdjy1234_github\milk-api-manager-system\milk-api-manager-system\backend\milkapimanager.tests\bin\debug\net8.0\milkapimanager.tests.dll" id="f0314d34-07e6-7225-4a7a-925aa57a6cc7">
      <Execution id="28b51be7-05f5-4862-8be8-c62b6989e174" />
      <TestMethod codeBase="D:\fdjy1234_github\milk-api-manager-system\milk-api-manager-system\backend\MilkApiManager.Tests\bin\Debug\net8.0\MilkApiManager.Tests.dll" adapterTypeName="executor://xunit/VsTestRunner3/netcore/" className="MilkApiManager.Tests.Controllers.AnalyticsControllerTests" name="GetRequests_ValidatesLabels" />
    </UnitTest>
    <UnitTest name="MilkApiManager.Tests.Services.SecurityAutomationServiceTests.CheckAndRotateKeys_DoesNotThrow_WhenVaultFails" storage="d:\fdjy1234_github\milk-api-manager-system\milk-api-manager-system\backend\milkapimanager.tests\bin\debug\net8.0\milkapimanager.tests.dll" id="1d227a54-f238-9e07-3ce0-d9b33f434ba9">
      <Execution id="14e4d343-a376-4d18-b5e7-b555dab2db32" />
      <TestMethod codeBase="D:\fdjy1234_github\milk-api-manager-system\milk-api-manager-system\backend\MilkApiManager.Tests\bin\Debug\net8.0\MilkApiManager.Tests.dll" adapterTypeName="executor://xunit/VsTestRunner3/netcore/" className="MilkApiManager.Tests.Services.SecurityAutomationServiceTests" name="CheckAndRotateKeys_DoesNotThrow_WhenVaultFails" />
    </UnitTest>
    <UnitTest name="MilkApiManager.Tests.Services.ApisixClientTests.CreateRouteAsync_OmitsNullProperties_InSerialization" storage="d:\fdjy1234_github\milk-api-manager-system\milk-api-manager-system\backend\milkapimanager.tests\bin\debug\net8.0\milkapimanager.tests.dll" id="d923a002-f0a6-9602-8c28-1d215f48a243">
      <Execution id="c9e3997e-3a8b-48e1-93c4-72fd696d360b" />
      <TestMethod codeBase="D:\fdjy1234_github\milk-api-manager-system\milk-api-manager-system\backend\MilkApiManager.Tests\bin\Debug\net8.0\MilkApiManager.Tests.dll" adapterTypeName="executor://xunit/VsTestRunner3/netcore/" className="MilkApiManager.Tests.Services.ApisixClientTests" name="CreateRouteAsync_OmitsNullProperties_InSerialization" />
    </UnitTest>
    <UnitTest name="MilkApiManager.Tests.Controllers.BlacklistControllerTests.UpdateBlacklist_ReturnsBadRequest_WhenActionInvalid" storage="d:\fdjy1234_github\milk-api-manager-system\milk-api-manager-system\backend\milkapimanager.tests\bin\debug\net8.0\milkapimanager.tests.dll" id="b6210f88-4c4b-d200-9fce-3ae1ce0d1e37">
      <Execution id="0c99cb5a-f748-4f7b-91ee-0d1b293d6029" />
      <TestMethod codeBase="D:\fdjy1234_github\milk-api-manager-system\milk-api-manager-system\backend\MilkApiManager.Tests\bin\Debug\net8.0\MilkApiManager.Tests.dll" adapterTypeName="executor://xunit/VsTestRunner3/netcore/" className="MilkApiManager.Tests.Controllers.BlacklistControllerTests" name="UpdateBlacklist_ReturnsBadRequest_WhenActionInvalid" />
    </UnitTest>
    <UnitTest name="MilkApiManager.Tests.Controllers.RouteControllerTests.UpdateRoute_ReturnsBadRequest_WhenConfigIsNull" storage="d:\fdjy1234_github\milk-api-manager-system\milk-api-manager-system\backend\milkapimanager.tests\bin\debug\net8.0\milkapimanager.tests.dll" id="40f6fab8-f635-f4d4-9393-0b3bd19cf44d">
      <Execution id="f824e2cf-8d49-4b29-9299-eaacc839c7c6" />
      <TestMethod codeBase="D:\fdjy1234_github\milk-api-manager-system\milk-api-manager-system\backend\MilkApiManager.Tests\bin\Debug\net8.0\MilkApiManager.Tests.dll" adapterTypeName="executor://xunit/VsTestRunner3/netcore/" className="MilkApiManager.Tests.Controllers.RouteControllerTests" name="UpdateRoute_ReturnsBadRequest_WhenConfigIsNull" />
    </UnitTest>
    <UnitTest name="MilkApiManager.Tests.Services.ApisixClientTests.DeleteConsumerAsync_DoesNotThrow_WhenServerError" storage="d:\fdjy1234_github\milk-api-manager-system\milk-api-manager-system\backend\milkapimanager.tests\bin\debug\net8.0\milkapimanager.tests.dll" id="257c91ba-c332-03bd-1342-37f3f069ea08">
      <Execution id="d56ee83b-853a-4de0-a78f-f00cd6328901" />
      <TestMethod codeBase="D:\fdjy1234_github\milk-api-manager-system\milk-api-manager-system\backend\MilkApiManager.Tests\bin\Debug\net8.0\MilkApiManager.Tests.dll" adapterTypeName="executor://xunit/VsTestRunner3/netcore/" className="MilkApiManager.Tests.Services.ApisixClientTests" name="DeleteConsumerAsync_DoesNotThrow_WhenServerError" />
    </UnitTest>
    <UnitTest name="MilkApiManager.Tests.Services.VaultServiceTests.GetSecretAsync_ReturnsMockValue" storage="d:\fdjy1234_github\milk-api-manager-system\milk-api-manager-system\backend\milkapimanager.tests\bin\debug\net8.0\milkapimanager.tests.dll" id="ffcba62c-6209-a5fc-f9ac-f8f1b183fd42">
      <Execution id="381fd65e-66ce-4881-9c05-d55a64670b48" />
      <TestMethod codeBase="D:\fdjy1234_github\milk-api-manager-system\milk-api-manager-system\backend\MilkApiManager.Tests\bin\Debug\net8.0\MilkApiManager.Tests.dll" adapterTypeName="executor://xunit/VsTestRunner3/netcore/" className="MilkApiManager.Tests.Services.VaultServiceTests" name="GetSecretAsync_ReturnsMockValue" />
    </UnitTest>
    <UnitTest name="MilkApiManager.Tests.Controllers.AnalyticsControllerTests.GetLatency_ValidatesLabels(consumer: &quot;consumer\&quot;}&quot;, shouldSucceed: False)" storage="d:\fdjy1234_github\milk-api-manager-system\milk-api-manager-system\backend\milkapimanager.tests\bin\debug\net8.0\milkapimanager.tests.dll" id="b52887da-c212-133f-6b25-e2337fd93988">
      <Execution id="1cb43d8b-77fa-4f0f-bd8a-82d89ccaf1db" />
      <TestMethod codeBase="D:\fdjy1234_github\milk-api-manager-system\milk-api-manager-system\backend\MilkApiManager.Tests\bin\Debug\net8.0\MilkApiManager.Tests.dll" adapterTypeName="executor://xunit/VsTestRunner3/netcore/" className="MilkApiManager.Tests.Controllers.AnalyticsControllerTests" name="GetLatency_ValidatesLabels" />
    </UnitTest>
    <UnitTest name="MilkApiManager.Tests.Services.VaultServiceTests.StoreSecretAsync_ReturnsVersionString" storage="d:\fdjy1234_github\milk-api-manager-system\milk-api-manager-system\backend\milkapimanager.tests\bin\debug\net8.0\milkapimanager.tests.dll" id="2c577eba-b945-395a-da4d-221b90729903">
      <Execution id="08fe295e-891a-4422-bb5e-1be454853304" />
      <TestMethod codeBase="D:\fdjy1234_github\milk-api-manager-system\milk-api-manager-system\backend\MilkApiManager.Tests\bin\Debug\net8.0\MilkApiManager.Tests.dll" adapterTypeName="executor://xunit/VsTestRunner3/netcore/" className="MilkApiManager.Tests.Services.VaultServiceTests" name="StoreSecretAsync_ReturnsVersionString" />
    </UnitTest>
    <UnitTest name="MilkApiManager.Tests.Controllers.ConsumerControllerTests.UpdateConsumer_ValidatesUsername(username: &quot;&quot;, shouldSucceed: False)" storage="d:\fdjy1234_github\milk-api-manager-system\milk-api-manager-system\backend\milkapimanager.tests\bin\debug\net8.0\milkapimanager.tests.dll" id="e1ee062d-cf03-28fd-b173-c66ab51a993f">
      <Execution id="9a91a836-648e-4305-bf35-5b0cc9577a98" />
      <TestMethod codeBase="D:\fdjy1234_github\milk-api-manager-system\milk-api-manager-system\backend\MilkApiManager.Tests\bin\Debug\net8.0\MilkApiManager.Tests.dll" adapterTypeName="executor://xunit/VsTestRunner3/netcore/" className="MilkApiManager.Tests.Controllers.ConsumerControllerTests" name="UpdateConsumer_ValidatesUsername" />
    </UnitTest>
    <UnitTest name="MilkApiManager.Tests.Controllers.RouteControllerTests.GetRoutes_Returns500_WhenExceptionThrown" storage="d:\fdjy1234_github\milk-api-manager-system\milk-api-manager-system\backend\milkapimanager.tests\bin\debug\net8.0\milkapimanager.tests.dll" id="3ddde079-7c45-8250-823a-ebe9f40c444a">
      <Execution id="da0c094d-0edc-4f29-8824-b1d31679b102" />
      <TestMethod codeBase="D:\fdjy1234_github\milk-api-manager-system\milk-api-manager-system\backend\MilkApiManager.Tests\bin\Debug\net8.0\MilkApiManager.Tests.dll" adapterTypeName="executor://xunit/VsTestRunner3/netcore/" className="MilkApiManager.Tests.Controllers.RouteControllerTests" name="GetRoutes_Returns500_WhenExceptionThrown" />
    </UnitTest>
    <UnitTest name="MilkApiManager.Tests.Controllers.AnalyticsControllerTests.GetRequests_ValidatesLabels(consumer: &quot;a])}[5m&quot;, route: null, shouldSucceed: False)" storage="d:\fdjy1234_github\milk-api-manager-system\milk-api-manager-system\backend\milkapimanager.tests\bin\debug\net8.0\milkapimanager.tests.dll" id="f104caa1-db0a-4b32-2e93-8625ea3c6dfa">
      <Execution id="6f3fe60f-36f7-4009-a6e7-34f96d974cdf" />
      <TestMethod codeBase="D:\fdjy1234_github\milk-api-manager-system\milk-api-manager-system\backend\MilkApiManager.Tests\bin\Debug\net8.0\MilkApiManager.Tests.dll" adapterTypeName="executor://xunit/VsTestRunner3/netcore/" className="MilkApiManager.Tests.Controllers.AnalyticsControllerTests" name="GetRequests_ValidatesLabels" />
    </UnitTest>
    <UnitTest name="MilkApiManager.Tests.Controllers.ConsumerControllerTests.UpdateConsumer_ValidatesUsername(username: &quot;&lt;script&gt;alert(1)&lt;/script&gt;&quot;, shouldSucceed: False)" storage="d:\fdjy1234_github\milk-api-manager-system\milk-api-manager-system\backend\milkapimanager.tests\bin\debug\net8.0\milkapimanager.tests.dll" id="c6e37165-53bd-87b1-9aca-76f23bc2ffb4">
      <Execution id="0d00e62a-b7ea-4392-a3c0-3d07cc4c9c62" />
      <TestMethod codeBase="D:\fdjy1234_github\milk-api-manager-system\milk-api-manager-system\backend\MilkApiManager.Tests\bin\Debug\net8.0\MilkApiManager.Tests.dll" adapterTypeName="executor://xunit/VsTestRunner3/netcore/" className="MilkApiManager.Tests.Controllers.ConsumerControllerTests" name="UpdateConsumer_ValidatesUsername" />
    </UnitTest>
    <UnitTest name="MilkApiManager.Tests.Services.SecurityAutomationServiceTests.BlockMaliciousIP_ThrowsIfUpdateFails" storage="d:\fdjy1234_github\milk-api-manager-system\milk-api-manager-system\backend\milkapimanager.tests\bin\debug\net8.0\milkapimanager.tests.dll" id="e6fd53e9-df3d-fcdc-af44-8c37f329f74e">
      <Execution id="68d9dc4e-acff-40ed-9cc4-d93fce122d2b" />
      <TestMethod codeBase="D:\fdjy1234_github\milk-api-manager-system\milk-api-manager-system\backend\MilkApiManager.Tests\bin\Debug\net8.0\MilkApiManager.Tests.dll" adapterTypeName="executor://xunit/VsTestRunner3/netcore/" className="MilkApiManager.Tests.Services.SecurityAutomationServiceTests" name="BlockMaliciousIP_ThrowsIfUpdateFails" />
    </UnitTest>
    <UnitTest name="MilkApiManager.Tests.Controllers.RouteControllerTests.CreateRoute_ReturnsBadRequest_WhenConfigIsNull" storage="d:\fdjy1234_github\milk-api-manager-system\milk-api-manager-system\backend\milkapimanager.tests\bin\debug\net8.0\milkapimanager.tests.dll" id="56fcb7d7-260e-7b69-c880-12017a5a6aed">
      <Execution id="66c58058-5f52-43e7-b1f3-5e22fa4698c1" />
      <TestMethod codeBase="D:\fdjy1234_github\milk-api-manager-system\milk-api-manager-system\backend\MilkApiManager.Tests\bin\Debug\net8.0\MilkApiManager.Tests.dll" adapterTypeName="executor://xunit/VsTestRunner3/netcore/" className="MilkApiManager.Tests.Controllers.RouteControllerTests" name="CreateRoute_ReturnsBadRequest_WhenConfigIsNull" />
    </UnitTest>
    <UnitTest name="MilkApiManager.Tests.Controllers.ConsumerControllerTests.UpdateConsumer_ValidatesUsername(username: &quot;valid-user&quot;, shouldSucceed: True)" storage="d:\fdjy1234_github\milk-api-manager-system\milk-api-manager-system\backend\milkapimanager.tests\bin\debug\net8.0\milkapimanager.tests.dll" id="5559293c-6bc3-8d95-54ab-7e32b94fea00">
      <Execution id="9d383972-bf3e-4332-bc93-7f79057392c9" />
      <TestMethod codeBase="D:\fdjy1234_github\milk-api-manager-system\milk-api-manager-system\backend\MilkApiManager.Tests\bin\Debug\net8.0\MilkApiManager.Tests.dll" adapterTypeName="executor://xunit/VsTestRunner3/netcore/" className="MilkApiManager.Tests.Controllers.ConsumerControllerTests" name="UpdateConsumer_ValidatesUsername" />
    </UnitTest>
    <UnitTest name="MilkApiManager.Tests.Controllers.BlacklistControllerTests.UpdateBlacklist_ValidatesIpFormat(ip: &quot;&quot;, shouldSucceed: False)" storage="d:\fdjy1234_github\milk-api-manager-system\milk-api-manager-system\backend\milkapimanager.tests\bin\debug\net8.0\milkapimanager.tests.dll" id="db1fc3d9-e8dc-dccc-a2ce-29448a75237a">
      <Execution id="e7f12c8e-52fa-486d-b49d-8b41a45a564f" />
      <TestMethod codeBase="D:\fdjy1234_github\milk-api-manager-system\milk-api-manager-system\backend\MilkApiManager.Tests\bin\Debug\net8.0\MilkApiManager.Tests.dll" adapterTypeName="executor://xunit/VsTestRunner3/netcore/" className="MilkApiManager.Tests.Controllers.BlacklistControllerTests" name="UpdateBlacklist_ValidatesIpFormat" />
    </UnitTest>
    <UnitTest name="MilkApiManager.Tests.Controllers.BlacklistControllerTests.UpdateBlacklist_ReturnsBadRequest_WhenIpIsNull" storage="d:\fdjy1234_github\milk-api-manager-system\milk-api-manager-system\backend\milkapimanager.tests\bin\debug\net8.0\milkapimanager.tests.dll" id="72a36a07-d060-54d6-c17c-5ba18c4992e2">
      <Execution id="ee02d760-296f-46d6-ac59-2c5578044887" />
      <TestMethod codeBase="D:\fdjy1234_github\milk-api-manager-system\milk-api-manager-system\backend\MilkApiManager.Tests\bin\Debug\net8.0\MilkApiManager.Tests.dll" adapterTypeName="executor://xunit/VsTestRunner3/netcore/" className="MilkApiManager.Tests.Controllers.BlacklistControllerTests" name="UpdateBlacklist_ReturnsBadRequest_WhenIpIsNull" />
    </UnitTest>
    <UnitTest name="MilkApiManager.Tests.Services.VaultServiceTests.RotateApiKeyAsync_CreatesPluginsDict_WhenNull" storage="d:\fdjy1234_github\milk-api-manager-system\milk-api-manager-system\backend\milkapimanager.tests\bin\debug\net8.0\milkapimanager.tests.dll" id="62bf4e7c-dc89-86ff-36a8-3bbd0d2dba09">
      <Execution id="50aa1b47-1739-4fbb-a68e-632a5a8eb426" />
      <TestMethod codeBase="D:\fdjy1234_github\milk-api-manager-system\milk-api-manager-system\backend\MilkApiManager.Tests\bin\Debug\net8.0\MilkApiManager.Tests.dll" adapterTypeName="executor://xunit/VsTestRunner3/netcore/" className="MilkApiManager.Tests.Services.VaultServiceTests" name="RotateApiKeyAsync_CreatesPluginsDict_WhenNull" />
    </UnitTest>
    <UnitTest name="MilkApiManager.Tests.Controllers.BlacklistControllerTests.UpdateBlacklist_ValidatesIpFormat(ip: &quot;::1&quot;, shouldSucceed: True)" storage="d:\fdjy1234_github\milk-api-manager-system\milk-api-manager-system\backend\milkapimanager.tests\bin\debug\net8.0\milkapimanager.tests.dll" id="ecc08572-6a98-75c6-8824-47c5237c1961">
      <Execution id="36a40d32-4d35-4689-b235-d9d5f8b53942" />
      <TestMethod codeBase="D:\fdjy1234_github\milk-api-manager-system\milk-api-manager-system\backend\MilkApiManager.Tests\bin\Debug\net8.0\MilkApiManager.Tests.dll" adapterTypeName="executor://xunit/VsTestRunner3/netcore/" className="MilkApiManager.Tests.Controllers.BlacklistControllerTests" name="UpdateBlacklist_ValidatesIpFormat" />
    </UnitTest>
    <UnitTest name="MilkApiManager.Tests.Services.VaultServiceTests.RotateApiKeyAsync_ThrowsException_WhenConsumerNotFound" storage="d:\fdjy1234_github\milk-api-manager-system\milk-api-manager-system\backend\milkapimanager.tests\bin\debug\net8.0\milkapimanager.tests.dll" id="22a67c82-2e9b-d2b7-26aa-2fbb0b5f0a0c">
      <Execution id="c1d81a6f-948f-4337-8f53-cc2f47c51a8f" />
      <TestMethod codeBase="D:\fdjy1234_github\milk-api-manager-system\milk-api-manager-system\backend\MilkApiManager.Tests\bin\Debug\net8.0\MilkApiManager.Tests.dll" adapterTypeName="executor://xunit/VsTestRunner3/netcore/" className="MilkApiManager.Tests.Services.VaultServiceTests" name="RotateApiKeyAsync_ThrowsException_WhenConsumerNotFound" />
    </UnitTest>
    <UnitTest name="MilkApiManager.Tests.Controllers.ConsumerControllerTests.UpdateConsumer_ValidatesUsername(username: &quot;abc&quot;, shouldSucceed: True)" storage="d:\fdjy1234_github\milk-api-manager-system\milk-api-manager-system\backend\milkapimanager.tests\bin\debug\net8.0\milkapimanager.tests.dll" id="9d0ca9df-51b0-5fdb-9741-1c36d5c14816">
      <Execution id="268211b0-838a-4341-b95b-107d86ff3a45" />
      <TestMethod codeBase="D:\fdjy1234_github\milk-api-manager-system\milk-api-manager-system\backend\MilkApiManager.Tests\bin\Debug\net8.0\MilkApiManager.Tests.dll" adapterTypeName="executor://xunit/VsTestRunner3/netcore/" className="MilkApiManager.Tests.Controllers.ConsumerControllerTests" name="UpdateConsumer_ValidatesUsername" />
    </UnitTest>
    <UnitTest name="MilkApiManager.Tests.Controllers.KeysControllerTests.RotateKey_ReturnsBadRequest_WhenConsumerNotFound" storage="d:\fdjy1234_github\milk-api-manager-system\milk-api-manager-system\backend\milkapimanager.tests\bin\debug\net8.0\milkapimanager.tests.dll" id="66ef3bf9-70f6-8ef0-5177-f1c15f86d32f">
      <Execution id="7239865c-ef9e-4ec9-8160-06374a59db0a" />
      <TestMethod codeBase="D:\fdjy1234_github\milk-api-manager-system\milk-api-manager-system\backend\MilkApiManager.Tests\bin\Debug\net8.0\MilkApiManager.Tests.dll" adapterTypeName="executor://xunit/VsTestRunner3/netcore/" className="MilkApiManager.Tests.Controllers.KeysControllerTests" name="RotateKey_ReturnsBadRequest_WhenConsumerNotFound" />
    </UnitTest>
    <UnitTest name="MilkApiManager.Tests.Controllers.ConsumerControllerTests.UpdateConsumer_ValidatesUsername(username: &quot;user with spaces&quot;, shouldSucceed: False)" storage="d:\fdjy1234_github\milk-api-manager-system\milk-api-manager-system\backend\milkapimanager.tests\bin\debug\net8.0\milkapimanager.tests.dll" id="8ed28d72-df47-69bc-14d9-550c07e5b6a4">
      <Execution id="2167d266-37c1-4d7d-816d-c13eac66b1b5" />
      <TestMethod codeBase="D:\fdjy1234_github\milk-api-manager-system\milk-api-manager-system\backend\MilkApiManager.Tests\bin\Debug\net8.0\MilkApiManager.Tests.dll" adapterTypeName="executor://xunit/VsTestRunner3/netcore/" className="MilkApiManager.Tests.Controllers.ConsumerControllerTests" name="UpdateConsumer_ValidatesUsername" />
    </UnitTest>
    <UnitTest name="MilkApiManager.Tests.Controllers.RouteControllerTests.GetRoutes_ReturnsOk_WhenSuccessful" storage="d:\fdjy1234_github\milk-api-manager-system\milk-api-manager-system\backend\milkapimanager.tests\bin\debug\net8.0\milkapimanager.tests.dll" id="efca482b-4571-bcdc-049e-cad19b5cfbfb">
      <Execution id="4cd8c031-6175-48e3-a389-b51097598a9b" />
      <TestMethod codeBase="D:\fdjy1234_github\milk-api-manager-system\milk-api-manager-system\backend\MilkApiManager.Tests\bin\Debug\net8.0\MilkApiManager.Tests.dll" adapterTypeName="executor://xunit/VsTestRunner3/netcore/" className="MilkApiManager.Tests.Controllers.RouteControllerTests" name="GetRoutes_ReturnsOk_WhenSuccessful" />
    </UnitTest>
    <UnitTest name="MilkApiManager.Tests.Services.ApisixClientTests.CreateRouteAsync_SendsPutRequest_WithAdminApiKey" storage="d:\fdjy1234_github\milk-api-manager-system\milk-api-manager-system\backend\milkapimanager.tests\bin\debug\net8.0\milkapimanager.tests.dll" id="bdebfb1c-9fdd-3005-ab35-ffef2ee2184f">
      <Execution id="a30e6f8b-e1ac-44f4-a27b-a8cd5c71acbc" />
      <TestMethod codeBase="D:\fdjy1234_github\milk-api-manager-system\milk-api-manager-system\backend\MilkApiManager.Tests\bin\Debug\net8.0\MilkApiManager.Tests.dll" adapterTypeName="executor://xunit/VsTestRunner3/netcore/" className="MilkApiManager.Tests.Services.ApisixClientTests" name="CreateRouteAsync_SendsPutRequest_WithAdminApiKey" />
    </UnitTest>
    <UnitTest name="MilkApiManager.Tests.Controllers.AnalyticsControllerTests.GetErrors_ValidatesLabels(consumer: &quot;consumer\&quot;}&quot;, shouldSucceed: False)" storage="d:\fdjy1234_github\milk-api-manager-system\milk-api-manager-system\backend\milkapimanager.tests\bin\debug\net8.0\milkapimanager.tests.dll" id="aa7e340d-ed05-e9a0-3ae7-561a16323a2e">
      <Execution id="6ceef9a1-638f-47b3-99c4-9ca47d904f27" />
      <TestMethod codeBase="D:\fdjy1234_github\milk-api-manager-system\milk-api-manager-system\backend\MilkApiManager.Tests\bin\Debug\net8.0\MilkApiManager.Tests.dll" adapterTypeName="executor://xunit/VsTestRunner3/netcore/" className="MilkApiManager.Tests.Controllers.AnalyticsControllerTests" name="GetErrors_ValidatesLabels" />
    </UnitTest>
    <UnitTest name="MilkApiManager.Tests.Controllers.AnalyticsControllerTests.GetRequests_ValidatesLabels(consumer: &quot;consumer\&quot;}&quot;, route: null, shouldSucceed: False)" storage="d:\fdjy1234_github\milk-api-manager-system\milk-api-manager-system\backend\milkapimanager.tests\bin\debug\net8.0\milkapimanager.tests.dll" id="512c2e97-1710-ff78-b548-232b7f52b845">
      <Execution id="51655ccf-4fa6-4de1-8090-c681e094863a" />
      <TestMethod codeBase="D:\fdjy1234_github\milk-api-manager-system\milk-api-manager-system\backend\MilkApiManager.Tests\bin\Debug\net8.0\MilkApiManager.Tests.dll" adapterTypeName="executor://xunit/VsTestRunner3/netcore/" className="MilkApiManager.Tests.Controllers.AnalyticsControllerTests" name="GetRequests_ValidatesLabels" />
    </UnitTest>
    <UnitTest name="MilkApiManager.Tests.Controllers.ConsumerControllerTests.GetConsumers_ReturnsOk_WhenSuccessful" storage="d:\fdjy1234_github\milk-api-manager-system\milk-api-manager-system\backend\milkapimanager.tests\bin\debug\net8.0\milkapimanager.tests.dll" id="30445c71-721b-f2f2-f48a-b8f9e1a87f01">
      <Execution id="804390d6-0ef8-4378-b274-d4bbd0416ffb" />
      <TestMethod codeBase="D:\fdjy1234_github\milk-api-manager-system\milk-api-manager-system\backend\MilkApiManager.Tests\bin\Debug\net8.0\MilkApiManager.Tests.dll" adapterTypeName="executor://xunit/VsTestRunner3/netcore/" className="MilkApiManager.Tests.Controllers.ConsumerControllerTests" name="GetConsumers_ReturnsOk_WhenSuccessful" />
    </UnitTest>
    <UnitTest name="MilkApiManager.Tests.Controllers.BlacklistControllerTests.UpdateBlacklist_ValidatesIpFormat(ip: &quot;192.168.1.999&quot;, shouldSucceed: False)" storage="d:\fdjy1234_github\milk-api-manager-system\milk-api-manager-system\backend\milkapimanager.tests\bin\debug\net8.0\milkapimanager.tests.dll" id="c49c65a0-cb31-3981-ffd2-19b39de8b114">
      <Execution id="0a5fc941-cfd0-48fc-acee-7356b646623e" />
      <TestMethod codeBase="D:\fdjy1234_github\milk-api-manager-system\milk-api-manager-system\backend\MilkApiManager.Tests\bin\Debug\net8.0\MilkApiManager.Tests.dll" adapterTypeName="executor://xunit/VsTestRunner3/netcore/" className="MilkApiManager.Tests.Controllers.BlacklistControllerTests" name="UpdateBlacklist_ValidatesIpFormat" />
    </UnitTest>
    <UnitTest name="MilkApiManager.Tests.Controllers.ConsumerControllerTests.UpdateConsumer_ValidatesUsername(username: &quot;user_01&quot;, shouldSucceed: True)" storage="d:\fdjy1234_github\milk-api-manager-system\milk-api-manager-system\backend\milkapimanager.tests\bin\debug\net8.0\milkapimanager.tests.dll" id="d6c603e5-79ef-c6d7-0b7c-4c7eda7eb962">
      <Execution id="4201bbb4-c2d1-4a41-9744-3c262bb7f08a" />
      <TestMethod codeBase="D:\fdjy1234_github\milk-api-manager-system\milk-api-manager-system\backend\MilkApiManager.Tests\bin\Debug\net8.0\MilkApiManager.Tests.dll" adapterTypeName="executor://xunit/VsTestRunner3/netcore/" className="MilkApiManager.Tests.Controllers.ConsumerControllerTests" name="UpdateConsumer_ValidatesUsername" />
    </UnitTest>
    <UnitTest name="MilkApiManager.Tests.Services.ApisixClientTests.DeleteConsumerGroupAsync_DoesNotThrow_OnFailure" storage="d:\fdjy1234_github\milk-api-manager-system\milk-api-manager-system\backend\milkapimanager.tests\bin\debug\net8.0\milkapimanager.tests.dll" id="ebde9001-54e6-dbc9-a405-3e8f0f2c629e">
      <Execution id="c57f88af-403b-4700-85b3-407934f59e84" />
      <TestMethod codeBase="D:\fdjy1234_github\milk-api-manager-system\milk-api-manager-system\backend\MilkApiManager.Tests\bin\Debug\net8.0\MilkApiManager.Tests.dll" adapterTypeName="executor://xunit/VsTestRunner3/netcore/" className="MilkApiManager.Tests.Services.ApisixClientTests" name="DeleteConsumerGroupAsync_DoesNotThrow_OnFailure" />
    </UnitTest>
    <UnitTest name="MilkApiManager.Tests.Controllers.AnalyticsControllerTests.GetRequests_ValidatesLabels(consumer: &quot;valid-consumer&quot;, route: &quot;valid-route&quot;, shouldSucceed: True)" storage="d:\fdjy1234_github\milk-api-manager-system\milk-api-manager-system\backend\milkapimanager.tests\bin\debug\net8.0\milkapimanager.tests.dll" id="a1e6b656-1b61-0f12-4413-cdce1888bee8">
      <Execution id="a03c4db1-b83f-470a-8ba3-9a1c1f660409" />
      <TestMethod codeBase="D:\fdjy1234_github\milk-api-manager-system\milk-api-manager-system\backend\MilkApiManager.Tests\bin\Debug\net8.0\MilkApiManager.Tests.dll" adapterTypeName="executor://xunit/VsTestRunner3/netcore/" className="MilkApiManager.Tests.Controllers.AnalyticsControllerTests" name="GetRequests_ValidatesLabels" />
    </UnitTest>
    <UnitTest name="MilkApiManager.Tests.Controllers.RouteControllerTests.CreateRoute_ReturnsBadRequest_WhenIdIsEmpty" storage="d:\fdjy1234_github\milk-api-manager-system\milk-api-manager-system\backend\milkapimanager.tests\bin\debug\net8.0\milkapimanager.tests.dll" id="30ce38e5-ce06-d698-7c0a-4e7ab05b40ef">
      <Execution id="e9e433b2-c58c-46bc-a6f3-5267fd6f0afe" />
      <TestMethod codeBase="D:\fdjy1234_github\milk-api-manager-system\milk-api-manager-system\backend\MilkApiManager.Tests\bin\Debug\net8.0\MilkApiManager.Tests.dll" adapterTypeName="executor://xunit/VsTestRunner3/netcore/" className="MilkApiManager.Tests.Controllers.RouteControllerTests" name="CreateRoute_ReturnsBadRequest_WhenIdIsEmpty" />
    </UnitTest>
    <UnitTest name="MilkApiManager.Tests.Services.ApisixClientTests.UpdateConsumerAsync_ThrowsHttpRequestException_OnFailure" storage="d:\fdjy1234_github\milk-api-manager-system\milk-api-manager-system\backend\milkapimanager.tests\bin\debug\net8.0\milkapimanager.tests.dll" id="52b64445-1c46-b925-d7c3-5c3a820df7cd">
      <Execution id="35cdc2e5-4a26-4cd0-996f-11e0ecb5a806" />
      <TestMethod codeBase="D:\fdjy1234_github\milk-api-manager-system\milk-api-manager-system\backend\MilkApiManager.Tests\bin\Debug\net8.0\MilkApiManager.Tests.dll" adapterTypeName="executor://xunit/VsTestRunner3/netcore/" className="MilkApiManager.Tests.Services.ApisixClientTests" name="UpdateConsumerAsync_ThrowsHttpRequestException_OnFailure" />
    </UnitTest>
    <UnitTest name="MilkApiManager.Tests.Controllers.AnalyticsControllerTests.GetRequests_ValidatesLabels(consumer: &quot;consumer with spaces&quot;, route: null, shouldSucceed: False)" storage="d:\fdjy1234_github\milk-api-manager-system\milk-api-manager-system\backend\milkapimanager.tests\bin\debug\net8.0\milkapimanager.tests.dll" id="f8b3dd9d-db7f-b6f3-3ed5-706375005419">
      <Execution id="10bad937-c7ea-493f-aa60-b5c5375fd362" />
      <TestMethod codeBase="D:\fdjy1234_github\milk-api-manager-system\milk-api-manager-system\backend\MilkApiManager.Tests\bin\Debug\net8.0\MilkApiManager.Tests.dll" adapterTypeName="executor://xunit/VsTestRunner3/netcore/" className="MilkApiManager.Tests.Controllers.AnalyticsControllerTests" name="GetRequests_ValidatesLabels" />
    </UnitTest>
    <UnitTest name="MilkApiManager.Tests.Controllers.ConsumerControllerTests.UpdateConsumer_ValidatesUsername(username: &quot;user;DROP TABLE&quot;, shouldSucceed: False)" storage="d:\fdjy1234_github\milk-api-manager-system\milk-api-manager-system\backend\milkapimanager.tests\bin\debug\net8.0\milkapimanager.tests.dll" id="ea9be910-cda8-b279-a19a-a5d1c8813a6f">
      <Execution id="0f47b8a3-149e-4d07-8df4-e2a9a032d0d8" />
      <TestMethod codeBase="D:\fdjy1234_github\milk-api-manager-system\milk-api-manager-system\backend\MilkApiManager.Tests\bin\Debug\net8.0\MilkApiManager.Tests.dll" adapterTypeName="executor://xunit/VsTestRunner3/netcore/" className="MilkApiManager.Tests.Controllers.ConsumerControllerTests" name="UpdateConsumer_ValidatesUsername" />
    </UnitTest>
    <UnitTest name="MilkApiManager.Tests.Controllers.KeysControllerTests.CreateKey_ReturnsBadRequest_WhenRequestIsNull" storage="d:\fdjy1234_github\milk-api-manager-system\milk-api-manager-system\backend\milkapimanager.tests\bin\debug\net8.0\milkapimanager.tests.dll" id="87929b26-138a-e9de-0e4d-30bd4fbcb60c">
      <Execution id="5416fc73-7596-4cee-b02f-dd3b0e7de991" />
      <TestMethod codeBase="D:\fdjy1234_github\milk-api-manager-system\milk-api-manager-system\backend\MilkApiManager.Tests\bin\Debug\net8.0\MilkApiManager.Tests.dll" adapterTypeName="executor://xunit/VsTestRunner3/netcore/" className="MilkApiManager.Tests.Controllers.KeysControllerTests" name="CreateKey_ReturnsBadRequest_WhenRequestIsNull" />
    </UnitTest>
    <UnitTest name="MilkApiManager.Tests.Services.SecurityAutomationServiceTests.BlockMaliciousIP_UpdatesGlobalPlugin" storage="d:\fdjy1234_github\milk-api-manager-system\milk-api-manager-system\backend\milkapimanager.tests\bin\debug\net8.0\milkapimanager.tests.dll" id="a48642ed-63f7-6218-c33a-c923ab65eb87">
      <Execution id="066f859a-da4e-422d-8905-290e00680c24" />
      <TestMethod codeBase="D:\fdjy1234_github\milk-api-manager-system\milk-api-manager-system\backend\MilkApiManager.Tests\bin\Debug\net8.0\MilkApiManager.Tests.dll" adapterTypeName="executor://xunit/VsTestRunner3/netcore/" className="MilkApiManager.Tests.Services.SecurityAutomationServiceTests" name="BlockMaliciousIP_UpdatesGlobalPlugin" />
    </UnitTest>
    <UnitTest name="MilkApiManager.Tests.Services.ApisixClientTests.CreateRouteAsync_ThrowsHttpRequestException_OnFailure" storage="d:\fdjy1234_github\milk-api-manager-system\milk-api-manager-system\backend\milkapimanager.tests\bin\debug\net8.0\milkapimanager.tests.dll" id="d0410117-60ac-974a-6421-cd30e4f17408">
      <Execution id="d4070f68-f7e7-4e58-aa1e-469bf44465ab" />
      <TestMethod codeBase="D:\fdjy1234_github\milk-api-manager-system\milk-api-manager-system\backend\MilkApiManager.Tests\bin\Debug\net8.0\MilkApiManager.Tests.dll" adapterTypeName="executor://xunit/VsTestRunner3/netcore/" className="MilkApiManager.Tests.Services.ApisixClientTests" name="CreateRouteAsync_ThrowsHttpRequestException_OnFailure" />
    </UnitTest>
    <UnitTest name="MilkApiManager.Tests.Controllers.AnalyticsControllerTests.GetRequests_ValidatesLabels(consumer: null, route: &quot;route{}&quot;, shouldSucceed: False)" storage="d:\fdjy1234_github\milk-api-manager-system\milk-api-manager-system\backend\milkapimanager.tests\bin\debug\net8.0\milkapimanager.tests.dll" id="73ccee34-0bfe-b306-54fa-a14b539d1c4e">
      <Execution id="3efd0f98-d5f9-4e68-a49d-1c3ca4c88211" />
      <TestMethod codeBase="D:\fdjy1234_github\milk-api-manager-system\milk-api-manager-system\backend\MilkApiManager.Tests\bin\Debug\net8.0\MilkApiManager.Tests.dll" adapterTypeName="executor://xunit/VsTestRunner3/netcore/" className="MilkApiManager.Tests.Controllers.AnalyticsControllerTests" name="GetRequests_ValidatesLabels" />
    </UnitTest>
    <UnitTest name="MilkApiManager.Tests.Controllers.ConsumerControllerTests.DeleteConsumer_ValidatesUsername(username: &quot;valid-user&quot;, shouldSucceed: True)" storage="d:\fdjy1234_github\milk-api-manager-system\milk-api-manager-system\backend\milkapimanager.tests\bin\debug\net8.0\milkapimanager.tests.dll" id="5850594e-d808-99e4-c449-62cee33d8c49">
      <Execution id="d4c9ae98-558a-48af-ad42-363910866f74" />
      <TestMethod codeBase="D:\fdjy1234_github\milk-api-manager-system\milk-api-manager-system\backend\MilkApiManager.Tests\bin\Debug\net8.0\MilkApiManager.Tests.dll" adapterTypeName="executor://xunit/VsTestRunner3/netcore/" className="MilkApiManager.Tests.Controllers.ConsumerControllerTests" name="DeleteConsumer_ValidatesUsername" />
    </UnitTest>
    <UnitTest name="MilkApiManager.Tests.Controllers.BlacklistControllerTests.GetBlacklist_ReturnsOk" storage="d:\fdjy1234_github\milk-api-manager-system\milk-api-manager-system\backend\milkapimanager.tests\bin\debug\net8.0\milkapimanager.tests.dll" id="0b0cced3-faf7-abdb-84f0-54c633607639">
      <Execution id="84519f8a-cfb1-4800-9d3d-d7d052cd7dcc" />
      <TestMethod codeBase="D:\fdjy1234_github\milk-api-manager-system\milk-api-manager-system\backend\MilkApiManager.Tests\bin\Debug\net8.0\MilkApiManager.Tests.dll" adapterTypeName="executor://xunit/VsTestRunner3/netcore/" className="MilkApiManager.Tests.Controllers.BlacklistControllerTests" name="GetBlacklist_ReturnsOk" />
    </UnitTest>
    <UnitTest name="MilkApiManager.Tests.Services.ApisixClientTests.GetRouteAsync_ParsesNodeWrapper" storage="d:\fdjy1234_github\milk-api-manager-system\milk-api-manager-system\backend\milkapimanager.tests\bin\debug\net8.0\milkapimanager.tests.dll" id="75aa6953-7066-c01c-6408-d80be15176a5">
      <Execution id="16f41867-9c12-40ea-a58a-eb4acb9e9262" />
      <TestMethod codeBase="D:\fdjy1234_github\milk-api-manager-system\milk-api-manager-system\backend\MilkApiManager.Tests\bin\Debug\net8.0\MilkApiManager.Tests.dll" adapterTypeName="executor://xunit/VsTestRunner3/netcore/" className="MilkApiManager.Tests.Services.ApisixClientTests" name="GetRouteAsync_ParsesNodeWrapper" />
    </UnitTest>
    <UnitTest name="MilkApiManager.Tests.Controllers.KeysControllerTests.CreateKey_ReturnsBadRequest_WhenOwnerIsEmpty" storage="d:\fdjy1234_github\milk-api-manager-system\milk-api-manager-system\backend\milkapimanager.tests\bin\debug\net8.0\milkapimanager.tests.dll" id="314310a4-7db0-2a35-2567-d2cf9cef1619">
      <Execution id="156f00e4-49af-4c45-820d-e220a1f2a97d" />
      <TestMethod codeBase="D:\fdjy1234_github\milk-api-manager-system\milk-api-manager-system\backend\MilkApiManager.Tests\bin\Debug\net8.0\MilkApiManager.Tests.dll" adapterTypeName="executor://xunit/VsTestRunner3/netcore/" className="MilkApiManager.Tests.Controllers.KeysControllerTests" name="CreateKey_ReturnsBadRequest_WhenOwnerIsEmpty" />
    </UnitTest>
    <UnitTest name="MilkApiManager.Tests.Controllers.BlacklistControllerTests.UpdateBlacklist_ValidatesIpFormat(ip: &quot;192.168.1.1&quot;, shouldSucceed: True)" storage="d:\fdjy1234_github\milk-api-manager-system\milk-api-manager-system\backend\milkapimanager.tests\bin\debug\net8.0\milkapimanager.tests.dll" id="02ce7c2c-7385-743d-2030-e8cad5f9543f">
      <Execution id="889f8aca-3765-47f1-a3dd-57c62dc46231" />
      <TestMethod codeBase="D:\fdjy1234_github\milk-api-manager-system\milk-api-manager-system\backend\MilkApiManager.Tests\bin\Debug\net8.0\MilkApiManager.Tests.dll" adapterTypeName="executor://xunit/VsTestRunner3/netcore/" className="MilkApiManager.Tests.Controllers.BlacklistControllerTests" name="UpdateBlacklist_ValidatesIpFormat" />
    </UnitTest>
    <UnitTest name="MilkApiManager.Tests.Services.ApisixClientTests.UpdateBlacklistAsync_SendsCorrectPayload" storage="d:\fdjy1234_github\milk-api-manager-system\milk-api-manager-system\backend\milkapimanager.tests\bin\debug\net8.0\milkapimanager.tests.dll" id="6530e71b-6ef4-c8b4-1698-b87f25d9da93">
      <Execution id="28cb2f1b-0d7a-4382-af4b-290986bf029c" />
      <TestMethod codeBase="D:\fdjy1234_github\milk-api-manager-system\milk-api-manager-system\backend\MilkApiManager.Tests\bin\Debug\net8.0\MilkApiManager.Tests.dll" adapterTypeName="executor://xunit/VsTestRunner3/netcore/" className="MilkApiManager.Tests.Services.ApisixClientTests" name="UpdateBlacklistAsync_SendsCorrectPayload" />
    </UnitTest>
    <UnitTest name="MilkApiManager.Tests.Controllers.AnalyticsControllerTests.GetLatency_ValidatesLabels(consumer: &quot;valid-consumer&quot;, shouldSucceed: True)" storage="d:\fdjy1234_github\milk-api-manager-system\milk-api-manager-system\backend\milkapimanager.tests\bin\debug\net8.0\milkapimanager.tests.dll" id="ea2f5aac-52a3-f83b-39eb-7a8df5843333">
      <Execution id="aefa4525-1193-4df7-b166-4f28c2eccdf6" />
      <TestMethod codeBase="D:\fdjy1234_github\milk-api-manager-system\milk-api-manager-system\backend\MilkApiManager.Tests\bin\Debug\net8.0\MilkApiManager.Tests.dll" adapterTypeName="executor://xunit/VsTestRunner3/netcore/" className="MilkApiManager.Tests.Controllers.AnalyticsControllerTests" name="GetLatency_ValidatesLabels" />
    </UnitTest>
    <UnitTest name="MilkApiManager.Tests.Controllers.BlacklistControllerTests.UpdateBlacklist_ValidatesIpFormat(ip: &quot;10.0.0.0/24&quot;, shouldSucceed: True)" storage="d:\fdjy1234_github\milk-api-manager-system\milk-api-manager-system\backend\milkapimanager.tests\bin\debug\net8.0\milkapimanager.tests.dll" id="f3425f18-1e82-1f10-a930-ef4b71fad77f">
      <Execution id="46dafecb-f6cf-4417-8caf-571faa4085ba" />
      <TestMethod codeBase="D:\fdjy1234_github\milk-api-manager-system\milk-api-manager-system\backend\MilkApiManager.Tests\bin\Debug\net8.0\MilkApiManager.Tests.dll" adapterTypeName="executor://xunit/VsTestRunner3/netcore/" className="MilkApiManager.Tests.Controllers.BlacklistControllerTests" name="UpdateBlacklist_ValidatesIpFormat" />
    </UnitTest>
    <UnitTest name="MilkApiManager.Tests.Controllers.AnalyticsControllerTests.GetRequests_ValidatesLabels(consumer: &quot;&quot;, route: &quot;&quot;, shouldSucceed: True)" storage="d:\fdjy1234_github\milk-api-manager-system\milk-api-manager-system\backend\milkapimanager.tests\bin\debug\net8.0\milkapimanager.tests.dll" id="730bd65e-45a0-735e-4cf6-e745038aaabe">
      <Execution id="90a2b17f-a812-4168-970b-15a3ff6d1890" />
      <TestMethod codeBase="D:\fdjy1234_github\milk-api-manager-system\milk-api-manager-system\backend\MilkApiManager.Tests\bin\Debug\net8.0\MilkApiManager.Tests.dll" adapterTypeName="executor://xunit/VsTestRunner3/netcore/" className="MilkApiManager.Tests.Controllers.AnalyticsControllerTests" name="GetRequests_ValidatesLabels" />
    </UnitTest>
    <UnitTest name="MilkApiManager.Tests.Services.ApisixClientTests.DeleteServiceAsync_DoesNotThrow_WhenForbidden" storage="d:\fdjy1234_github\milk-api-manager-system\milk-api-manager-system\backend\milkapimanager.tests\bin\debug\net8.0\milkapimanager.tests.dll" id="33796f33-53eb-4e61-ffd1-50467db45be1">
      <Execution id="b1602d4a-7ccc-489a-bb8d-4d9459efb591" />
      <TestMethod codeBase="D:\fdjy1234_github\milk-api-manager-system\milk-api-manager-system\backend\MilkApiManager.Tests\bin\Debug\net8.0\MilkApiManager.Tests.dll" adapterTypeName="executor://xunit/VsTestRunner3/netcore/" className="MilkApiManager.Tests.Services.ApisixClientTests" name="DeleteServiceAsync_DoesNotThrow_WhenForbidden" />
    </UnitTest>
    <UnitTest name="MilkApiManager.Tests.Controllers.BlacklistControllerTests.UpdateBlacklist_ValidatesIpFormat(ip: &quot;fe80::1&quot;, shouldSucceed: True)" storage="d:\fdjy1234_github\milk-api-manager-system\milk-api-manager-system\backend\milkapimanager.tests\bin\debug\net8.0\milkapimanager.tests.dll" id="624fbe5f-fbc8-cf04-2bbf-afee4e8b2ae4">
      <Execution id="5b34b05b-d737-4567-a4ff-7a23fb851ee0" />
      <TestMethod codeBase="D:\fdjy1234_github\milk-api-manager-system\milk-api-manager-system\backend\MilkApiManager.Tests\bin\Debug\net8.0\MilkApiManager.Tests.dll" adapterTypeName="executor://xunit/VsTestRunner3/netcore/" className="MilkApiManager.Tests.Controllers.BlacklistControllerTests" name="UpdateBlacklist_ValidatesIpFormat" />
    </UnitTest>
[...]
    </UnitTest>
    <UnitTest name="MilkApiManager.Tests.Controllers.AnalyticsControllerTests.GetRequests_ValidatesLabels(consumer: null, route: null, shouldSucceed: True)" storage="d:\fdjy1234_github\milk-api-manager-system\milk-api-manager-system\backend\milkapimanager.tests\bin\debug\net8.0\milkapimanager.tests.dll" id="a6c06205-b386-bc83-bfc1-98aed73130a2">
      <Execution id="38f77b4c-c331-4e56-aff7-e20e509ed606" />
      <TestMethod codeBase="D:\fdjy1234_github\milk-api-manager-system\milk-api-manager-system\backend\MilkApiManager.Tests\bin\Debug\net8.0\MilkApiManager.Tests.dll" adapterTypeName="executor://xunit/VsTestRunner3/netcore/" className="MilkApiManager.Tests.Controllers.AnalyticsControllerTests" name="GetRequests_ValidatesLabels" />
    </UnitTest>
    <UnitTest name="MilkApiManager.Tests.Services.ApisixClientTests.GetBlacklistAsync_ReturnsEmptyList_WhenNoBlacklistProperty" storage="d:\fdjy1234_github\milk-api-manager-system\milk-api-manager-system\backend\milkapimanager.tests\bin\debug\net8.0\milkapimanager.tests.dll" id="9483f9cd-0e71-a84a-dabe-7e34a16cb912">
      <Execution id="bb8d454d-267b-4313-a37c-231be6136c65" />
      <TestMethod codeBase="D:\fdjy1234_github\milk-api-manager-system\milk-api-manager-system\backend\MilkApiManager.Tests\bin\Debug\net8.0\MilkApiManager.Tests.dll" adapterTypeName="executor://xunit/VsTestRunner3/netcore/" className="MilkApiManager.Tests.Services.ApisixClientTests" name="GetBlacklistAsync_ReturnsEmptyList_WhenNoBlacklistProperty" />
    </UnitTest>
    <UnitTest name="MilkApiManager.Tests.Controllers.BlacklistControllerTests.UpdateBlacklist_ValidatesIpFormat(ip: &quot;&lt;script&gt;alert(1)&lt;/script&gt;&quot;, shouldSucceed: False)" storage="d:\fdjy1234_github\milk-api-manager-system\milk-api-manager-system\backend\milkapimanager.tests\bin\debug\net8.0\milkapimanager.tests.dll" id="595750d2-cff9-d33d-f8f5-0d05a8a4bb06">
      <Execution id="13331424-880e-48c7-bc11-9aef3885e787" />
      <TestMethod codeBase="D:\fdjy1234_github\milk-api-manager-system\milk-api-manager-system\backend\MilkApiManager.Tests\bin\Debug\net8.0\MilkApiManager.Tests.dll" adapterTypeName="executor://xunit/VsTestRunner3/netcore/" className="MilkApiManager.Tests.Controllers.BlacklistControllerTests" name="UpdateBlacklist_ValidatesIpFormat" />
    </UnitTest>
    <UnitTest name="MilkApiManager.Tests.Controllers.ConsumerControllerTests.DeleteConsumer_ValidatesUsername(username: &quot;user;DROP TABLE&quot;, shouldSucceed: False)" storage="d:\fdjy1234_github\milk-api-manager-system\milk-api-manager-system\backend\milkapimanager.tests\bin\debug\net8.0\milkapimanager.tests.dll" id="0f63731f-5e50-806a-d392-20a80ce477a9">
      <Execution id="9d977712-8652-4296-af28-f54a9b226726" />
      <TestMethod codeBase="D:\fdjy1234_github\milk-api-manager-system\milk-api-manager-system\backend\MilkApiManager.Tests\bin\Debug\net8.0\MilkApiManager.Tests.dll" adapterTypeName="executor://xunit/VsTestRunner3/netcore/" className="MilkApiManager.Tests.Controllers.ConsumerControllerTests" name="DeleteConsumer_ValidatesUsername" />
    </UnitTest>
    <UnitTest name="MilkApiManager.Tests.Services.VaultServiceTests.RotateApiKeyAsync_ReturnsNewKey_AndUpdatesConsumer" storage="d:\fdjy1234_github\milk-api-manager-system\milk-api-manager-system\backend\milkapimanager.tests\bin\debug\net8.0\milkapimanager.tests.dll" id="adc2f59b-f6d0-1f8b-16e9-5af1e9270169">
      <Execution id="ca9aee4e-6d24-454a-a275-a5491c70ba8c" />
      <TestMethod codeBase="D:\fdjy1234_github\milk-api-manager-system\milk-api-manager-system\backend\MilkApiManager.Tests\bin\Debug\net8.0\MilkApiManager.Tests.dll" adapterTypeName="executor://xunit/VsTestRunner3/netcore/" className="MilkApiManager.Tests.Services.VaultServiceTests" name="RotateApiKeyAsync_ReturnsNewKey_AndUpdatesConsumer" />
    </UnitTest>
    <UnitTest name="MilkApiManager.Tests.Controllers.BlacklistControllerTests.UpdateBlacklist_ValidatesIpFormat(ip: &quot;192.168.1.1; DROP TABLE users&quot;, shouldSucceed: False)" storage="d:\fdjy1234_github\milk-api-manager-system\milk-api-manager-system\backend\milkapimanager.tests\bin\debug\net8.0\milkapimanager.tests.dll" id="2821bc0f-888e-67b9-1e7e-ec7a2f8ce25d">
      <Execution id="45828bfa-2403-47ff-932e-9e70cf5b6bea" />
      <TestMethod codeBase="D:\fdjy1234_github\milk-api-manager-system\milk-api-manager-system\backend\MilkApiManager.Tests\bin\Debug\net8.0\MilkApiManager.Tests.dll" adapterTypeName="executor://xunit/VsTestRunner3/netcore/" className="MilkApiManager.Tests.Controllers.BlacklistControllerTests" name="UpdateBlacklist_ValidatesIpFormat" />
    </UnitTest>
    <UnitTest name="MilkApiManager.Tests.Controllers.AnalyticsControllerTests.GetErrors_ValidatesLabels(consumer: &quot;valid-consumer&quot;, shouldSucceed: True)" storage="d:\fdjy1234_github\milk-api-manager-system\milk-api-manager-system\backend\milkapimanager.tests\bin\debug\net8.0\milkapimanager.tests.dll" id="79217d46-4aa0-e8d3-7233-8997cb130ecc">
      <Execution id="7d54f373-bb1c-4b5b-89eb-53630523e078" />
      <TestMethod codeBase="D:\fdjy1234_github\milk-api-manager-system\milk-api-manager-system\backend\MilkApiManager.Tests\bin\Debug\net8.0\MilkApiManager.Tests.dll" adapterTypeName="executor://xunit/VsTestRunner3/netcore/" className="MilkApiManager.Tests.Controllers.AnalyticsControllerTests" name="GetErrors_ValidatesLabels" />
    </UnitTest>
    <UnitTest name="MilkApiManager.Tests.Services.SecurityAutomationServiceTests.CheckAndRotateKeys_RotatesExpiredKeys" storage="d:\fdjy1234_github\milk-api-manager-system\milk-api-manager-system\backend\milkapimanager.tests\bin\debug\net8.0\milkapimanager.tests.dll" id="75548441-23d8-106d-c884-e204f44095d3">
      <Execution id="7304362e-1ca5-4796-94e4-6cd1a17cebb2" />
      <TestMethod codeBase="D:\fdjy1234_github\milk-api-manager-system\milk-api-manager-system\backend\MilkApiManager.Tests\bin\Debug\net8.0\MilkApiManager.Tests.dll" adapterTypeName="executor://xunit/VsTestRunner3/netcore/" className="MilkApiManager.Tests.Services.SecurityAutomationServiceTests" name="CheckAndRotateKeys_RotatesExpiredKeys" />
    </UnitTest>
    <UnitTest name="MilkApiManager.Tests.Services.ApisixClientTests.CreateConsumerGroupAsync_SendsCorrectPath" storage="d:\fdjy1234_github\milk-api-manager-system\milk-api-manager-system\backend\milkapimanager.tests\bin\debug\net8.0\milkapimanager.tests.dll" id="c70efcdf-1286-9a96-21ba-6109ae2e065f">
      <Execution id="d64a1d75-8952-421e-af6c-5b17abd4eebb" />
      <TestMethod codeBase="D:\fdjy1234_github\milk-api-manager-system\milk-api-manager-system\backend\MilkApiManager.Tests\bin\Debug\net8.0\MilkApiManager.Tests.dll" adapterTypeName="executor://xunit/VsTestRunner3/netcore/" className="MilkApiManager.Tests.Services.ApisixClientTests" name="CreateConsumerGroupAsync_SendsCorrectPath" />
    </UnitTest>
    <UnitTest name="MilkApiManager.Tests.Services.ApisixClientTests.GetBlacklistAsync_ReturnsEmptyList_WhenNotFound" storage="d:\fdjy1234_github\milk-api-manager-system\milk-api-manager-system\backend\milkapimanager.tests\bin\debug\net8.0\milkapimanager.tests.dll" id="69ab431b-9f8c-c4c0-7d2d-b379bce1c602">
      <Execution id="9e05deef-47f1-4f6f-a128-8fd6152c1b07" />
      <TestMethod codeBase="D:\fdjy1234_github\milk-api-manager-system\milk-api-manager-system\backend\MilkApiManager.Tests\bin\Debug\net8.0\MilkApiManager.Tests.dll" adapterTypeName="executor://xunit/VsTestRunner3/netcore/" className="MilkApiManager.Tests.Services.ApisixClientTests" name="GetBlacklistAsync_ReturnsEmptyList_WhenNotFound" />
    </UnitTest>
  </TestDefinitions>
  <TestEntries>
    <TestEntry testId="30ce38e5-ce06-d698-7c0a-4e7ab05b40ef" executionId="e9e433b2-c58c-46bc-a6f3-5267fd6f0afe" testListId="8c84fa94-04c1-424b-9868-57a2d4851a1d" />
    <TestEntry testId="62bf4e7c-dc89-86ff-36a8-3bbd0d2dba09" executionId="50aa1b47-1739-4fbb-a68e-632a5a8eb426" testListId="8c84fa94-04c1-424b-9868-57a2d4851a1d" />
    <TestEntry testId="b52887da-c212-133f-6b25-e2337fd93988" executionId="1cb43d8b-77fa-4f0f-bd8a-82d89ccaf1db" testListId="8c84fa94-04c1-424b-9868-57a2d4851a1d" />
    <TestEntry testId="a1e6b656-1b61-0f12-4413-cdce1888bee8" executionId="a03c4db1-b83f-470a-8ba3-9a1c1f660409" testListId="8c84fa94-04c1-424b-9868-57a2d4851a1d" />
    <TestEntry testId="3ddde079-7c45-8250-823a-ebe9f40c444a" executionId="da0c094d-0edc-4f29-8824-b1d31679b102" testListId="8c84fa94-04c1-424b-9868-57a2d4851a1d" />
    <TestEntry testId="69ab431b-9f8c-c4c0-7d2d-b379bce1c602" executionId="9e05deef-47f1-4f6f-a128-8fd6152c1b07" testListId="8c84fa94-04c1-424b-9868-57a2d4851a1d" />
    <TestEntry testId="a48642ed-63f7-6218-c33a-c923ab65eb87" executionId="066f859a-da4e-422d-8905-290e00680c24" testListId="8c84fa94-04c1-424b-9868-57a2d4851a1d" />
    <TestEntry testId="02ce7c2c-7385-743d-2030-e8cad5f9543f" executionId="889f8aca-3765-47f1-a3dd-57c62dc46231" testListId="8c84fa94-04c1-424b-9868-57a2d4851a1d" />
    <TestEntry testId="52b64445-1c46-b925-d7c3-5c3a820df7cd" executionId="35cdc2e5-4a26-4cd0-996f-11e0ecb5a806" testListId="8c84fa94-04c1-424b-9868-57a2d4851a1d" />
    <TestEntry testId="8ed28d72-df47-69bc-14d9-550c07e5b6a4" executionId="2167d266-37c1-4d7d-816d-c13eac66b1b5" testListId="8c84fa94-04c1-424b-9868-57a2d4851a1d" />
    <TestEntry testId="f3425f18-1e82-1f10-a930-ef4b71fad77f" executionId="46dafecb-f6cf-4417-8caf-571faa4085ba" testListId="8c84fa94-04c1-424b-9868-57a2d4851a1d" />
    <TestEntry testId="314310a4-7db0-2a35-2567-d2cf9cef1619" executionId="156f00e4-49af-4c45-820d-e220a1f2a97d" testListId="8c84fa94-04c1-424b-9868-57a2d4851a1d" />
    <TestEntry testId="254e8cd8-9ef5-d046-018e-6aab77c2e098" executionId="d5c986b9-84ce-4cd5-995f-3bec532797db" testListId="8c84fa94-04c1-424b-9868-57a2d4851a1d" />
    <TestEntry testId="c6e37165-53bd-87b1-9aca-76f23bc2ffb4" executionId="0d00e62a-b7ea-4392-a3c0-3d07cc4c9c62" testListId="8c84fa94-04c1-424b-9868-57a2d4851a1d" />
    <TestEntry testId="30445c71-721b-f2f2-f48a-b8f9e1a87f01" executionId="804390d6-0ef8-4378-b274-d4bbd0416ffb" testListId="8c84fa94-04c1-424b-9868-57a2d4851a1d" />
    <TestEntry testId="5559293c-6bc3-8d95-54ab-7e32b94fea00" executionId="9d383972-bf3e-4332-bc93-7f79057392c9" testListId="8c84fa94-04c1-424b-9868-57a2d4851a1d" />
    <TestEntry testId="0b0cced3-faf7-abdb-84f0-54c633607639" executionId="84519f8a-cfb1-4800-9d3d-d7d052cd7dcc" testListId="8c84fa94-04c1-424b-9868-57a2d4851a1d" />
    <TestEntry testId="40f6fab8-f635-f4d4-9393-0b3bd19cf44d" executionId="f824e2cf-8d49-4b29-9299-eaacc839c7c6" testListId="8c84fa94-04c1-424b-9868-57a2d4851a1d" />
    <TestEntry testId="f104caa1-db0a-4b32-2e93-8625ea3c6dfa" executionId="6f3fe60f-36f7-4009-a6e7-34f96d974cdf" testListId="8c84fa94-04c1-424b-9868-57a2d4851a1d" />
    <TestEntry testId="a6c06205-b386-bc83-bfc1-98aed73130a2" executionId="38f77b4c-c331-4e56-aff7-e20e509ed606" testListId="8c84fa94-04c1-424b-9868-57a2d4851a1d" />
    <TestEntry testId="73ccee34-0bfe-b306-54fa-a14b539d1c4e" executionId="3efd0f98-d5f9-4e68-a49d-1c3ca4c88211" testListId="8c84fa94-04c1-424b-9868-57a2d4851a1d" />
    <TestEntry testId="595750d2-cff9-d33d-f8f5-0d05a8a4bb06" executionId="13331424-880e-48c7-bc11-9aef3885e787" testListId="8c84fa94-04c1-424b-9868-57a2d4851a1d" />
    <TestEntry testId="2821bc0f-888e-67b9-1e7e-ec7a2f8ce25d" executionId="45828bfa-2403-47ff-932e-9e70cf5b6bea" testListId="8c84fa94-04c1-424b-9868-57a2d4851a1d" />
    <TestEntry testId="d0410117-60ac-974a-6421-cd30e4f17408" executionId="d4070f68-f7e7-4e58-aa1e-469bf44465ab" testListId="8c84fa94-04c1-424b-9868-57a2d4851a1d" />
    <TestEntry testId="512c2e97-1710-ff78-b548-232b7f52b845" executionId="51655ccf-4fa6-4de1-8090-c681e094863a" testListId="8c84fa94-04c1-424b-9868-57a2d4851a1d" />
    <TestEntry testId="db1fc3d9-e8dc-dccc-a2ce-29448a75237a" executionId="e7f12c8e-52fa-486d-b49d-8b41a45a564f" testListId="8c84fa94-04c1-424b-9868-57a2d4851a1d" />
    <TestEntry testId="ebde9001-54e6-dbc9-a405-3e8f0f2c629e" executionId="c57f88af-403b-4700-85b3-407934f59e84" testListId="8c84fa94-04c1-424b-9868-57a2d4851a1d" />
    <TestEntry testId="efca482b-4571-bcdc-049e-cad19b5cfbfb" executionId="4cd8c031-6175-48e3-a389-b51097598a9b" testListId="8c84fa94-04c1-424b-9868-57a2d4851a1d" />
    <TestEntry testId="adc2f59b-f6d0-1f8b-16e9-5af1e9270169" executionId="ca9aee4e-6d24-454a-a275-a5491c70ba8c" testListId="8c84fa94-04c1-424b-9868-57a2d4851a1d" />
    <TestEntry testId="5850594e-d808-99e4-c449-62cee33d8c49" executionId="d4c9ae98-558a-48af-ad42-363910866f74" testListId="8c84fa94-04c1-424b-9868-57a2d4851a1d" />
    <TestEntry testId="ecc08572-6a98-75c6-8824-47c5237c1961" executionId="36a40d32-4d35-4689-b235-d9d5f8b53942" testListId="8c84fa94-04c1-424b-9868-57a2d4851a1d" />
    <TestEntry testId="56fcb7d7-260e-7b69-c880-12017a5a6aed" executionId="66c58058-5f52-43e7-b1f3-5e22fa4698c1" testListId="8c84fa94-04c1-424b-9868-57a2d4851a1d" />
    <TestEntry testId="ea9be910-cda8-b279-a19a-a5d1c8813a6f" executionId="0f47b8a3-149e-4d07-8df4-e2a9a032d0d8" testListId="8c84fa94-04c1-424b-9868-57a2d4851a1d" />
    <TestEntry testId="d923a002-f0a6-9602-8c28-1d215f48a243" executionId="c9e3997e-3a8b-48e1-93c4-72fd696d360b" testListId="8c84fa94-04c1-424b-9868-57a2d4851a1d" />
    <TestEntry testId="aa7e340d-ed05-e9a0-3ae7-561a16323a2e" executionId="6ceef9a1-638f-47b3-99c4-9ca47d904f27" testListId="8c84fa94-04c1-424b-9868-57a2d4851a1d" />
    <TestEntry testId="1d227a54-f238-9e07-3ce0-d9b33f434ba9" executionId="14e4d343-a376-4d18-b5e7-b555dab2db32" testListId="8c84fa94-04c1-424b-9868-57a2d4851a1d" />
    <TestEntry testId="75aa6953-7066-c01c-6408-d80be15176a5" executionId="16f41867-9c12-40ea-a58a-eb4acb9e9262" testListId="8c84fa94-04c1-424b-9868-57a2d4851a1d" />
    <TestEntry testId="33796f33-53eb-4e61-ffd1-50467db45be1" executionId="b1602d4a-7ccc-489a-bb8d-4d9459efb591" testListId="8c84fa94-04c1-424b-9868-57a2d4851a1d" />
    <TestEntry testId="79217d46-4aa0-e8d3-7233-8997cb130ecc" executionId="7d54f373-bb1c-4b5b-89eb-53630523e078" testListId="8c84fa94-04c1-424b-9868-57a2d4851a1d" />
    <TestEntry testId="c49c65a0-cb31-3981-ffd2-19b39de8b114" executionId="0a5fc941-cfd0-48fc-acee-7356b646623e" testListId="8c84fa94-04c1-424b-9868-57a2d4851a1d" />
    <TestEntry testId="e1ee062d-cf03-28fd-b173-c66ab51a993f" executionId="9a91a836-648e-4305-bf35-5b0cc9577a98" testListId="8c84fa94-04c1-424b-9868-57a2d4851a1d" />
    <TestEntry testId="b6210f88-4c4b-d200-9fce-3ae1ce0d1e37" executionId="0c99cb5a-f748-4f7b-91ee-0d1b293d6029" testListId="8c84fa94-04c1-424b-9868-57a2d4851a1d" />
    <TestEntry testId="7e034c0b-9995-e6c1-af39-9c73b1ddb19d" executionId="edc184e7-b84e-478f-aac4-1881af603b3a" testListId="8c84fa94-04c1-424b-9868-57a2d4851a1d" />
    <TestEntry testId="e6fd53e9-df3d-fcdc-af44-8c37f329f74e" executionId="68d9dc4e-acff-40ed-9cc4-d93fce122d2b" testListId="8c84fa94-04c1-424b-9868-57a2d4851a1d" />
    <TestEntry testId="6530e71b-6ef4-c8b4-1698-b87f25d9da93" executionId="28cb2f1b-0d7a-4382-af4b-290986bf029c" testListId="8c84fa94-04c1-424b-9868-57a2d4851a1d" />
    <TestEntry testId="c110877a-78fd-4160-39ec-b12a97bdee58" executionId="b8900127-28d4-4d03-bb73-66a8d46fba41" testListId="8c84fa94-04c1-424b-9868-57a2d4851a1d" />
    <TestEntry testId="ffcba62c-6209-a5fc-f9ac-f8f1b183fd42" executionId="381fd65e-66ce-4881-9c05-d55a64670b48" testListId="8c84fa94-04c1-424b-9868-57a2d4851a1d" />
    <TestEntry testId="f3efc5b2-17e6-9686-e580-c9c274d5e37a" executionId="cea0e2cf-bc08-439f-bed2-e3cc579125f1" testListId="8c84fa94-04c1-424b-9868-57a2d4851a1d" />
    <TestEntry testId="a001eca7-48b7-5f82-7471-bea44e5ccdde" executionId="919d3e70-54cd-46c7-b7b4-f6a0a08c1ff8" testListId="8c84fa94-04c1-424b-9868-57a2d4851a1d" />
    <TestEntry testId="624fbe5f-fbc8-cf04-2bbf-afee4e8b2ae4" executionId="5b34b05b-d737-4567-a4ff-7a23fb851ee0" testListId="8c84fa94-04c1-424b-9868-57a2d4851a1d" />
    <TestEntry testId="87929b26-138a-e9de-0e4d-30bd4fbcb60c" executionId="5416fc73-7596-4cee-b02f-dd3b0e7de991" testListId="8c84fa94-04c1-424b-9868-57a2d4851a1d" />
    <TestEntry testId="9483f9cd-0e71-a84a-dabe-7e34a16cb912" executionId="bb8d454d-267b-4313-a37c-231be6136c65" testListId="8c84fa94-04c1-424b-9868-57a2d4851a1d" />
    <TestEntry testId="f0314d34-07e6-7225-4a7a-925aa57a6cc7" executionId="28b51be7-05f5-4862-8be8-c62b6989e174" testListId="8c84fa94-04c1-424b-9868-57a2d4851a1d" />
    <TestEntry testId="d6c603e5-79ef-c6d7-0b7c-4c7eda7eb962" executionId="4201bbb4-c2d1-4a41-9744-3c262bb7f08a" testListId="8c84fa94-04c1-424b-9868-57a2d4851a1d" />
    <TestEntry testId="0f63731f-5e50-806a-d392-20a80ce477a9" executionId="9d977712-8652-4296-af28-f54a9b226726" testListId="8c84fa94-04c1-424b-9868-57a2d4851a1d" />
    <TestEntry testId="8666008e-2774-9cd7-4c86-4ff4982cdac9" executionId="01c38194-ce9e-4d68-8772-f8a107db3455" testListId="8c84fa94-04c1-424b-9868-57a2d4851a1d" />
    <TestEntry testId="66ef3bf9-70f6-8ef0-5177-f1c15f86d32f" executionId="7239865c-ef9e-4ec9-8160-06374a59db0a" testListId="8c84fa94-04c1-424b-9868-57a2d4851a1d" />
    <TestEntry testId="f8b3dd9d-db7f-b6f3-3ed5-706375005419" executionId="10bad937-c7ea-493f-aa60-b5c5375fd362" testListId="8c84fa94-04c1-424b-9868-57a2d4851a1d" />
    <TestEntry testId="22a67c82-2e9b-d2b7-26aa-2fbb0b5f0a0c" executionId="c1d81a6f-948f-4337-8f53-cc2f47c51a8f" testListId="8c84fa94-04c1-424b-9868-57a2d4851a1d" />
    <TestEntry testId="75548441-23d8-106d-c884-e204f44095d3" executionId="7304362e-1ca5-4796-94e4-6cd1a17cebb2" testListId="8c84fa94-04c1-424b-9868-57a2d4851a1d" />
    <TestEntry testId="bdebfb1c-9fdd-3005-ab35-ffef2ee2184f" executionId="a30e6f8b-e1ac-44f4-a27b-a8cd5c71acbc" testListId="8c84fa94-04c1-424b-9868-57a2d4851a1d" />
    <TestEntry testId="257c91ba-c332-03bd-1342-37f3f069ea08" executionId="d56ee83b-853a-4de0-a78f-f00cd6328901" testListId="8c84fa94-04c1-424b-9868-57a2d4851a1d" />
    <TestEntry testId="ea2f5aac-52a3-f83b-39eb-7a8df5843333" executionId="aefa4525-1193-4df7-b166-4f28c2eccdf6" testListId="8c84fa94-04c1-424b-9868-57a2d4851a1d" />
    <TestEntry testId="730bd65e-45a0-735e-4cf6-e745038aaabe" executionId="90a2b17f-a812-4168-970b-15a3ff6d1890" testListId="8c84fa94-04c1-424b-9868-57a2d4851a1d" />
    <TestEntry testId="2c577eba-b945-395a-da4d-221b90729903" executionId="08fe295e-891a-4422-bb5e-1be454853304" testListId="8c84fa94-04c1-424b-9868-57a2d4851a1d" />
    <TestEntry testId="72a36a07-d060-54d6-c17c-5ba18c4992e2" executionId="ee02d760-296f-46d6-ac59-2c5578044887" testListId="8c84fa94-04c1-424b-9868-57a2d4851a1d" />
    <TestEntry testId="9d0ca9df-51b0-5fdb-9741-1c36d5c14816" executionId="268211b0-838a-4341-b95b-107d86ff3a45" testListId="8c84fa94-04c1-424b-9868-57a2d4851a1d" />
    <TestEntry testId="a49be325-a4c7-6a4c-dc97-f1fd0b1739be" executionId="bfd1bd2b-eb67-4713-a0c6-b4b0e40bb9b3" testListId="8c84fa94-04c1-424b-9868-57a2d4851a1d" />
    <TestEntry testId="c70efcdf-1286-9a96-21ba-6109ae2e065f" executionId="d64a1d75-8952-421e-af6c-5b17abd4eebb" testListId="8c84fa94-04c1-424b-9868-57a2d4851a1d" />
  </TestEntries>
  <TestLists>
    <TestList name="不在清單中的結果" id="8c84fa94-04c1-424b-9868-57a2d4851a1d" />
    <TestList name="所有載入的結果" id="19431567-8539-422a-85d7-44ee4e166bda" />
  </TestLists>
  <ResultSummary outcome="Completed">
    <Counters total="69" executed="69" passed="69" failed="0" error="0" timeout="0" aborted="0" inconclusive="0" passedButRunAborted="0" notRunnable="0" notExecuted="0" disconnected="0" warning="0" completed="0" inProgress="0" pending="0" />
    <Output>
      <StdOut>[xUnit.net 00:00:00.00] xUnit.net VSTest Adapter v3.0.2+dd36e86129 (64-bit .NET 8.0.23)&#xD;
[xUnit.net 00:00:00.27]   Discovering: MilkApiManager.Tests&#xD;
[xUnit.net 00:00:00.34]   Discovered:  MilkApiManager.Tests&#xD;
[xUnit.net 00:00:00.39]   Starting:    MilkApiManager.Tests&#xD;
[xUnit.net 00:00:00.63]   Finished:    MilkApiManager.Tests&#xD;
</StdOut>
    </Output>
  </ResultSummary>
</TestRun>