<?xml version="1.0" encoding="utf-8"?>
<TestRun id="d973886a-0796-4db5-91a3-268fe04259c7" name="fdjy1@TEDMIBOOK 2026-02-21 23:44:04" runUser="TEDMIBOOK\fdjy1" xmlns="http://microsoft.com/schemas/VisualStudio/TeamTest/2010">
  <Times creation="2026-02-21T23:44:04.6636149+08:00" queuing="2026-02-21T23:44:04.6636156+08:00" start="2026-02-21T23:44:00.5888966+08:00" finish="2026-02-21T23:44:05.0499921+08:00" />
  <TestSettings name="default" id="77db1ac9-ee57-4ecc-94af-5c68978ce2f6">
    <Deployment runDeploymentRoot="fdjy1_TEDMIBOOK_2026-02-21_23_44_04" />
  </TestSettings>
  <Results>
    <UnitTestResult executionId="071706ff-8d59-4033-81bd-969b369458b2" testId="e65cf953-889d-aed2-d800-b925c27e2698" testName="MilkApiManager.Tests.Controllers.ConsumerControllerTests.DeleteConsumer_ValidUsername_ReturnsNoContent" computerName="TEDMIBOOK" duration="00:00:00.0033132" startTime="2026-02-21T23:44:04.6439067+08:00" endTime="2026-02-21T23:44:04.6439068+08:00" testType="13cdc9d9-ddb5-4fa4-a97d-d965ccfc6d4b" outcome="Passed" testListId="8c84fa94-04c1-424b-9868-57a2d4851a1d" relativeResultsDirectory="071706ff-8d59-4033-81bd-969b369458b2" />
    <UnitTestResult executionId="523eac33-3048-4f24-ae21-cd0cf97dbd26" testId="8558042f-5426-e996-6b1d-e2b2fa85119d" testName="MilkApiManager.Tests.Controllers.RouteControllerTests.CreateRoute_ValidConfig_Returns201" computerName="TEDMIBOOK" duration="00:00:00.0029672" startTime="2026-02-21T23:44:04.6618638+08:00" endTime="2026-02-21T23:44:04.6618641+08:00" testType="13cdc9d9-ddb5-4fa4-a97d-d965ccfc6d4b" outcome="Passed" testListId="8c84fa94-04c1-424b-9868-57a2d4851a1d" relativeResultsDirectory="523eac33-3048-4f24-ae21-cd0cf97dbd26" />
    <UnitTestResult executionId="1f7f72dc-1f33-4364-9247-e15d9cd45c6f" testId="110106ff-6a89-ffa1-a9f3-2cac0d82a207" testName="MilkApiManager.Tests.Controllers.AnalyticsControllerTests.GetRequests_WithConsumerFilter_PassesCorrectQuery" computerName="TEDMIBOOK" duration="00:00:00.0026840" startTime="2026-02-21T23:44:04.6453874+08:00" endTime="2026-02-21T23:44:04.6453874+08:00" testType="13cdc9d9-ddb5-4fa4-a97d-d965ccfc6d4b" outcome="Passed" testListId="8c84fa94-04c1-424b-9868-57a2d4851a1d" relativeResultsDirectory="1f7f72dc-1f33-4364-9247-e15d9cd45c6f" />
    <UnitTestResult executionId="5c243bce-006c-42d3-8bcd-24bbd43d4b0e" testId="94170f4d-354a-76ad-996e-a4ab1a6d4701" testName="MilkApiManager.Tests.Controllers.RouteControllerTests.GetRoutes_ReturnsOk" computerName="TEDMIBOOK" duration="00:00:00.0024382" startTime="2026-02-21T23:44:04.6487401+08:00" endTime="2026-02-21T23:44:04.6487402+08:00" testType="13cdc9d9-ddb5-4fa4-a97d-d965ccfc6d4b" outcome="Passed" testListId="8c84fa94-04c1-424b-9868-57a2d4851a1d" relativeResultsDirectory="5c243bce-006c-42d3-8bcd-24bbd43d4b0e" />
    <UnitTestResult executionId="7471b5dc-5509-4dd4-b557-0dd222435afb" testId="bde5c2bf-f32f-070d-8aff-1df3c60f213c" testName="MilkApiManager.Tests.Services.VaultServiceTests.RotateApiKeyAsync_ConsumerNotFound_ThrowsException" computerName="TEDMIBOOK" duration="00:00:00.0113925" startTime="2026-02-21T23:44:04.6564862+08:00" endTime="2026-02-21T23:44:04.6564866+08:00" testType="13cdc9d9-ddb5-4fa4-a97d-d965ccfc6d4b" outcome="Passed" testListId="8c84fa94-04c1-424b-9868-57a2d4851a1d" relativeResultsDirectory="7471b5dc-5509-4dd4-b557-0dd222435afb" />
    <UnitTestResult executionId="3a554a34-b134-4678-af37-d1c5b7765ba2" testId="d36d8574-0208-cc2a-7af3-d62933230c52" testName="MilkApiManager.Tests.Controllers.ConsumerControllerTests.GetConsumers_ReturnsOk_WithConsumerList" computerName="TEDMIBOOK" duration="00:00:00.0318702" startTime="2026-02-21T23:44:04.6667475+08:00" endTime="2026-02-21T23:44:04.6667479+08:00" testType="13cdc9d9-ddb5-4fa4-a97d-d965ccfc6d4b" outcome="Passed" testListId="8c84fa94-04c1-424b-9868-57a2d4851a1d" relativeResultsDirectory="3a554a34-b134-4678-af37-d1c5b7765ba2" />
    <UnitTestResult executionId="c49c3594-d093-4f08-bac2-92fc8be0bf04" testId="05ef748c-2f79-f6de-a6a8-92289af8d519" testName="MilkApiManager.Tests.Controllers.BlacklistControllerTests.UpdateBlacklist_RemoveIp_Success" computerName="TEDMIBOOK" duration="00:00:01.2206035" startTime="2026-02-21T23:44:04.9431106+08:00" endTime="2026-02-21T23:44:04.9431109+08:00" testType="13cdc9d9-ddb5-4fa4-a97d-d965ccfc6d4b" outcome="Passed" testListId="8c84fa94-04c1-424b-9868-57a2d4851a1d" relativeResultsDirectory="c49c3594-d093-4f08-bac2-92fc8be0bf04" />
    <UnitTestResult executionId="37af9093-33d0-457a-a17b-9c7742a15d46" testId="e494bac7-a81f-608c-c1ca-c0f81c3d6290" testName="MilkApiManager.Tests.Services.SecurityAutomationServiceTests.CheckAndRotateKeys_NearExpiryKey_DoesNotRotate" computerName="TEDMIBOOK" duration="00:00:00.0020418" startTime="2026-02-21T23:44:04.6440105+08:00" endTime="2026-02-21T23:44:04.6440106+08:00" testType="13cdc9d9-ddb5-4fa4-a97d-d965ccfc6d4b" outcome="Passed" testListId="8c84fa94-04c1-424b-9868-57a2d4851a1d" relativeResultsDirectory="37af9093-33d0-457a-a17b-9c7742a15d46" />
    <UnitTestResult executionId="9f07b232-246c-480d-969b-df18a0e879f7" testId="17ffb620-7c55-ec71-d9bb-ff91adfa2120" testName="MilkApiManager.Tests.Controllers.BlacklistControllerTests.GetBlacklist_WithoutDbPersistence_ReturnsApisixData" computerName="TEDMIBOOK" duration="00:00:00.0011130" startTime="2026-02-21T23:44:04.9920566+08:00" endTime="2026-02-21T23:44:04.9920568+08:00" testType="13cdc9d9-ddb5-4fa4-a97d-d965ccfc6d4b" outcome="Passed" testListId="8c84fa94-04c1-424b-9868-57a2d4851a1d" relativeResultsDirectory="9f07b232-246c-480d-969b-df18a0e879f7" />
    <UnitTestResult executionId="7908df31-5a44-4a13-b37f-dba4362cd6f7" testId="b5c78d46-3501-2b25-ab10-329aed49f601" testName="MilkApiManager.Tests.Controllers.KeysControllerTests.RotateKey_ConsumerNotFound_ReturnsBadRequest" computerName="TEDMIBOOK" duration="00:00:00.0007802" startTime="2026-02-21T23:44:04.6316374+08:00" endTime="2026-02-21T23:44:04.6316374+08:00" testType="13cdc9d9-ddb5-4fa4-a97d-d965ccfc6d4b" outcome="Passed" testListId="8c84fa94-04c1-424b-9868-57a2d4851a1d" relativeResultsDirectory="7908df31-5a44-4a13-b37f-dba4362cd6f7" />
    <UnitTestResult executionId="35c39012-7f2f-4dd7-9903-3f653dc995a5" testId="a47346ea-59d6-3290-22bb-209b987ff2f0" testName="MilkApiManager.Tests.Services.VaultServiceTests.RotateApiKeyAsync_ValidConsumer_ReturnsNewKey" computerName="TEDMIBOOK" duration="00:00:00.9199986" startTime="2026-02-21T23:44:04.6454851+08:00" endTime="2026-02-21T23:44:04.6454852+08:00" testType="13cdc9d9-ddb5-4fa4-a97d-d965ccfc6d4b" outcome="Passed" testListId="8c84fa94-04c1-424b-9868-57a2d4851a1d" relativeResultsDirectory="35c39012-7f2f-4dd7-9903-3f653dc995a5" />
    <UnitTestResult executionId="0929565d-5f81-4d49-8869-1d03091e6a9e" testId="3a84ee62-fea2-fe62-213b-6c3075a5b626" testName="MilkApiManager.Tests.Controllers.BlacklistControllerTests.UpdateBlacklist_AddIp_Success" computerName="TEDMIBOOK" duration="00:00:00.0083967" startTime="2026-02-21T23:44:04.9908529+08:00" endTime="2026-02-21T23:44:04.9908530+08:00" testType="13cdc9d9-ddb5-4fa4-a97d-d965ccfc6d4b" outcome="Passed" testListId="8c84fa94-04c1-424b-9868-57a2d4851a1d" relativeResultsDirectory="0929565d-5f81-4d49-8869-1d03091e6a9e" />
    <UnitTestResult executionId="77d4490a-6d85-4d21-a8f5-a771f465d6a5" testId="cf7dfd20-217b-7fe3-4df1-e60907a8898a" testName="MilkApiManager.Tests.Controllers.RouteControllerTests.GetRoute_NotFound_ReturnsNotFound" computerName="TEDMIBOOK" duration="00:00:00.0019011" startTime="2026-02-21T23:44:04.6507421+08:00" endTime="2026-02-21T23:44:04.6507422+08:00" testType="13cdc9d9-ddb5-4fa4-a97d-d965ccfc6d4b" outcome="Passed" testListId="8c84fa94-04c1-424b-9868-57a2d4851a1d" relativeResultsDirectory="77d4490a-6d85-4d21-a8f5-a771f465d6a5" />
    <UnitTestResult executionId="bc1151c4-f4a7-4015-8315-92b3df7d0468" testId="d722efba-a895-15b2-2e76-a6c7212a6ca3" testName="MilkApiManager.Tests.Services.SecurityAutomationServiceTests.CheckAndRotateKeys_ExpiredKey_TriggersRotation" computerName="TEDMIBOOK" duration="00:00:00.9119736" startTime="2026-02-21T23:44:04.6343907+08:00" endTime="2026-02-21T23:44:04.6343910+08:00" testType="13cdc9d9-ddb5-4fa4-a97d-d965ccfc6d4b" outcome="Passed" testListId="8c84fa94-04c1-424b-9868-57a2d4851a1d" relativeResultsDirectory="bc1151c4-f4a7-4015-8315-92b3df7d0468" />
    <UnitTestResult executionId="cfc82a45-baef-4ff5-9349-65c8477a10a0" testId="7eab8404-cbf1-7039-27da-f394678f7239" testName="MilkApiManager.Tests.Controllers.KeysControllerTests.CreateKey_EmptyOwner_ReturnsBadRequest" computerName="TEDMIBOOK" duration="00:00:00.9012411" startTime="2026-02-21T23:44:04.6270344+08:00" endTime="2026-02-21T23:44:04.6270969+08:00" testType="13cdc9d9-ddb5-4fa4-a97d-d965ccfc6d4b" outcome="Passed" testListId="8c84fa94-04c1-424b-9868-57a2d4851a1d" relativeResultsDirectory="cfc82a45-baef-4ff5-9349-65c8477a10a0" />
    <UnitTestResult executionId="8faff623-8c01-4854-949c-e182b6c36b8d" testId="1eccb42e-70c7-47aa-2523-f16f35ecaf7b" testName="MilkApiManager.Tests.Services.SecurityAutomationServiceTests.CheckAndRotateKeys_CompletesWithoutError" computerName="TEDMIBOOK" duration="00:00:00.0014755" startTime="2026-02-21T23:44:04.6440845+08:00" endTime="2026-02-21T23:44:04.6440845+08:00" testType="13cdc9d9-ddb5-4fa4-a97d-d965ccfc6d4b" outcome="Passed" testListId="8c84fa94-04c1-424b-9868-57a2d4851a1d" relativeResultsDirectory="8faff623-8c01-4854-949c-e182b6c36b8d" />
    <UnitTestResult executionId="df89bfb9-f108-41f5-92a2-21281e31c90b" testId="b7ee710f-6fb6-f9fa-21e2-53f2a613ae91" testName="MilkApiManager.Tests.Controllers.WhitelistControllerTests.GetWhitelistAsync_ReturnsFromDatabase_WhenPersistEnabled" computerName="TEDMIBOOK" duration="00:00:00.0220679" startTime="2026-02-21T23:44:04.9823735+08:00" endTime="2026-02-21T23:44:04.9823738+08:00" testType="13cdc9d9-ddb5-4fa4-a97d-d965ccfc6d4b" outcome="Passed" testListId="8c84fa94-04c1-424b-9868-57a2d4851a1d" relativeResultsDirectory="df89bfb9-f108-41f5-92a2-21281e31c90b" />
    <UnitTestResult executionId="4a50d213-c439-4c0a-a932-963a56462f8e" testId="27c418af-6c9d-d1e9-eb04-f83c7936c883" testName="MilkApiManager.Tests.Controllers.RouteControllerTests.UpdateRoute_ValidConfig_Returns204" computerName="TEDMIBOOK" duration="00:00:00.0047601" startTime="2026-02-21T23:44:04.6570375+08:00" endTime="2026-02-21T23:44:04.6570376+08:00" testType="13cdc9d9-ddb5-4fa4-a97d-d965ccfc6d4b" outcome="Passed" testListId="8c84fa94-04c1-424b-9868-57a2d4851a1d" relativeResultsDirectory="4a50d213-c439-4c0a-a932-963a56462f8e" />
    <UnitTestResult executionId="01a14aee-54f4-4150-861e-0198ec22e8e7" testId="9a42b642-59ef-5e88-e9ab-d6b051ed7f14" testName="MilkApiManager.Tests.Controllers.AnalyticsControllerTests.GetRequests_12HourRange_Uses10mStep" computerName="TEDMIBOOK" duration="00:00:00.9067055" startTime="2026-02-21T23:44:04.6308081+08:00" endTime="2026-02-21T23:44:04.6308082+08:00" testType="13cdc9d9-ddb5-4fa4-a97d-d965ccfc6d4b" outcome="Passed" testListId="8c84fa94-04c1-424b-9868-57a2d4851a1d" relativeResultsDirectory="01a14aee-54f4-4150-861e-0198ec22e8e7" />
    <UnitTestResult executionId="3571439c-443d-47a7-8e76-eb7233dfbfc7" testId="e933aab0-3972-a552-08b0-3eca228605a2" testName="MilkApiManager.Tests.Controllers.RouteControllerTests.CreateRoute_EmptyId_ReturnsBadRequest" computerName="TEDMIBOOK" duration="00:00:00.0005349" startTime="2026-02-21T23:44:04.6624636+08:00" endTime="2026-02-21T23:44:04.6624638+08:00" testType="13cdc9d9-ddb5-4fa4-a97d-d965ccfc6d4b" outcome="Passed" testListId="8c84fa94-04c1-424b-9868-57a2d4851a1d" relativeResultsDirectory="3571439c-443d-47a7-8e76-eb7233dfbfc7" />
    <UnitTestResult executionId="796df724-576f-4ff4-8131-9028bb41b563" testId="50abf8f7-1597-2f0c-9ae5-bda1633d807a" testName="MilkApiManager.Tests.Controllers.BlacklistControllerTests.UpdateBlacklist_InvalidAction_ReturnsBadRequest" computerName="TEDMIBOOK" duration="00:00:00.0006424" startTime="2026-02-21T23:44:04.9938995+08:00" endTime="2026-02-21T23:44:04.9938996+08:00" testType="13cdc9d9-ddb5-4fa4-a97d-d965ccfc6d4b" outcome="Passed" testListId="8c84fa94-04c1-424b-9868-57a2d4851a1d" relativeResultsDirectory="796df724-576f-4ff4-8131-9028bb41b563" />
    <UnitTestResult executionId="3f48ca8c-9343-4ba9-ae7f-7b7f697e44f7" testId="82c2e491-1a42-73fd-f751-39957ddf0284" testName="MilkApiManager.Tests.Controllers.RouteControllerTests.CreateRoute_NullConfig_ReturnsBadRequest" computerName="TEDMIBOOK" duration="00:00:00.0012352" startTime="2026-02-21T23:44:04.6462036+08:00" endTime="2026-02-21T23:44:04.6462037+08:00" testType="13cdc9d9-ddb5-4fa4-a97d-d965ccfc6d4b" outcome="Passed" testListId="8c84fa94-04c1-424b-9868-57a2d4851a1d" relativeResultsDirectory="3f48ca8c-9343-4ba9-ae7f-7b7f697e44f7" />
    <UnitTestResult executionId="dd0f0d88-8dd3-4dec-92a7-1019d1477d6b" testId="48939886-2610-bfa9-5a1a-4f6bca067171" testName="MilkApiManager.Tests.Services.SecurityAutomationServiceTests.BlockMaliciousIP_UpdatesGlobalPlugin" computerName="TEDMIBOOK" duration="00:00:00.0029320" startTime="2026-02-21T23:44:04.6454318+08:00" endTime="2026-02-21T23:44:04.6454318+08:00" testType="13cdc9d9-ddb5-4fa4-a97d-d965ccfc6d4b" outcome="Passed" testListId="8c84fa94-04c1-424b-9868-57a2d4851a1d" relativeResultsDirectory="dd0f0d88-8dd3-4dec-92a7-1019d1477d6b" />
    <UnitTestResult executionId="5b6875c9-7915-41cc-9d23-76e724877f53" testId="cdbdfb8e-d2d9-37d6-7d06-bb5d7f10b45f" testName="MilkApiManager.Tests.Controllers.ConsumerControllerTests.UpdateConsumer_ValidData_ReturnsOk" computerName="TEDMIBOOK" duration="00:00:00.0032547" startTime="2026-02-21T23:44:04.6700764+08:00" endTime="2026-02-21T23:44:04.6700766+08:00" testType="13cdc9d9-ddb5-4fa4-a97d-d965ccfc6d4b" outcome="Passed" testListId="8c84fa94-04c1-424b-9868-57a2d4851a1d" relativeResultsDirectory="5b6875c9-7915-41cc-9d23-76e724877f53" />
    <UnitTestResult executionId="c1d49ac8-10f5-492d-b26a-5e31174fc347" testId="27ffc991-1d89-21e1-ab97-51da2dc12093" testName="MilkApiManager.Tests.Services.VaultServiceTests.GetSecretAsync_ReturnsMockSecret" computerName="TEDMIBOOK" duration="00:00:00.0008252" startTime="2026-02-21T23:44:04.6573975+08:00" endTime="2026-02-21T23:44:04.6573976+08:00" testType="13cdc9d9-ddb5-4fa4-a97d-d965ccfc6d4b" outcome="Passed" testListId="8c84fa94-04c1-424b-9868-57a2d4851a1d" relativeResultsDirectory="c1d49ac8-10f5-492d-b26a-5e31174fc347" />
    <UnitTestResult executionId="b4ec2aa3-aaa9-4fa6-a1f1-f15613537f8f" testId="370d7081-d79c-5f4a-cbb0-b5acb049e9f0" testName="MilkApiManager.Tests.Controllers.AnalyticsControllerTests.GetRequests_DefaultQuery_ReturnsOk" computerName="TEDMIBOOK" duration="00:00:00.0012545" startTime="2026-02-21T23:44:04.6440439+08:00" endTime="2026-02-21T23:44:04.6440439+08:00" testType="13cdc9d9-ddb5-4fa4-a97d-d965ccfc6d4b" outcome="Passed" testListId="8c84fa94-04c1-424b-9868-57a2d4851a1d" relativeResultsDirectory="b4ec2aa3-aaa9-4fa6-a1f1-f15613537f8f" />
    <UnitTestResult executionId="b29c5c3a-9bfc-4432-90d1-425aa4298507" testId="e287b8f7-92fb-0bb2-cc96-0975fc0cbda0" testName="MilkApiManager.Tests.Services.VaultServiceTests.StoreSecretAsync_ReturnsVaultVersion" computerName="TEDMIBOOK" duration="00:00:00.0010705" startTime="2026-02-21T23:44:04.6455900+08:00" endTime="2026-02-21T23:44:04.6455901+08:00" testType="13cdc9d9-ddb5-4fa4-a97d-d965ccfc6d4b" outcome="Passed" testListId="8c84fa94-04c1-424b-9868-57a2d4851a1d" relativeResultsDirectory="b29c5c3a-9bfc-4432-90d1-425aa4298507" />
    <UnitTestResult executionId="d4add8c6-3922-499a-84eb-05581a63c98d" testId="fff45362-244a-e905-dd5c-5de088c6e234" testName="MilkApiManager.Tests.Controllers.WhitelistControllerTests.AddEntryAsync_PersistsToDb_And_CallsSync" computerName="TEDMIBOOK" duration="00:00:01.2356213" startTime="2026-02-21T23:44:04.9601811+08:00" endTime="2026-02-21T23:44:04.9601813+08:00" testType="13cdc9d9-ddb5-4fa4-a97d-d965ccfc6d4b" outcome="Passed" testListId="8c84fa94-04c1-424b-9868-57a2d4851a1d" relativeResultsDirectory="d4add8c6-3922-499a-84eb-05581a63c98d" />
    <UnitTestResult executionId="c1d5ee07-b26b-4a01-9fef-a030fb308a25" testId="289cfbcf-dc45-5944-6208-a749ef3d07d9" testName="MilkApiManager.Tests.Controllers.KeysControllerTests.CreateKey_NullRequest_ReturnsBadRequest" computerName="TEDMIBOOK" duration="00:00:00.0006813" startTime="2026-02-21T23:44:04.6440313+08:00" endTime="2026-02-21T23:44:04.6440313+08:00" testType="13cdc9d9-ddb5-4fa4-a97d-d965ccfc6d4b" outcome="Passed" testListId="8c84fa94-04c1-424b-9868-57a2d4851a1d" relativeResultsDirectory="c1d5ee07-b26b-4a01-9fef-a030fb308a25" />
    <UnitTestResult executionId="75bb9134-2ff7-4818-8919-91b929095702" testId="6b60f256-0e87-f397-6804-dd266e5ecc8b" testName="MilkApiManager.Tests.Controllers.AnalyticsControllerTests.GetErrors_ReturnsOk" computerName="TEDMIBOOK" duration="00:00:00.0029800" startTime="2026-02-21T23:44:04.6323219+08:00" endTime="2026-02-21T23:44:04.6323220+08:00" testType="13cdc9d9-ddb5-4fa4-a97d-d965ccfc6d4b" outcome="Passed" testListId="8c84fa94-04c1-424b-9868-57a2d4851a1d" relativeResultsDirectory="75bb9134-2ff7-4818-8919-91b929095702" />
    <UnitTestResult executionId="59e1e604-4d5c-4cb6-8253-5d74ff278e27" testId="436f838a-f834-c168-2b5f-1cae83e1dff7" testName="MilkApiManager.Tests.Controllers.RouteControllerTests.DeleteRoute_ValidId_Returns204" computerName="TEDMIBOOK" duration="00:00:00.0041858" startTime="2026-02-21T23:44:04.6455522+08:00" endTime="2026-02-21T23:44:04.6455522+08:00" testType="13cdc9d9-ddb5-4fa4-a97d-d965ccfc6d4b" outcome="Passed" testListId="8c84fa94-04c1-424b-9868-57a2d4851a1d" relativeResultsDirectory="59e1e604-4d5c-4cb6-8253-5d74ff278e27" />
    <UnitTestResult executionId="b79ff240-7a31-476f-91a2-c6453fa3e8c1" testId="3bfeef27-ed8e-1a20-81a1-47743f6cee91" testName="MilkApiManager.Tests.Controllers.AnalyticsControllerTests.GetRequests_30MinRange_Uses1mStep" computerName="TEDMIBOOK" duration="00:00:00.0033552" startTime="2026-02-21T23:44:04.6439576+08:00" endTime="2026-02-21T23:44:04.6439576+08:00" testType="13cdc9d9-ddb5-4fa4-a97d-d965ccfc6d4b" outcome="Passed" testListId="8c84fa94-04c1-424b-9868-57a2d4851a1d" relativeResultsDirectory="b79ff240-7a31-476f-91a2-c6453fa3e8c1" />
    <UnitTestResult executionId="1a587931-793c-4514-87a7-543b7cee43ae" testId="814b7ce3-6665-1726-8cab-b3b4b50b5ec9" testName="MilkApiManager.Tests.Controllers.RouteControllerTests.UpdateRoute_NullConfig_ReturnsBadRequest" computerName="TEDMIBOOK" duration="00:00:00.9166345" startTime="2026-02-21T23:44:04.6453188+08:00" endTime="2026-02-21T23:44:04.6453190+08:00" testType="13cdc9d9-ddb5-4fa4-a97d-d965ccfc6d4b" outcome="Passed" testListId="8c84fa94-04c1-424b-9868-57a2d4851a1d" relativeResultsDirectory="1a587931-793c-4514-87a7-543b7cee43ae" />
    <UnitTestResult executionId="62f5a974-7cfa-417f-814b-274684a1184e" testId="0f88c195-e72d-9aea-2746-33a425a5ba38" testName="MilkApiManager.Tests.Controllers.WhitelistControllerTests.GetWhitelistAsync_FallsBackToApisix_WhenPersistDisabled" computerName="TEDMIBOOK" duration="00:00:00.0019243" startTime="2026-02-21T23:44:04.9843703+08:00" endTime="2026-02-21T23:44:04.9843704+08:00" testType="13cdc9d9-ddb5-4fa4-a97d-d965ccfc6d4b" outcome="Passed" testListId="8c84fa94-04c1-424b-9868-57a2d4851a1d" relativeResultsDirectory="62f5a974-7cfa-417f-814b-274684a1184e" />
    <UnitTestResult executionId="1eae4670-e47c-47e5-b44a-66da243eec65" testId="edd88934-1c5f-ff54-4d3f-96b2d317d4e5" testName="MilkApiManager.Tests.Controllers.BlacklistControllerTests.UpdateBlacklist_NullRequest_ReturnsBadRequest" computerName="TEDMIBOOK" duration="00:00:00.0005470" startTime="2026-02-21T23:44:04.9926598+08:00" endTime="2026-02-21T23:44:04.9926599+08:00" testType="13cdc9d9-ddb5-4fa4-a97d-d965ccfc6d4b" outcome="Passed" testListId="8c84fa94-04c1-424b-9868-57a2d4851a1d" relativeResultsDirectory="1eae4670-e47c-47e5-b44a-66da243eec65" />
    <UnitTestResult executionId="e81211aa-dd7a-4736-a2ca-3dff730559f7" testId="4aceafe3-797c-d774-2c64-d158b18b6380" testName="MilkApiManager.Tests.Controllers.WhitelistControllerTests.RemoveEntryAsync_DeletesFromDb_And_CallsSync" computerName="TEDMIBOOK" duration="00:00:00.0058983" startTime="2026-02-21T23:44:04.9903587+08:00" endTime="2026-02-21T23:44:04.9903589+08:00" testType="13cdc9d9-ddb5-4fa4-a97d-d965ccfc6d4b" outcome="Passed" testListId="8c84fa94-04c1-424b-9868-57a2d4851a1d" relativeResultsDirectory="e81211aa-dd7a-4736-a2ca-3dff730559f7" />
    <UnitTestResult executionId="09eaece4-637f-4034-876d-63c31d4372ed" testId="3bfb4045-20a9-5a98-0ec9-5957e78a26d3" testName="MilkApiManager.Tests.Controllers.BlacklistControllerTests.UpdateBlacklist_EmptyIp_ReturnsBadRequest" computerName="TEDMIBOOK" duration="00:00:00.0004882" startTime="2026-02-21T23:44:04.9931911+08:00" endTime="2026-02-21T23:44:04.9931912+08:00" testType="13cdc9d9-ddb5-4fa4-a97d-d965ccfc6d4b" outcome="Passed" testListId="8c84fa94-04c1-424b-9868-57a2d4851a1d" relativeResultsDirectory="09eaece4-637f-4034-876d-63c31d4372ed" />
    <UnitTestResult executionId="a59b02b8-df4b-45fb-bad3-d7b9ce41ad9e" testId="5e0cb60b-7d31-9b7c-269b-81895e1c71bb" testName="MilkApiManager.Tests.Controllers.RouteControllerTests.DeleteRoute_OnException_Returns500" computerName="TEDMIBOOK" duration="00:00:00.0017144" startTime="2026-02-21T23:44:04.6588247+08:00" endTime="2026-02-21T23:44:04.6588248+08:00" testType="13cdc9d9-ddb5-4fa4-a97d-d965ccfc6d4b" outcome="Passed" testListId="8c84fa94-04c1-424b-9868-57a2d4851a1d" relativeResultsDirectory="a59b02b8-df4b-45fb-bad3-d7b9ce41ad9e" />
    <UnitTestResult executionId="ee2b6c82-dab1-4972-beeb-33c38c835fb4" testId="a1930016-3903-52e5-425e-5ff328905ac4" testName="MilkApiManager.Tests.Services.VaultServiceTests.RotateApiKeyAsync_ConsumerWithNullPlugins_InitializesPlugins" computerName="TEDMIBOOK" duration="00:00:00.0014132" startTime="2026-02-21T23:44:04.6461560+08:00" endTime="2026-02-21T23:44:04.6461561+08:00" testType="13cdc9d9-ddb5-4fa4-a97d-d965ccfc6d4b" outcome="Passed" testListId="8c84fa94-04c1-424b-9868-57a2d4851a1d" relativeResultsDirectory="ee2b6c82-dab1-4972-beeb-33c38c835fb4" />
    <UnitTestResult executionId="af6d38ed-8725-45d0-96de-d5c51e677844" testId="58c4f78c-cffc-0fa4-ff0b-5a8c9f7dfd25" testName="MilkApiManager.Tests.Controllers.RouteControllerTests.GetRoutes_OnException_Returns500" computerName="TEDMIBOOK" duration="00:00:00.0015589" startTime="2026-02-21T23:44:04.6456251+08:00" endTime="2026-02-21T23:44:04.6456252+08:00" testType="13cdc9d9-ddb5-4fa4-a97d-d965ccfc6d4b" outcome="Passed" testListId="8c84fa94-04c1-424b-9868-57a2d4851a1d" relativeResultsDirectory="af6d38ed-8725-45d0-96de-d5c51e677844" />
    <UnitTestResult executionId="03a88372-0adc-4e7b-94bd-564f6aec12a8" testId="a2bb1cc4-140f-4800-98f6-acd08441c65e" testName="MilkApiManager.Tests.Controllers.KeysControllerTests.RotateKey_ValidConsumer_ReturnsOk" computerName="TEDMIBOOK" duration="00:00:00.0038897" startTime="2026-02-21T23:44:04.6315301+08:00" endTime="2026-02-21T23:44:04.6315302+08:00" testType="13cdc9d9-ddb5-4fa4-a97d-d965ccfc6d4b" outcome="Passed" testListId="8c84fa94-04c1-424b-9868-57a2d4851a1d" relativeResultsDirectory="03a88372-0adc-4e7b-94bd-564f6aec12a8" />
    <UnitTestResult executionId="9cb47dd0-275e-4a25-8c3c-eccbbc2baf2e" testId="7b53913e-db83-f932-293a-4c4a6540abd8" testName="MilkApiManager.Tests.Controllers.ConsumerControllerTests.GetConsumers_OnException_Returns500" computerName="TEDMIBOOK" duration="00:00:00.9087516" startTime="2026-02-21T23:44:04.6316006+08:00" endTime="2026-02-21T23:44:04.6316006+08:00" testType="13cdc9d9-ddb5-4fa4-a97d-d965ccfc6d4b" outcome="Passed" testListId="8c84fa94-04c1-424b-9868-57a2d4851a1d" relativeResultsDirectory="9cb47dd0-275e-4a25-8c3c-eccbbc2baf2e" />
    <UnitTestResult executionId="c3be8cf7-37fb-48c3-b81c-e9ca05c8ddf3" testId="8cf132ed-98ed-182d-bce0-822650c102f3" testName="MilkApiManager.Tests.Controllers.ConsumerControllerTests.GetConsumers_EmptyList_ReturnsOk" computerName="TEDMIBOOK" duration="00:00:00.0016696" startTime="2026-02-21T23:44:04.6728410+08:00" endTime="2026-02-21T23:44:04.6728411+08:00" testType="13cdc9d9-ddb5-4fa4-a97d-d965ccfc6d4b" outcome="Passed" testListId="8c84fa94-04c1-424b-9868-57a2d4851a1d" relativeResultsDirectory="c3be8cf7-37fb-48c3-b81c-e9ca05c8ddf3" />
    <UnitTestResult executionId="96d6bbff-e49b-4295-8ae7-23518a3e026d" testId="b8459eec-149a-be21-ebc9-9b933f954f8f" testName="MilkApiManager.Tests.Controllers.BlacklistControllerTests.GetBlacklist_WithDbPersistence_ReturnsDbEntries" computerName="TEDMIBOOK" duration="00:00:00.0392109" startTime="2026-02-21T23:44:04.9824322+08:00" endTime="2026-02-21T23:44:04.9824322+08:00" testType="13cdc9d9-ddb5-4fa4-a97d-d965ccfc6d4b" outcome="Passed" testListId="8c84fa94-04c1-424b-9868-57a2d4851a1d" relativeResultsDirectory="96d6bbff-e49b-4295-8ae7-23518a3e026d" />
    <UnitTestResult executionId="a595dc5b-0385-4602-8bb2-3187d12325e9" testId="5ee4af1b-ea62-e2c1-2859-997484dfe483" testName="MilkApiManager.Tests.Controllers.RouteControllerTests.GetRoute_ExistingId_ReturnsOk" computerName="TEDMIBOOK" duration="00:00:00.0013478" startTime="2026-02-21T23:44:04.6521901+08:00" endTime="2026-02-21T23:44:04.6521902+08:00" testType="13cdc9d9-ddb5-4fa4-a97d-d965ccfc6d4b" outcome="Passed" testListId="8c84fa94-04c1-424b-9868-57a2d4851a1d" relativeResultsDirectory="a595dc5b-0385-4602-8bb2-3187d12325e9" />
    <UnitTestResult executionId="4aa67b48-707c-43c9-99d9-6f8dcfe9f6cf" testId="beaa704d-5f7e-744f-aa6b-6b335c446ea3" testName="MilkApiManager.Tests.Controllers.ConsumerControllerTests.DeleteConsumer_OnException_Returns500" computerName="TEDMIBOOK" duration="00:00:00.0009145" startTime="2026-02-21T23:44:04.6711099+08:00" endTime="2026-02-21T23:44:04.6711100+08:00" testType="13cdc9d9-ddb5-4fa4-a97d-d965ccfc6d4b" outcome="Passed" testListId="8c84fa94-04c1-424b-9868-57a2d4851a1d" relativeResultsDirectory="4aa67b48-707c-43c9-99d9-6f8dcfe9f6cf" />
    <UnitTestResult executionId="29f99aaa-350a-471d-b23b-db8c635f99c8" testId="26411c7b-09b9-c413-c882-bd42cb05231b" testName="MilkApiManager.Tests.Controllers.KeysControllerTests.CreateKey_ValidRequest_ReturnsCreated" computerName="TEDMIBOOK" duration="00:00:00.0043982" startTime="2026-02-21T23:44:04.6439801+08:00" endTime="2026-02-21T23:44:04.6439801+08:00" testType="13cdc9d9-ddb5-4fa4-a97d-d965ccfc6d4b" outcome="Passed" testListId="8c84fa94-04c1-424b-9868-57a2d4851a1d" relativeResultsDirectory="29f99aaa-350a-471d-b23b-db8c635f99c8" />
    <UnitTestResult executionId="ec4d210d-8d88-473a-b465-9f48d29475fb" testId="bccbbaae-beea-e322-af21-53e75d3fc408" testName="MilkApiManager.Tests.Controllers.AnalyticsControllerTests.GetLatency_ReturnsOk" computerName="TEDMIBOOK" duration="00:00:00.0015969" startTime="2026-02-21T23:44:04.6454593+08:00" endTime="2026-02-21T23:44:04.6454594+08:00" testType="13cdc9d9-ddb5-4fa4-a97d-d965ccfc6d4b" outcome="Passed" testListId="8c84fa94-04c1-424b-9868-57a2d4851a1d" relativeResultsDirectory="ec4d210d-8d88-473a-b465-9f48d29475fb" />
  </Results>
  <TestDefinitions>
    <UnitTest name="MilkApiManager.Tests.Controllers.WhitelistControllerTests.GetWhitelistAsync_ReturnsFromDatabase_WhenPersistEnabled" storage="d:\tedtv_github\milk-api-manager-system\backend\milkapimanager.tests\bin\debug\net8.0\milkapimanager.tests.dll" id="b7ee710f-6fb6-f9fa-21e2-53f2a613ae91">
      <Execution id="df89bfb9-f108-41f5-92a2-21281e31c90b" />
      <TestMethod codeBase="D:\tedtv_github\milk-api-manager-system\backend\MilkApiManager.Tests\bin\Debug\net8.0\MilkApiManager.Tests.dll" adapterTypeName="executor://xunit/VsTestRunner2/netcoreapp" className="MilkApiManager.Tests.Controllers.WhitelistControllerTests" name="GetWhitelistAsync_ReturnsFromDatabase_WhenPersistEnabled" />
    </UnitTest>
    <UnitTest name="MilkApiManager.Tests.Services.SecurityAutomationServiceTests.CheckAndRotateKeys_NearExpiryKey_DoesNotRotate" storage="d:\tedtv_github\milk-api-manager-system\backend\milkapimanager.tests\bin\debug\net8.0\milkapimanager.tests.dll" id="e494bac7-a81f-608c-c1ca-c0f81c3d6290">
      <Execution id="37af9093-33d0-457a-a17b-9c7742a15d46" />
      <TestMethod codeBase="D:\tedtv_github\milk-api-manager-system\backend\MilkApiManager.Tests\bin\Debug\net8.0\MilkApiManager.Tests.dll" adapterTypeName="executor://xunit/VsTestRunner2/netcoreapp" className="MilkApiManager.Tests.Services.SecurityAutomationServiceTests" name="CheckAndRotateKeys_NearExpiryKey_DoesNotRotate" />
    </UnitTest>
    <UnitTest name="MilkApiManager.Tests.Services.SecurityAutomationServiceTests.CheckAndRotateKeys_ExpiredKey_TriggersRotation" storage="d:\tedtv_github\milk-api-manager-system\backend\milkapimanager.tests\bin\debug\net8.0\milkapimanager.tests.dll" id="d722efba-a895-15b2-2e76-a6c7212a6ca3">
      <Execution id="bc1151c4-f4a7-4015-8315-92b3df7d0468" />
      <TestMethod codeBase="D:\tedtv_github\milk-api-manager-system\backend\MilkApiManager.Tests\bin\Debug\net8.0\MilkApiManager.Tests.dll" adapterTypeName="executor://xunit/VsTestRunner2/netcoreapp" className="MilkApiManager.Tests.Services.SecurityAutomationServiceTests" name="CheckAndRotateKeys_ExpiredKey_TriggersRotation" />
    </UnitTest>
    <UnitTest name="MilkApiManager.Tests.Controllers.ConsumerControllerTests.DeleteConsumer_OnException_Returns500" storage="d:\tedtv_github\milk-api-manager-system\backend\milkapimanager.tests\bin\debug\net8.0\milkapimanager.tests.dll" id="beaa704d-5f7e-744f-aa6b-6b335c446ea3">
      <Execution id="4aa67b48-707c-43c9-99d9-6f8dcfe9f6cf" />
      <TestMethod codeBase="D:\tedtv_github\milk-api-manager-system\backend\MilkApiManager.Tests\bin\Debug\net8.0\MilkApiManager.Tests.dll" adapterTypeName="executor://xunit/VsTestRunner2/netcoreapp" className="MilkApiManager.Tests.Controllers.ConsumerControllerTests" name="DeleteConsumer_OnException_Returns500" />
    </UnitTest>
    <UnitTest name="MilkApiManager.Tests.Controllers.KeysControllerTests.CreateKey_ValidRequest_ReturnsCreated" storage="d:\tedtv_github\milk-api-manager-system\backend\milkapimanager.tests\bin\debug\net8.0\milkapimanager.tests.dll" id="26411c7b-09b9-c413-c882-bd42cb05231b">
      <Execution id="29f99aaa-350a-471d-b23b-db8c635f99c8" />
      <TestMethod codeBase="D:\tedtv_github\milk-api-manager-system\backend\MilkApiManager.Tests\bin\Debug\net8.0\MilkApiManager.Tests.dll" adapterTypeName="executor://xunit/VsTestRunner2/netcoreapp" className="MilkApiManager.Tests.Controllers.KeysControllerTests" name="CreateKey_ValidRequest_ReturnsCreated" />
    </UnitTest>
    <UnitTest name="MilkApiManager.Tests.Controllers.RouteControllerTests.CreateRoute_NullConfig_ReturnsBadRequest" storage="d:\tedtv_github\milk-api-manager-system\backend\milkapimanager.tests\bin\debug\net8.0\milkapimanager.tests.dll" id="82c2e491-1a42-73fd-f751-39957ddf0284">
      <Execution id="3f48ca8c-9343-4ba9-ae7f-7b7f697e44f7" />
      <TestMethod codeBase="D:\tedtv_github\milk-api-manager-system\backend\MilkApiManager.Tests\bin\Debug\net8.0\MilkApiManager.Tests.dll" adapterTypeName="executor://xunit/VsTestRunner2/netcoreapp" className="MilkApiManager.Tests.Controllers.RouteControllerTests" name="CreateRoute_NullConfig_ReturnsBadRequest" />
    </UnitTest>
    <UnitTest name="MilkApiManager.Tests.Controllers.RouteControllerTests.CreateRoute_EmptyId_ReturnsBadRequest" storage="d:\tedtv_github\milk-api-manager-system\backend\milkapimanager.tests\bin\debug\net8.0\milkapimanager.tests.dll" id="e933aab0-3972-a552-08b0-3eca228605a2">
      <Execution id="3571439c-443d-47a7-8e76-eb7233dfbfc7" />
      <TestMethod codeBase="D:\tedtv_github\milk-api-manager-system\backend\MilkApiManager.Tests\bin\Debug\net8.0\MilkApiManager.Tests.dll" adapterTypeName="executor://xunit/VsTestRunner2/netcoreapp" className="MilkApiManager.Tests.Controllers.RouteControllerTests" name="CreateRoute_EmptyId_ReturnsBadRequest" />
    </UnitTest>
    <UnitTest name="MilkApiManager.Tests.Controllers.ConsumerControllerTests.GetConsumers_EmptyList_ReturnsOk" storage="d:\tedtv_github\milk-api-manager-system\backend\milkapimanager.tests\bin\debug\net8.0\milkapimanager.tests.dll" id="8cf132ed-98ed-182d-bce0-822650c102f3">
      <Execution id="c3be8cf7-37fb-48c3-b81c-e9ca05c8ddf3" />
      <TestMethod codeBase="D:\tedtv_github\milk-api-manager-system\backend\MilkApiManager.Tests\bin\Debug\net8.0\MilkApiManager.Tests.dll" adapterTypeName="executor://xunit/VsTestRunner2/netcoreapp" className="MilkApiManager.Tests.Controllers.ConsumerControllerTests" name="GetConsumers_EmptyList_ReturnsOk" />
    </UnitTest>
    <UnitTest name="MilkApiManager.Tests.Controllers.RouteControllerTests.UpdateRoute_ValidConfig_Returns204" storage="d:\tedtv_github\milk-api-manager-system\backend\milkapimanager.tests\bin\debug\net8.0\milkapimanager.tests.dll" id="27c418af-6c9d-d1e9-eb04-f83c7936c883">
      <Execution id="4a50d213-c439-4c0a-a932-963a56462f8e" />
      <TestMethod codeBase="D:\tedtv_github\milk-api-manager-system\backend\MilkApiManager.Tests\bin\Debug\net8.0\MilkApiManager.Tests.dll" adapterTypeName="executor://xunit/VsTestRunner2/netcoreapp" className="MilkApiManager.Tests.Controllers.RouteControllerTests" name="UpdateRoute_ValidConfig_Returns204" />
    </UnitTest>
    <UnitTest name="MilkApiManager.Tests.Services.SecurityAutomationServiceTests.CheckAndRotateKeys_CompletesWithoutError" storage="d:\tedtv_github\milk-api-manager-system\backend\milkapimanager.tests\bin\debug\net8.0\milkapimanager.tests.dll" id="1eccb42e-70c7-47aa-2523-f16f35ecaf7b">
      <Execution id="8faff623-8c01-4854-949c-e182b6c36b8d" />
      <TestMethod codeBase="D:\tedtv_github\milk-api-manager-system\backend\MilkApiManager.Tests\bin\Debug\net8.0\MilkApiManager.Tests.dll" adapterTypeName="executor://xunit/VsTestRunner2/netcoreapp" className="MilkApiManager.Tests.Services.SecurityAutomationServiceTests" name="CheckAndRotateKeys_CompletesWithoutError" />
    </UnitTest>
    <UnitTest name="MilkApiManager.Tests.Services.VaultServiceTests.RotateApiKeyAsync_ConsumerWithNullPlugins_InitializesPlugins" storage="d:\tedtv_github\milk-api-manager-system\backend\milkapimanager.tests\bin\debug\net8.0\milkapimanager.tests.dll" id="a1930016-3903-52e5-425e-5ff328905ac4">
      <Execution id="ee2b6c82-dab1-4972-beeb-33c38c835fb4" />
      <TestMethod codeBase="D:\tedtv_github\milk-api-manager-system\backend\MilkApiManager.Tests\bin\Debug\net8.0\MilkApiManager.Tests.dll" adapterTypeName="executor://xunit/VsTestRunner2/netcoreapp" className="MilkApiManager.Tests.Services.VaultServiceTests" name="RotateApiKeyAsync_ConsumerWithNullPlugins_InitializesPlugins" />
    </UnitTest>
    <UnitTest name="MilkApiManager.Tests.Controllers.RouteControllerTests.GetRoutes_OnException_Returns500" storage="d:\tedtv_github\milk-api-manager-system\backend\milkapimanager.tests\bin\debug\net8.0\milkapimanager.tests.dll" id="58c4f78c-cffc-0fa4-ff0b-5a8c9f7dfd25">
      <Execution id="af6d38ed-8725-45d0-96de-d5c51e677844" />
      <TestMethod codeBase="D:\tedtv_github\milk-api-manager-system\backend\MilkApiManager.Tests\bin\Debug\net8.0\MilkApiManager.Tests.dll" adapterTypeName="executor://xunit/VsTestRunner2/netcoreapp" className="MilkApiManager.Tests.Controllers.RouteControllerTests" name="GetRoutes_OnException_Returns500" />
    </UnitTest>
    <UnitTest name="MilkApiManager.Tests.Controllers.AnalyticsControllerTests.GetErrors_ReturnsOk" storage="d:\tedtv_github\milk-api-manager-system\backend\milkapimanager.tests\bin\debug\net8.0\milkapimanager.tests.dll" id="6b60f256-0e87-f397-6804-dd266e5ecc8b">
      <Execution id="75bb9134-2ff7-4818-8919-91b929095702" />
      <TestMethod codeBase="D:\tedtv_github\milk-api-manager-system\backend\MilkApiManager.Tests\bin\Debug\net8.0\MilkApiManager.Tests.dll" adapterTypeName="executor://xunit/VsTestRunner2/netcoreapp" className="MilkApiManager.Tests.Controllers.AnalyticsControllerTests" name="GetErrors_ReturnsOk" />
    </UnitTest>
    <UnitTest name="MilkApiManager.Tests.Controllers.RouteControllerTests.DeleteRoute_ValidId_Returns204" storage="d:\tedtv_github\milk-api-manager-system\backend\milkapimanager.tests\bin\debug\net8.0\milkapimanager.tests.dll" id="436f838a-f834-c168-2b5f-1cae83e1dff7">
      <Execution id="59e1e604-4d5c-4cb6-8253-5d74ff278e27" />
      <TestMethod codeBase="D:\tedtv_github\milk-api-manager-system\backend\MilkApiManager.Tests\bin\Debug\net8.0\MilkApiManager.Tests.dll" adapterTypeName="executor://xunit/VsTestRunner2/netcoreapp" className="MilkApiManager.Tests.Controllers.RouteControllerTests" name="DeleteRoute_ValidId_Returns204" />
    </UnitTest>
    <UnitTest name="MilkApiManager.Tests.Controllers.WhitelistControllerTests.GetWhitelistAsync_FallsBackToApisix_WhenPersistDisabled" storage="d:\tedtv_github\milk-api-manager-system\backend\milkapimanager.tests\bin\debug\net8.0\milkapimanager.tests.dll" id="0f88c195-e72d-9aea-2746-33a425a5ba38">
      <Execution id="62f5a974-7cfa-417f-814b-274684a1184e" />
      <TestMethod codeBase="D:\tedtv_github\milk-api-manager-system\backend\MilkApiManager.Tests\bin\Debug\net8.0\MilkApiManager.Tests.dll" adapterTypeName="executor://xunit/VsTestRunner2/netcoreapp" className="MilkApiManager.Tests.Controllers.WhitelistControllerTests" name="GetWhitelistAsync_FallsBackToApisix_WhenPersistDisabled" />
    </UnitTest>
    <UnitTest name="MilkApiManager.Tests.Controllers.WhitelistControllerTests.RemoveEntryAsync_DeletesFromDb_And_CallsSync" storage="d:\tedtv_github\milk-api-manager-system\backend\milkapimanager.tests\bin\debug\net8.0\milkapimanager.tests.dll" id="4aceafe3-797c-d774-2c64-d158b18b6380">
      <Execution id="e81211aa-dd7a-4736-a2ca-3dff730559f7" />
      <TestMethod codeBase="D:\tedtv_github\milk-api-manager-system\backend\MilkApiManager.Tests\bin\Debug\net8.0\MilkApiManager.Tests.dll" adapterTypeName="executor://xunit/VsTestRunner2/netcoreapp" className="MilkApiManager.Tests.Controllers.WhitelistControllerTests" name="RemoveEntryAsync_DeletesFromDb_And_CallsSync" />
    </UnitTest>
    <UnitTest name="MilkApiManager.Tests.Services.VaultServiceTests.GetSecretAsync_ReturnsMockSecret" storage="d:\tedtv_github\milk-api-manager-system\backend\milkapimanager.tests\bin\debug\net8.0\milkapimanager.tests.dll" id="27ffc991-1d89-21e1-ab97-51da2dc12093">
      <Execution id="c1d49ac8-10f5-492d-b26a-5e31174fc347" />
      <TestMethod codeBase="D:\tedtv_github\milk-api-manager-system\backend\MilkApiManager.Tests\bin\Debug\net8.0\MilkApiManager.Tests.dll" adapterTypeName="executor://xunit/VsTestRunner2/netcoreapp" className="MilkApiManager.Tests.Services.VaultServiceTests" name="GetSecretAsync_ReturnsMockSecret" />
    </UnitTest>
    <UnitTest name="MilkApiManager.Tests.Controllers.AnalyticsControllerTests.GetRequests_12HourRange_Uses10mStep" storage="d:\tedtv_github\milk-api-manager-system\backend\milkapimanager.tests\bin\debug\net8.0\milkapimanager.tests.dll" id="9a42b642-59ef-5e88-e9ab-d6b051ed7f14">
      <Execution id="01a14aee-54f4-4150-861e-0198ec22e8e7" />
      <TestMethod codeBase="D:\tedtv_github\milk-api-manager-system\backend\MilkApiManager.Tests\bin\Debug\net8.0\MilkApiManager.Tests.dll" adapterTypeName="executor://xunit/VsTestRunner2/netcoreapp" className="MilkApiManager.Tests.Controllers.AnalyticsControllerTests" name="GetRequests_12HourRange_Uses10mStep" />
    </UnitTest>
    <UnitTest name="MilkApiManager.Tests.Controllers.BlacklistControllerTests.UpdateBlacklist_InvalidAction_ReturnsBadRequest" storage="d:\tedtv_github\milk-api-manager-system\backend\milkapimanager.tests\bin\debug\net8.0\milkapimanager.tests.dll" id="50abf8f7-1597-2f0c-9ae5-bda1633d807a">
      <Execution id="796df724-576f-4ff4-8131-9028bb41b563" />
      <TestMethod codeBase="D:\tedtv_github\milk-api-manager-system\backend\MilkApiManager.Tests\bin\Debug\net8.0\MilkApiManager.Tests.dll" adapterTypeName="executor://xunit/VsTestRunner2/netcoreapp" className="MilkApiManager.Tests.Controllers.BlacklistControllerTests" name="UpdateBlacklist_InvalidAction_ReturnsBadRequest" />
    </UnitTest>
    <UnitTest name="MilkApiManager.Tests.Controllers.RouteControllerTests.CreateRoute_ValidConfig_Returns201" storage="d:\tedtv_github\milk-api-manager-system\backend\milkapimanager.tests\bin\debug\net8.0\milkapimanager.tests.dll" id="8558042f-5426-e996-6b1d-e2b2fa85119d">
      <Execution id="523eac33-3048-4f24-ae21-cd0cf97dbd26" />
      <TestMethod codeBase="D:\tedtv_github\milk-api-manager-system\backend\MilkApiManager.Tests\bin\Debug\net8.0\MilkApiManager.Tests.dll" adapterTypeName="executor://xunit/VsTestRunner2/netcoreapp" className="MilkApiManager.Tests.Controllers.RouteControllerTests" name="CreateRoute_ValidConfig_Returns201" />
    </UnitTest>
    <UnitTest name="MilkApiManager.Tests.Controllers.WhitelistControllerTests.AddEntryAsync_PersistsToDb_And_CallsSync" storage="d:\tedtv_github\milk-api-manager-system\backend\milkapimanager.tests\bin\debug\net8.0\milkapimanager.tests.dll" id="fff45362-244a-e905-dd5c-5de088c6e234">
      <Execution id="d4add8c6-3922-499a-84eb-05581a63c98d" />
      <TestMethod codeBase="D:\tedtv_github\milk-api-manager-system\backend\MilkApiManager.Tests\bin\Debug\net8.0\MilkApiManager.Tests.dll" adapterTypeName="executor://xunit/VsTestRunner2/netcoreapp" className="MilkApiManager.Tests.Controllers.WhitelistControllerTests" name="AddEntryAsync_PersistsToDb_And_CallsSync" />
    </UnitTest>
    <UnitTest name="MilkApiManager.Tests.Controllers.KeysControllerTests.CreateKey_EmptyOwner_ReturnsBadRequest" storage="d:\tedtv_github\milk-api-manager-system\backend\milkapimanager.tests\bin\debug\net8.0\milkapimanager.tests.dll" id="7eab8404-cbf1-7039-27da-f394678f7239">
      <Execution id="cfc82a45-baef-4ff5-9349-65c8477a10a0" />
      <TestMethod codeBase="D:\tedtv_github\milk-api-manager-system\backend\MilkApiManager.Tests\bin\Debug\net8.0\MilkApiManager.Tests.dll" adapterTypeName="executor://xunit/VsTestRunner2/netcoreapp" className="MilkApiManager.Tests.Controllers.KeysControllerTests" name="CreateKey_EmptyOwner_ReturnsBadRequest" />
    </UnitTest>
    <UnitTest name="MilkApiManager.Tests.Controllers.AnalyticsControllerTests.GetRequests_30MinRange_Uses1mStep" storage="d:\tedtv_github\milk-api-manager-system\backend\milkapimanager.tests\bin\debug\net8.0\milkapimanager.tests.dll" id="3bfeef27-ed8e-1a20-81a1-47743f6cee91">
      <Execution id="b79ff240-7a31-476f-91a2-c6453fa3e8c1" />
      <TestMethod codeBase="D:\tedtv_github\milk-api-manager-system\backend\MilkApiManager.Tests\bin\Debug\net8.0\MilkApiManager.Tests.dll" adapterTypeName="executor://xunit/VsTestRunner2/netcoreapp" className="MilkApiManager.Tests.Controllers.AnalyticsControllerTests" name="GetRequests_30MinRange_Uses1mStep" />
    </UnitTest>
    <UnitTest name="MilkApiManager.Tests.Controllers.BlacklistControllerTests.UpdateBlacklist_EmptyIp_ReturnsBadRequest" storage="d:\tedtv_github\milk-api-manager-system\backend\milkapimanager.tests\bin\debug\net8.0\milkapimanager.tests.dll" id="3bfb4045-20a9-5a98-0ec9-5957e78a26d3">
      <Execution id="09eaece4-637f-4034-876d-63c31d4372ed" />
      <TestMethod codeBase="D:\tedtv_github\milk-api-manager-system\backend\MilkApiManager.Tests\bin\Debug\net8.0\MilkApiManager.Tests.dll" adapterTypeName="executor://xunit/VsTestRunner2/netcoreapp" className="MilkApiManager.Tests.Controllers.BlacklistControllerTests" name="UpdateBlacklist_EmptyIp_ReturnsBadRequest" />
    </UnitTest>
    <UnitTest name="MilkApiManager.Tests.Services.VaultServiceTests.RotateApiKeyAsync_ConsumerNotFound_ThrowsException" storage="d:\tedtv_github\milk-api-manager-system\backend\milkapimanager.tests\bin\debug\net8.0\milkapimanager.tests.dll" id="bde5c2bf-f32f-070d-8aff-1df3c60f213c">
      <Execution id="7471b5dc-5509-4dd4-b557-0dd222435afb" />
      <TestMethod codeBase="D:\tedtv_github\milk-api-manager-system\backend\MilkApiManager.Tests\bin\Debug\net8.0\MilkApiManager.Tests.dll" adapterTypeName="executor://xunit/VsTestRunner2/netcoreapp" className="MilkApiManager.Tests.Services.VaultServiceTests" name="RotateApiKeyAsync_ConsumerNotFound_ThrowsException" />
    </UnitTest>
    <UnitTest name="MilkApiManager.Tests.Controllers.AnalyticsControllerTests.GetRequests_WithConsumerFilter_PassesCorrectQuery" storage="d:\tedtv_github\milk-api-manager-system\backend\milkapimanager.tests\bin\debug\net8.0\milkapimanager.tests.dll" id="110106ff-6a89-ffa1-a9f3-2cac0d82a207">
      <Execution id="1f7f72dc-1f33-4364-9247-e15d9cd45c6f" />
      <TestMethod codeBase="D:\tedtv_github\milk-api-manager-system\backend\MilkApiManager.Tests\bin\Debug\net8.0\MilkApiManager.Tests.dll" adapterTypeName="executor://xunit/VsTestRunner2/netcoreapp" className="MilkApiManager.Tests.Controllers.AnalyticsControllerTests" name="GetRequests_WithConsumerFilter_PassesCorrectQuery" />
    </UnitTest>
    <UnitTest name="MilkApiManager.Tests.Controllers.BlacklistControllerTests.UpdateBlacklist_AddIp_Success" storage="d:\tedtv_github\milk-api-manager-system\backend\milkapimanager.tests\bin\debug\net8.0\milkapimanager.tests.dll" id="3a84ee62-fea2-fe62-213b-6c3075a5b626">
      <Execution id="0929565d-5f81-4d49-8869-1d03091e6a9e" />
      <TestMethod codeBase="D:\tedtv_github\milk-api-manager-system\backend\MilkApiManager.Tests\bin\Debug\net8.0\MilkApiManager.Tests.dll" adapterTypeName="executor://xunit/VsTestRunner2/netcoreapp" className="MilkApiManager.Tests.Controllers.BlacklistControllerTests" name="UpdateBlacklist_AddIp_Success" />
    </UnitTest>
    <UnitTest name="MilkApiManager.Tests.Controllers.RouteControllerTests.GetRoute_ExistingId_ReturnsOk" storage="d:\tedtv_github\milk-api-manager-system\backend\milkapimanager.tests\bin\debug\net8.0\milkapimanager.tests.dll" id="5ee4af1b-ea62-e2c1-2859-997484dfe483">
      <Execution id="a595dc5b-0385-4602-8bb2-3187d12325e9" />
      <TestMethod codeBase="D:\tedtv_github\milk-api-manager-system\backend\MilkApiManager.Tests\bin\Debug\net8.0\MilkApiManager.Tests.dll" adapterTypeName="executor://xunit/VsTestRunner2/netcoreapp" className="MilkApiManager.Tests.Controllers.RouteControllerTests" name="GetRoute_ExistingId_ReturnsOk" />
    </UnitTest>
    <UnitTest name="MilkApiManager.Tests.Services.VaultServiceTests.StoreSecretAsync_ReturnsVaultVersion" storage="d:\tedtv_github\milk-api-manager-system\backend\milkapimanager.tests\bin\debug\net8.0\milkapimanager.tests.dll" id="e287b8f7-92fb-0bb2-cc96-0975fc0cbda0">
      <Execution id="b29c5c3a-9bfc-4432-90d1-425aa4298507" />
      <TestMethod codeBase="D:\tedtv_github\milk-api-manager-system\backend\MilkApiManager.Tests\bin\Debug\net8.0\MilkApiManager.Tests.dll" adapterTypeName="executor://xunit/VsTestRunner2/netcoreapp" className="MilkApiManager.Tests.Services.VaultServiceTests" name="StoreSecretAsync_ReturnsVaultVersion" />
    </UnitTest>
    <UnitTest name="MilkApiManager.Tests.Controllers.AnalyticsControllerTests.GetRequests_DefaultQuery_ReturnsOk" storage="d:\tedtv_github\milk-api-manager-system\backend\milkapimanager.tests\bin\debug\net8.0\milkapimanager.tests.dll" id="370d7081-d79c-5f4a-cbb0-b5acb049e9f0">
      <Execution id="b4ec2aa3-aaa9-4fa6-a1f1-f15613537f8f" />
      <TestMethod codeBase="D:\tedtv_github\milk-api-manager-system\backend\MilkApiManager.Tests\bin\Debug\net8.0\MilkApiManager.Tests.dll" adapterTypeName="executor://xunit/VsTestRunner2/netcoreapp" className="MilkApiManager.Tests.Controllers.AnalyticsControllerTests" name="GetRequests_DefaultQuery_ReturnsOk" />
    </UnitTest>
    <UnitTest name="MilkApiManager.Tests.Controllers.ConsumerControllerTests.UpdateConsumer_ValidData_ReturnsOk" storage="d:\tedtv_github\milk-api-manager-system\backend\milkapimanager.tests\bin\debug\net8.0\milkapimanager.tests.dll" id="cdbdfb8e-d2d9-37d6-7d06-bb5d7f10b45f">
      <Execution id="5b6875c9-7915-41cc-9d23-76e724877f53" />
      <TestMethod codeBase="D:\tedtv_github\milk-api-manager-system\backend\MilkApiManager.Tests\bin\Debug\net8.0\MilkApiManager.Tests.dll" adapterTypeName="executor://xunit/VsTestRunner2/netcoreapp" className="MilkApiManager.Tests.Controllers.ConsumerControllerTests" name="UpdateConsumer_ValidData_ReturnsOk" />
    </UnitTest>
    <UnitTest name="MilkApiManager.Tests.Controllers.RouteControllerTests.DeleteRoute_OnException_Returns500" storage="d:\tedtv_github\milk-api-manager-system\backend\milkapimanager.tests\bin\debug\net8.0\milkapimanager.tests.dll" id="5e0cb60b-7d31-9b7c-269b-81895e1c71bb">
      <Execution id="a59b02b8-df4b-45fb-bad3-d7b9ce41ad9e" />
      <TestMethod codeBase="D:\tedtv_github\milk-api-manager-system\backend\MilkApiManager.Tests\bin\Debug\net8.0\MilkApiManager.Tests.dll" adapterTypeName="executor://xunit/VsTestRunner2/netcoreapp" className="MilkApiManager.Tests.Controllers.RouteControllerTests" name="DeleteRoute_OnException_Returns500" />
    </UnitTest>
    <UnitTest name="MilkApiManager.Tests.Controllers.KeysControllerTests.RotateKey_ConsumerNotFound_ReturnsBadRequest" storage="d:\tedtv_github\milk-api-manager-system\backend\milkapimanager.tests\bin\debug\net8.0\milkapimanager.tests.dll" id="b5c78d46-3501-2b25-ab10-329aed49f601">
      <Execution id="7908df31-5a44-4a13-b37f-dba4362cd6f7" />
      <TestMethod codeBase="D:\tedtv_github\milk-api-manager-system\backend\MilkApiManager.Tests\bin\Debug\net8.0\MilkApiManager.Tests.dll" adapterTypeName="executor://xunit/VsTestRunner2/netcoreapp" className="MilkApiManager.Tests.Controllers.KeysControllerTests" name="RotateKey_ConsumerNotFound_ReturnsBadRequest" />
    </UnitTest>
    <UnitTest name="MilkApiManager.Tests.Controllers.ConsumerControllerTests.DeleteConsumer_ValidUsername_ReturnsNoContent" storage="d:\tedtv_github\milk-api-manager-system\backend\milkapimanager.tests\bin\debug\net8.0\milkapimanager.tests.dll" id="e65cf953-889d-aed2-d800-b925c27e2698">
      <Execution id="071706ff-8d59-4033-81bd-969b369458b2" />
      <TestMethod codeBase="D:\tedtv_github\milk-api-manager-system\backend\MilkApiManager.Tests\bin\Debug\net8.0\MilkApiManager.Tests.dll" adapterTypeName="executor://xunit/VsTestRunner2/netcoreapp" className="MilkApiManager.Tests.Controllers.ConsumerControllerTests" name="DeleteConsumer_ValidUsername_ReturnsNoContent" />
    </UnitTest>
    <UnitTest name="MilkApiManager.Tests.Services.SecurityAutomationServiceTests.BlockMaliciousIP_UpdatesGlobalPlugin" storage="d:\tedtv_github\milk-api-manager-system\backend\milkapimanager.tests\bin\debug\net8.0\milkapimanager.tests.dll" id="48939886-2610-bfa9-5a1a-4f6bca067171">
      <Execution id="dd0f0d88-8dd3-4dec-92a7-1019d1477d6b" />
      <TestMethod codeBase="D:\tedtv_github\milk-api-manager-system\backend\MilkApiManager.Tests\bin\Debug\net8.0\MilkApiManager.Tests.dll" adapterTypeName="executor://xunit/VsTestRunner2/netcoreapp" className="MilkApiManager.Tests.Services.SecurityAutomationServiceTests" name="BlockMaliciousIP_UpdatesGlobalPlugin" />
    </UnitTest>
    <UnitTest name="MilkApiManager.Tests.Controllers.RouteControllerTests.GetRoute_NotFound_ReturnsNotFound" storage="d:\tedtv_github\milk-api-manager-system\backend\milkapimanager.tests\bin\debug\net8.0\milkapimanager.tests.dll" id="cf7dfd20-217b-7fe3-4df1-e60907a8898a">
      <Execution id="77d4490a-6d85-4d21-a8f5-a771f465d6a5" />
      <TestMethod codeBase="D:\tedtv_github\milk-api-manager-system\backend\MilkApiManager.Tests\bin\Debug\net8.0\MilkApiManager.Tests.dll" adapterTypeName="executor://xunit/VsTestRunner2/netcoreapp" className="MilkApiManager.Tests.Controllers.RouteControllerTests" name="GetRoute_NotFound_ReturnsNotFound" />
    </UnitTest>
    <UnitTest name="MilkApiManager.Tests.Controllers.KeysControllerTests.RotateKey_ValidConsumer_ReturnsOk" storage="d:\tedtv_github\milk-api-manager-system\backend\milkapimanager.tests\bin\debug\net8.0\milkapimanager.tests.dll" id="a2bb1cc4-140f-4800-98f6-acd08441c65e">
      <Execution id="03a88372-0adc-4e7b-94bd-564f6aec12a8" />
      <TestMethod codeBase="D:\tedtv_github\milk-api-manager-system\backend\MilkApiManager.Tests\bin\Debug\net8.0\MilkApiManager.Tests.dll" adapterTypeName="executor://xunit/VsTestRunner2/netcoreapp" className="MilkApiManager.Tests.Controllers.KeysControllerTests" name="RotateKey_ValidConsumer_ReturnsOk" />
    </UnitTest>
    <UnitTest name="MilkApiManager.Tests.Controllers.BlacklistControllerTests.UpdateBlacklist_NullRequest_ReturnsBadRequest" storage="d:\tedtv_github\milk-api-manager-system\backend\milkapimanager.tests\bin\debug\net8.0\milkapimanager.tests.dll" id="edd88934-1c5f-ff54-4d3f-96b2d317d4e5">
      <Execution id="1eae4670-e47c-47e5-b44a-66da243eec65" />
      <TestMethod codeBase="D:\tedtv_github\milk-api-manager-system\backend\MilkApiManager.Tests\bin\Debug\net8.0\MilkApiManager.Tests.dll" adapterTypeName="executor://xunit/VsTestRunner2/netcoreapp" className="MilkApiManager.Tests.Controllers.BlacklistControllerTests" name="UpdateBlacklist_NullRequest_ReturnsBadRequest" />
    </UnitTest>
    <UnitTest name="MilkApiManager.Tests.Controllers.BlacklistControllerTests.GetBlacklist_WithoutDbPersistence_ReturnsApisixData" storage="d:\tedtv_github\milk-api-manager-system\backend\milkapimanager.tests\bin\debug\net8.0\milkapimanager.tests.dll" id="17ffb620-7c55-ec71-d9bb-ff91adfa2120">
      <Execution id="9f07b232-246c-480d-969b-df18a0e879f7" />
      <TestMethod codeBase="D:\tedtv_github\milk-api-manager-system\backend\MilkApiManager.Tests\bin\Debug\net8.0\MilkApiManager.Tests.dll" adapterTypeName="executor://xunit/VsTestRunner2/netcoreapp" className="MilkApiManager.Tests.Controllers.BlacklistControllerTests" name="GetBlacklist_WithoutDbPersistence_ReturnsApisixData" />
    </UnitTest>
    <UnitTest name="MilkApiManager.Tests.Controllers.RouteControllerTests.UpdateRoute_NullConfig_ReturnsBadRequest" storage="d:\tedtv_github\milk-api-manager-system\backend\milkapimanager.tests\bin\debug\net8.0\milkapimanager.tests.dll" id="814b7ce3-6665-1726-8cab-b3b4b50b5ec9">
      <Execution id="1a587931-793c-4514-87a7-543b7cee43ae" />
      <TestMethod codeBase="D:\tedtv_github\milk-api-manager-system\backend\MilkApiManager.Tests\bin\Debug\net8.0\MilkApiManager.Tests.dll" adapterTypeName="executor://xunit/VsTestRunner2/netcoreapp" className="MilkApiManager.Tests.Controllers.RouteControllerTests" name="UpdateRoute_NullConfig_ReturnsBadRequest" />
    </UnitTest>
    <UnitTest name="MilkApiManager.Tests.Controllers.BlacklistControllerTests.GetBlacklist_WithDbPersistence_ReturnsDbEntries" storage="d:\tedtv_github\milk-api-manager-system\backend\milkapimanager.tests\bin\debug\net8.0\milkapimanager.tests.dll" id="b8459eec-149a-be21-ebc9-9b933f954f8f">
      <Execution id="96d6bbff-e49b-4295-8ae7-23518a3e026d" />
      <TestMethod codeBase="D:\tedtv_github\milk-api-manager-system\backend\MilkApiManager.Tests\bin\Debug\net8.0\MilkApiManager.Tests.dll" adapterTypeName="executor://xunit/VsTestRunner2/netcoreapp" className="MilkApiManager.Tests.Controllers.BlacklistControllerTests" name="GetBlacklist_WithDbPersistence_ReturnsDbEntries" />
    </UnitTest>
    <UnitTest name="MilkApiManager.Tests.Controllers.RouteControllerTests.GetRoutes_ReturnsOk" storage="d:\tedtv_github\milk-api-manager-system\backend\milkapimanager.tests\bin\debug\net8.0\milkapimanager.tests.dll" id="94170f4d-354a-76ad-996e-a4ab1a6d4701">
      <Execution id="5c243bce-006c-42d3-8bcd-24bbd43d4b0e" />
      <TestMethod codeBase="D:\tedtv_github\milk-api-manager-system\backend\MilkApiManager.Tests\bin\Debug\net8.0\MilkApiManager.Tests.dll" adapterTypeName="executor://xunit/VsTestRunner2/netcoreapp" className="MilkApiManager.Tests.Controllers.RouteControllerTests" name="GetRoutes_ReturnsOk" />
    </UnitTest>
    <UnitTest name="MilkApiManager.Tests.Controllers.KeysControllerTests.CreateKey_NullRequest_ReturnsBadRequest" storage="d:\tedtv_github\milk-api-manager-system\backend\milkapimanager.tests\bin\debug\net8.0\milkapimanager.tests.dll" id="289cfbcf-dc45-5944-6208-a749ef3d07d9">
      <Execution id="c1d5ee07-b26b-4a01-9fef-a030fb308a25" />
      <TestMethod codeBase="D:\tedtv_github\milk-api-manager-system\backend\MilkApiManager.Tests\bin\Debug\net8.0\MilkApiManager.Tests.dll" adapterTypeName="executor://xunit/VsTestRunner2/netcoreapp" className="MilkApiManager.Tests.Controllers.KeysControllerTests" name="CreateKey_NullRequest_ReturnsBadRequest" />
    </UnitTest>
    <UnitTest name="MilkApiManager.Tests.Controllers.BlacklistControllerTests.UpdateBlacklist_RemoveIp_Success" storage="d:\tedtv_github\milk-api-manager-system\backend\milkapimanager.tests\bin\debug\net8.0\milkapimanager.tests.dll" id="05ef748c-2f79-f6de-a6a8-92289af8d519">
      <Execution id="c49c3594-d093-4f08-bac2-92fc8be0bf04" />
      <TestMethod codeBase="D:\tedtv_github\milk-api-manager-system\backend\MilkApiManager.Tests\bin\Debug\net8.0\MilkApiManager.Tests.dll" adapterTypeName="executor://xunit/VsTestRunner2/netcoreapp" className="MilkApiManager.Tests.Controllers.BlacklistControllerTests" name="UpdateBlacklist_RemoveIp_Success" />
    </UnitTest>
    <UnitTest name="MilkApiManager.Tests.Controllers.ConsumerControllerTests.GetConsumers_ReturnsOk_WithConsumerList" storage="d:\tedtv_github\milk-api-manager-system\backend\milkapimanager.tests\bin\debug\net8.0\milkapimanager.tests.dll" id="d36d8574-0208-cc2a-7af3-d62933230c52">
      <Execution id="3a554a34-b134-4678-af37-d1c5b7765ba2" />
      <TestMethod codeBase="D:\tedtv_github\milk-api-manager-system\backend\MilkApiManager.Tests\bin\Debug\net8.0\MilkApiManager.Tests.dll" adapterTypeName="executor://xunit/VsTestRunner2/netcoreapp" className="MilkApiManager.Tests.Controllers.ConsumerControllerTests" name="GetConsumers_ReturnsOk_WithConsumerList" />
    </UnitTest>
    <UnitTest name="MilkApiManager.Tests.Controllers.ConsumerControllerTests.GetConsumers_OnException_Returns500" storage="d:\tedtv_github\milk-api-manager-system\backend\milkapimanager.tests\bin\debug\net8.0\milkapimanager.tests.dll" id="7b53913e-db83-f932-293a-4c4a6540abd8">
      <Execution id="9cb47dd0-275e-4a25-8c3c-eccbbc2baf2e" />
      <TestMethod codeBase="D:\tedtv_github\milk-api-manager-system\backend\MilkApiManager.Tests\bin\Debug\net8.0\MilkApiManager.Tests.dll" adapterTypeName="executor://xunit/VsTestRunner2/netcoreapp" className="MilkApiManager.Tests.Controllers.ConsumerControllerTests" name="GetConsumers_OnException_Returns500" />
    </UnitTest>
    <UnitTest name="MilkApiManager.Tests.Controllers.AnalyticsControllerTests.GetLatency_ReturnsOk" storage="d:\tedtv_github\milk-api-manager-system\backend\milkapimanager.tests\bin\debug\net8.0\milkapimanager.tests.dll" id="bccbbaae-beea-e322-af21-53e75d3fc408">
      <Execution id="ec4d210d-8d88-473a-b465-9f48d29475fb" />
      <TestMethod codeBase="D:\tedtv_github\milk-api-manager-system\backend\MilkApiManager.Tests\bin\Debug\net8.0\MilkApiManager.Tests.dll" adapterTypeName="executor://xunit/VsTestRunner2/netcoreapp" className="MilkApiManager.Tests.Controllers.AnalyticsControllerTests" name="GetLatency_ReturnsOk" />
    </UnitTest>
    <UnitTest name="MilkApiManager.Tests.Services.VaultServiceTests.RotateApiKeyAsync_ValidConsumer_ReturnsNewKey" storage="d:\tedtv_github\milk-api-manager-system\backend\milkapimanager.tests\bin\debug\net8.0\milkapimanager.tests.dll" id="a47346ea-59d6-3290-22bb-209b987ff2f0">
      <Execution id="35c39012-7f2f-4dd7-9903-3f653dc995a5" />
      <TestMethod codeBase="D:\tedtv_github\milk-api-manager-system\backend\MilkApiManager.Tests\bin\Debug\net8.0\MilkApiManager.Tests.dll" adapterTypeName="executor://xunit/VsTestRunner2/netcoreapp" className="MilkApiManager.Tests.Services.VaultServiceTests" name="RotateApiKeyAsync_ValidConsumer_ReturnsNewKey" />
    </UnitTest>
  </TestDefinitions>
  <TestEntries>
    <TestEntry testId="e65cf953-889d-aed2-d800-b925c27e2698" executionId="071706ff-8d59-4033-81bd-969b369458b2" testListId="8c84fa94-04c1-424b-9868-57a2d4851a1d" />
    <TestEntry testId="8558042f-5426-e996-6b1d-e2b2fa85119d" executionId="523eac33-3048-4f24-ae21-cd0cf97dbd26" testListId="8c84fa94-04c1-424b-9868-57a2d4851a1d" />
    <TestEntry testId="110106ff-6a89-ffa1-a9f3-2cac0d82a207" executionId="1f7f72dc-1f33-4364-9247-e15d9cd45c6f" testListId="8c84fa94-04c1-424b-9868-57a2d4851a1d" />
    <TestEntry testId="94170f4d-354a-76ad-996e-a4ab1a6d4701" executionId="5c243bce-006c-42d3-8bcd-24bbd43d4b0e" testListId="8c84fa94-04c1-424b-9868-57a2d4851a1d" />
    <TestEntry testId="bde5c2bf-f32f-070d-8aff-1df3c60f213c" executionId="7471b5dc-5509-4dd4-b557-0dd222435afb" testListId="8c84fa94-04c1-424b-9868-57a2d4851a1d" />
    <TestEntry testId="d36d8574-0208-cc2a-7af3-d62933230c52" executionId="3a554a34-b134-4678-af37-d1c5b7765ba2" testListId="8c84fa94-04c1-424b-9868-57a2d4851a1d" />
    <TestEntry testId="05ef748c-2f79-f6de-a6a8-92289af8d519" executionId="c49c3594-d093-4f08-bac2-92fc8be0bf04" testListId="8c84fa94-04c1-424b-9868-57a2d4851a1d" />
    <TestEntry testId="e494bac7-a81f-608c-c1ca-c0f81c3d6290" executionId="37af9093-33d0-457a-a17b-9c7742a15d46" testListId="8c84fa94-04c1-424b-9868-57a2d4851a1d" />
    <TestEntry testId="17ffb620-7c55-ec71-d9bb-ff91adfa2120" executionId="9f07b232-246c-480d-969b-df18a0e879f7" testListId="8c84fa94-04c1-424b-9868-57a2d4851a1d" />
    <TestEntry testId="b5c78d46-3501-2b25-ab10-329aed49f601" executionId="7908df31-5a44-4a13-b37f-dba4362cd6f7" testListId="8c84fa94-04c1-424b-9868-57a2d4851a1d" />
    <TestEntry testId="a47346ea-59d6-3290-22bb-209b987ff2f0" executionId="35c39012-7f2f-4dd7-9903-3f653dc995a5" testListId="8c84fa94-04c1-424b-9868-57a2d4851a1d" />
    <TestEntry testId="3a84ee62-fea2-fe62-213b-6c3075a5b626" executionId="0929565d-5f81-4d49-8869-1d03091e6a9e" testListId="8c84fa94-04c1-424b-9868-57a2d4851a1d" />
    <TestEntry testId="cf7dfd20-217b-7fe3-4df1-e60907a8898a" executionId="77d4490a-6d85-4d21-a8f5-a771f465d6a5" testListId="8c84fa94-04c1-424b-9868-57a2d4851a1d" />
    <TestEntry testId="d722efba-a895-15b2-2e76-a6c7212a6ca3" executionId="bc1151c4-f4a7-4015-8315-92b3df7d0468" testListId="8c84fa94-04c1-424b-9868-57a2d4851a1d" />
    <TestEntry testId="7eab8404-cbf1-7039-27da-f394678f7239" executionId="cfc82a45-baef-4ff5-9349-65c8477a10a0" testListId="8c84fa94-04c1-424b-9868-57a2d4851a1d" />
    <TestEntry testId="1eccb42e-70c7-47aa-2523-f16f35ecaf7b" executionId="8faff623-8c01-4854-949c-e182b6c36b8d" testListId="8c84fa94-04c1-424b-9868-57a2d4851a1d" />
    <TestEntry testId="b7ee710f-6fb6-f9fa-21e2-53f2a613ae91" executionId="df89bfb9-f108-41f5-92a2-21281e31c90b" testListId="8c84fa94-04c1-424b-9868-57a2d4851a1d" />
    <TestEntry testId="27c418af-6c9d-d1e9-eb04-f83c7936c883" executionId="4a50d213-c439-4c0a-a932-963a56462f8e" testListId="8c84fa94-04c1-424b-9868-57a2d4851a1d" />
    <TestEntry testId="9a42b642-59ef-5e88-e9ab-d6b051ed7f14" executionId="01a14aee-54f4-4150-861e-0198ec22e8e7" testListId="8c84fa94-04c1-424b-9868-57a2d4851a1d" />
    <TestEntry testId="e933aab0-3972-a552-08b0-3eca228605a2" executionId="3571439c-443d-47a7-8e76-eb7233dfbfc7" testListId="8c84fa94-04c1-424b-9868-57a2d4851a1d" />
    <TestEntry testId="50abf8f7-1597-2f0c-9ae5-bda1633d807a" executionId="796df724-576f-4ff4-8131-9028bb41b563" testListId="8c84fa94-04c1-424b-9868-57a2d4851a1d" />
    <TestEntry testId="82c2e491-1a42-73fd-f751-39957ddf0284" executionId="3f48ca8c-9343-4ba9-ae7f-7b7f697e44f7" testListId="8c84fa94-04c1-424b-9868-57a2d4851a1d" />
    <TestEntry testId="48939886-2610-bfa9-5a1a-4f6bca067171" executionId="dd0f0d88-8dd3-4dec-92a7-1019d1477d6b" testListId="8c84fa94-04c1-424b-9868-57a2d4851a1d" />
    <TestEntry testId="cdbdfb8e-d2d9-37d6-7d06-bb5d7f10b45f" executionId="5b6875c9-7915-41cc-9d23-76e724877f53" testListId="8c84fa94-04c1-424b-9868-57a2d4851a1d" />
    <TestEntry testId="27ffc991-1d89-21e1-ab97-51da2dc12093" executionId="c1d49ac8-10f5-492d-b26a-5e31174fc347" testListId="8c84fa94-04c1-424b-9868-57a2d4851a1d" />
    <TestEntry testId="370d7081-d79c-5f4a-cbb0-b5acb049e9f0" executionId="b4ec2aa3-aaa9-4fa6-a1f1-f15613537f8f" testListId="8c84fa94-04c1-424b-9868-57a2d4851a1d" />
    <TestEntry testId="e287b8f7-92fb-0bb2-cc96-0975fc0cbda0" executionId="b29c5c3a-9bfc-4432-90d1-425aa4298507" testListId="8c84fa94-04c1-424b-9868-57a2d4851a1d" />
    <TestEntry testId="fff45362-244a-e905-dd5c-5de088c6e234" executionId="d4add8c6-3922-499a-84eb-05581a63c98d" testListId="8c84fa94-04c1-424b-9868-57a2d4851a1d" />
    <TestEntry testId="289cfbcf-dc45-5944-6208-a749ef3d07d9" executionId="c1d5ee07-b26b-4a01-9fef-a030fb308a25" testListId="8c84fa94-04c1-424b-9868-57a2d4851a1d" />
    <TestEntry testId="6b60f256-0e87-f397-6804-dd266e5ecc8b" executionId="75bb9134-2ff7-4818-8919-91b929095702" testListId="8c84fa94-04c1-424b-9868-57a2d4851a1d" />
    <TestEntry testId="436f838a-f834-c168-2b5f-1cae83e1dff7" executionId="59e1e604-4d5c-4cb6-8253-5d74ff278e27" testListId="8c84fa94-04c1-424b-9868-57a2d4851a1d" />
    <TestEntry testId="3bfeef27-ed8e-1a20-81a1-47743f6cee91" executionId="b79ff240-7a31-476f-91a2-c6453fa3e8c1" testListId="8c84fa94-04c1-424b-9868-57a2d4851a1d" />
    <TestEntry testId="814b7ce3-6665-1726-8cab-b3b4b50b5ec9" executionId="1a587931-793c-4514-87a7-543b7cee43ae" testListId="8c84fa94-04c1-424b-9868-57a2d4851a1d" />
    <TestEntry testId="0f88c195-e72d-9aea-2746-33a425a5ba38" executionId="62f5a974-7cfa-417f-814b-274684a1184e" testListId="8c84fa94-04c1-424b-9868-57a2d4851a1d" />
    <TestEntry testId="edd88934-1c5f-ff54-4d3f-96b2d317d4e5" executionId="1eae4670-e47c-47e5-b44a-66da243eec65" testListId="8c84fa94-04c1-424b-9868-57a2d4851a1d" />
    <TestEntry testId="4aceafe3-797c-d774-2c64-d158b18b6380" executionId="e81211aa-dd7a-4736-a2ca-3dff730559f7" testListId="8c84fa94-04c1-424b-9868-57a2d4851a1d" />
    <TestEntry testId="3bfb4045-20a9-5a98-0ec9-5957e78a26d3" executionId="09eaece4-637f-4034-876d-63c31d4372ed" testListId="8c84fa94-04c1-424b-9868-57a2d4851a1d" />
    <TestEntry testId="5e0cb60b-7d31-9b7c-269b-81895e1c71bb" executionId="a59b02b8-df4b-45fb-bad3-d7b9ce41ad9e" testListId="8c84fa94-04c1-424b-9868-57a2d4851a1d" />
    <TestEntry testId="a1930016-3903-52e5-425e-5ff328905ac4" executionId="ee2b6c82-dab1-4972-beeb-33c38c835fb4" testListId="8c84fa94-04c1-424b-9868-57a2d4851a1d" />
    <TestEntry testId="58c4f78c-cffc-0fa4-ff0b-5a8c9f7dfd25" executionId="af6d38ed-8725-45d0-96de-d5c51e677844" testListId="8c84fa94-04c1-424b-9868-57a2d4851a1d" />
    <TestEntry testId="a2bb1cc4-140f-4800-98f6-acd08441c65e" executionId="03a88372-0adc-4e7b-94bd-564f6aec12a8" testListId="8c84fa94-04c1-424b-9868-57a2d4851a1d" />
    <TestEntry testId="7b53913e-db83-f932-293a-4c4a6540abd8" executionId="9cb47dd0-275e-4a25-8c3c-eccbbc2baf2e" testListId="8c84fa94-04c1-424b-9868-57a2d4851a1d" />
    <TestEntry testId="8cf132ed-98ed-182d-bce0-822650c102f3" executionId="c3be8cf7-37fb-48c3-b81c-e9ca05c8ddf3" testListId="8c84fa94-04c1-424b-9868-57a2d4851a1d" />
    <TestEntry testId="b8459eec-149a-be21-ebc9-9b933f954f8f" executionId="96d6bbff-e49b-4295-8ae7-23518a3e026d" testListId="8c84fa94-04c1-424b-9868-57a2d4851a1d" />
    <TestEntry testId="5ee4af1b-ea62-e2c1-2859-997484dfe483" executionId="a595dc5b-0385-4602-8bb2-3187d12325e9" testListId="8c84fa94-04c1-424b-9868-57a2d4851a1d" />
    <TestEntry testId="beaa704d-5f7e-744f-aa6b-6b335c446ea3" executionId="4aa67b48-707c-43c9-99d9-6f8dcfe9f6cf" testListId="8c84fa94-04c1-424b-9868-57a2d4851a1d" />
    <TestEntry testId="26411c7b-09b9-c413-c882-bd42cb05231b" executionId="29f99aaa-350a-471d-b23b-db8c635f99c8" testListId="8c84fa94-04c1-424b-9868-57a2d4851a1d" />
    <TestEntry testId="bccbbaae-beea-e322-af21-53e75d3fc408" executionId="ec4d210d-8d88-473a-b465-9f48d29475fb" testListId="8c84fa94-04c1-424b-9868-57a2d4851a1d" />
  </TestEntries>
  <TestLists>
    <TestList name="不在清單中的結果" id="8c84fa94-04c1-424b-9868-57a2d4851a1d" />
    <TestList name="所有載入的結果" id="19431567-8539-422a-85d7-44ee4e166bda" />
  </TestLists>
  <ResultSummary outcome="Completed">
    <Counters total="48" executed="48" passed="48" failed="0" error="0" timeout="0" aborted="0" inconclusive="0" passedButRunAborted="0" notRunnable="0" notExecuted="0" disconnected="0" warning="0" completed="0" inProgress="0" pending="0" />
    <Output>
      <StdOut>[xUnit.net 00:00:00.00] xUnit.net VSTest Adapter v2.5.3.1+6b60a9e56a (64-bit .NET 8.0.23)&#xD;
[xUnit.net 00:00:00.55]   Discovering: MilkApiManager.Tests&#xD;
[xUnit.net 00:00:00.58]   Discovered:  MilkApiManager.Tests&#xD;
[xUnit.net 00:00:00.58]   Starting:    MilkApiManager.Tests&#xD;
[SECURITY] �����첧�`�y�q�AIP: 10.0.0.99, ��]: DDoS attack. ����۰ʪ��_...&#xD;
[xUnit.net 00:00:01.89]   Finished:    MilkApiManager.Tests&#xD;
</StdOut>
    </Output>
  </ResultSummary>
</TestRun>